{"/Users/connor/repos/Practice/workout/Workout/src/App.tsx": {"path":"/Users/connor/repos/Practice/workout/Workout/src/App.tsx","statementMap":{"0":{"start":{"line":19,"column":21},"end":{"line":19,"column":null}},"1":{"start":{"line":21,"column":12},"end":{"line":48,"column":null}},"2":{"start":{"line":22,"column":19},"end":{"line":22,"column":null}},"3":{"start":{"line":24,"column":2},"end":{"line":26,"column":null}},"4":{"start":{"line":25,"column":4},"end":{"line":25,"column":null}},"5":{"start":{"line":28,"column":2},"end":{"line":46,"column":null}}},"fnMap":{"0":{"name":"(anonymous_0)","decl":{"start":{"line":21,"column":12},"end":{"line":21,"column":18}},"loc":{"start":{"line":21,"column":18},"end":{"line":48,"column":null}}},"1":{"name":"(anonymous_1)","decl":{"start":{"line":24,"column":12},"end":{"line":24,"column":18}},"loc":{"start":{"line":24,"column":18},"end":{"line":26,"column":5}}}},"branchMap":{},"s":{"0":0,"1":0,"2":0,"3":0,"4":0,"5":0},"f":{"0":0,"1":0},"b":{}}
,"/Users/connor/repos/Practice/workout/Workout/src/main.tsx": {"path":"/Users/connor/repos/Practice/workout/Workout/src/main.tsx","statementMap":{"0":{"start":{"line":8,"column":0},"end":{"line":14,"column":null}}},"fnMap":{},"branchMap":{},"s":{"0":0},"f":{},"b":{}}
,"/Users/connor/repos/Practice/workout/Workout/src/components/Activity.tsx": {"path":"/Users/connor/repos/Practice/workout/Workout/src/components/Activity.tsx","statementMap":{"0":{"start":{"line":14,"column":49},"end":{"line":210,"column":null}},"1":{"start":{"line":17,"column":19},"end":{"line":17,"column":null}},"2":{"start":{"line":18,"column":15},"end":{"line":18,"column":null}},"3":{"start":{"line":18,"column":49},"end":{"line":18,"column":59}},"4":{"start":{"line":19,"column":17},"end":{"line":19,"column":null}},"5":{"start":{"line":20,"column":36},"end":{"line":20,"column":null}},"6":{"start":{"line":21,"column":34},"end":{"line":30,"column":null}},"7":{"start":{"line":22,"column":4},"end":{"line":26,"column":null}},"8":{"start":{"line":23,"column":6},"end":{"line":23,"column":null}},"9":{"start":{"line":24,"column":4},"end":{"line":26,"column":null}},"10":{"start":{"line":25,"column":6},"end":{"line":25,"column":null}},"11":{"start":{"line":27,"column":4},"end":{"line":28,"column":null}},"12":{"start":{"line":31,"column":34},"end":{"line":33,"column":null}},"13":{"start":{"line":35,"column":21},"end":{"line":51,"column":null}},"14":{"start":{"line":36,"column":4},"end":{"line":36,"column":null}},"15":{"start":{"line":37,"column":4},"end":{"line":37,"column":null}},"16":{"start":{"line":44,"column":4},"end":{"line":50,"column":null}},"17":{"start":{"line":45,"column":6},"end":{"line":45,"column":null}},"18":{"start":{"line":47,"column":6},"end":{"line":47,"column":null}},"19":{"start":{"line":48,"column":6},"end":{"line":48,"column":null}},"20":{"start":{"line":49,"column":6},"end":{"line":49,"column":null}},"21":{"start":{"line":53,"column":23},"end":{"line":65,"column":null}},"22":{"start":{"line":54,"column":4},"end":{"line":54,"column":null}},"23":{"start":{"line":55,"column":4},"end":{"line":55,"column":null}},"24":{"start":{"line":57,"column":4},"end":{"line":64,"column":null}},"25":{"start":{"line":58,"column":6},"end":{"line":58,"column":null}},"26":{"start":{"line":59,"column":4},"end":{"line":64,"column":null}},"27":{"start":{"line":60,"column":6},"end":{"line":60,"column":null}},"28":{"start":{"line":61,"column":6},"end":{"line":61,"column":null}},"29":{"start":{"line":63,"column":6},"end":{"line":63,"column":null}},"30":{"start":{"line":67,"column":2},"end":{"line":79,"column":null}},"31":{"start":{"line":68,"column":4},"end":{"line":78,"column":null}},"32":{"start":{"line":73,"column":6},"end":{"line":75,"column":null}},"33":{"start":{"line":77,"column":6},"end":{"line":77,"column":null}},"34":{"start":{"line":81,"column":2},"end":{"line":84,"column":null}},"35":{"start":{"line":82,"column":4},"end":{"line":82,"column":null}},"36":{"start":{"line":83,"column":4},"end":{"line":83,"column":null}},"37":{"start":{"line":86,"column":2},"end":{"line":208,"column":null}}},"fnMap":{"0":{"name":"(anonymous_0)","decl":{"start":{"line":14,"column":49},"end":{"line":14,"column":50}},"loc":{"start":{"line":16,"column":34},"end":{"line":210,"column":null}}},"1":{"name":"(anonymous_1)","decl":{"start":{"line":18,"column":27},"end":{"line":18,"column":28}},"loc":{"start":{"line":18,"column":49},"end":{"line":18,"column":59}}},"2":{"name":"(anonymous_2)","decl":{"start":{"line":21,"column":43},"end":{"line":21,"column":49}},"loc":{"start":{"line":21,"column":49},"end":{"line":30,"column":3}}},"3":{"name":"(anonymous_3)","decl":{"start":{"line":35,"column":21},"end":{"line":35,"column":28}},"loc":{"start":{"line":35,"column":56},"end":{"line":51,"column":null}}},"4":{"name":"(anonymous_4)","decl":{"start":{"line":53,"column":23},"end":{"line":53,"column":30}},"loc":{"start":{"line":53,"column":58},"end":{"line":65,"column":null}}},"5":{"name":"(anonymous_5)","decl":{"start":{"line":67,"column":12},"end":{"line":67,"column":18}},"loc":{"start":{"line":67,"column":18},"end":{"line":79,"column":5}}},"6":{"name":"(anonymous_6)","decl":{"start":{"line":81,"column":12},"end":{"line":81,"column":18}},"loc":{"start":{"line":81,"column":18},"end":{"line":84,"column":5}}}},"branchMap":{"0":{"loc":{"start":{"line":20,"column":45},"end":{"line":20,"column":72}},"type":"binary-expr","locations":[{"start":{"line":20,"column":45},"end":{"line":20,"column":71}},{"start":{"line":20,"column":71},"end":{"line":20,"column":72}}]},"1":{"loc":{"start":{"line":22,"column":4},"end":{"line":26,"column":null}},"type":"if","locations":[{"start":{"line":22,"column":4},"end":{"line":26,"column":null}},{"start":{"line":24,"column":4},"end":{"line":26,"column":null}}]},"2":{"loc":{"start":{"line":24,"column":4},"end":{"line":26,"column":null}},"type":"if","locations":[{"start":{"line":24,"column":4},"end":{"line":26,"column":null}},{"start":{},"end":{}}]},"3":{"loc":{"start":{"line":24,"column":15},"end":{"line":24,"column":46}},"type":"binary-expr","locations":[{"start":{"line":24,"column":15},"end":{"line":24,"column":37}},{"start":{"line":24,"column":37},"end":{"line":24,"column":46}}]},"4":{"loc":{"start":{"line":28,"column":6},"end":{"line":28,"column":null}},"type":"binary-expr","locations":[{"start":{"line":28,"column":6},"end":{"line":28,"column":70}},{"start":{"line":28,"column":70},"end":{"line":28,"column":null}}]},"5":{"loc":{"start":{"line":32,"column":4},"end":{"line":32,"column":null}},"type":"binary-expr","locations":[{"start":{"line":32,"column":4},"end":{"line":32,"column":41}},{"start":{"line":32,"column":41},"end":{"line":32,"column":null}}]},"6":{"loc":{"start":{"line":44,"column":4},"end":{"line":50,"column":null}},"type":"if","locations":[{"start":{"line":44,"column":4},"end":{"line":50,"column":null}},{"start":{"line":46,"column":11},"end":{"line":50,"column":null}}]},"7":{"loc":{"start":{"line":48,"column":20},"end":{"line":48,"column":51}},"type":"binary-expr","locations":[{"start":{"line":48,"column":20},"end":{"line":48,"column":46}},{"start":{"line":48,"column":46},"end":{"line":48,"column":51}}]},"8":{"loc":{"start":{"line":57,"column":4},"end":{"line":64,"column":null}},"type":"if","locations":[{"start":{"line":57,"column":4},"end":{"line":64,"column":null}},{"start":{"line":59,"column":4},"end":{"line":64,"column":null}}]},"9":{"loc":{"start":{"line":59,"column":4},"end":{"line":64,"column":null}},"type":"if","locations":[{"start":{"line":59,"column":4},"end":{"line":64,"column":null}},{"start":{"line":62,"column":11},"end":{"line":64,"column":null}}]},"10":{"loc":{"start":{"line":59,"column":15},"end":{"line":59,"column":76}},"type":"binary-expr","locations":[{"start":{"line":59,"column":15},"end":{"line":59,"column":36}},{"start":{"line":59,"column":36},"end":{"line":59,"column":46}},{"start":{"line":59,"column":46},"end":{"line":59,"column":76}}]},"11":{"loc":{"start":{"line":68,"column":4},"end":{"line":78,"column":null}},"type":"if","locations":[{"start":{"line":68,"column":4},"end":{"line":78,"column":null}},{"start":{"line":76,"column":11},"end":{"line":78,"column":null}}]},"12":{"loc":{"start":{"line":69,"column":6},"end":{"line":71,"column":null}},"type":"binary-expr","locations":[{"start":{"line":69,"column":6},"end":{"line":69,"column":null}},{"start":{"line":70,"column":6},"end":{"line":70,"column":null}},{"start":{"line":71,"column":6},"end":{"line":71,"column":null}}]},"13":{"loc":{"start":{"line":74,"column":8},"end":{"line":74,"column":null}},"type":"binary-expr","locations":[{"start":{"line":74,"column":8},"end":{"line":74,"column":72}},{"start":{"line":74,"column":72},"end":{"line":74,"column":null}}]},"14":{"loc":{"start":{"line":82,"column":17},"end":{"line":82,"column":44}},"type":"binary-expr","locations":[{"start":{"line":82,"column":17},"end":{"line":82,"column":43}},{"start":{"line":82,"column":43},"end":{"line":82,"column":44}}]},"15":{"loc":{"start":{"line":83,"column":16},"end":{"line":83,"column":58}},"type":"binary-expr","locations":[{"start":{"line":83,"column":16},"end":{"line":83,"column":53}},{"start":{"line":83,"column":53},"end":{"line":83,"column":58}}]},"16":{"loc":{"start":{"line":100,"column":11},"end":{"line":136,"column":null}},"type":"cond-expr","locations":[{"start":{"line":101,"column":12},"end":{"line":118,"column":null}},{"start":{"line":120,"column":12},"end":{"line":136,"column":null}}]},"17":{"loc":{"start":{"line":107,"column":17},"end":{"line":109,"column":44}},"type":"cond-expr","locations":[{"start":{"line":108,"column":20},"end":{"line":108,"column":null}},{"start":{"line":109,"column":20},"end":{"line":109,"column":44}}]},"18":{"loc":{"start":{"line":126,"column":17},"end":{"line":128,"column":44}},"type":"cond-expr","locations":[{"start":{"line":127,"column":20},"end":{"line":127,"column":null}},{"start":{"line":128,"column":20},"end":{"line":128,"column":44}}]},"19":{"loc":{"start":{"line":158,"column":13},"end":{"line":174,"column":null}},"type":"cond-expr","locations":[{"start":{"line":162,"column":14},"end":{"line":162,"column":null}},{"start":{"line":164,"column":14},"end":{"line":174,"column":null}}]},"20":{"loc":{"start":{"line":158,"column":13},"end":{"line":161,"column":null}},"type":"binary-expr","locations":[{"start":{"line":158,"column":13},"end":{"line":158,"column":null}},{"start":{"line":159,"column":12},"end":{"line":159,"column":null}},{"start":{"line":160,"column":12},"end":{"line":160,"column":null}},{"start":{"line":161,"column":12},"end":{"line":161,"column":null}}]},"21":{"loc":{"start":{"line":187,"column":15},"end":{"line":202,"column":null}},"type":"cond-expr","locations":[{"start":{"line":191,"column":16},"end":{"line":191,"column":null}},{"start":{"line":193,"column":16},"end":{"line":202,"column":null}}]},"22":{"loc":{"start":{"line":187,"column":15},"end":{"line":190,"column":null}},"type":"binary-expr","locations":[{"start":{"line":187,"column":15},"end":{"line":187,"column":null}},{"start":{"line":188,"column":14},"end":{"line":188,"column":null}},{"start":{"line":189,"column":14},"end":{"line":189,"column":null}},{"start":{"line":190,"column":14},"end":{"line":190,"column":null}}]}},"s":{"0":3,"1":53,"2":53,"3":88,"4":53,"5":53,"6":53,"7":35,"8":8,"9":27,"10":5,"11":22,"12":53,"13":53,"14":1,"15":1,"16":1,"17":0,"18":1,"19":1,"20":1,"21":53,"22":1,"23":1,"24":1,"25":0,"26":1,"27":1,"28":1,"29":0,"30":53,"31":35,"32":0,"33":35,"34":53,"35":35,"36":35,"37":53},"f":{"0":53,"1":88,"2":35,"3":1,"4":1,"5":35,"6":35},"b":{"0":[53,0],"1":[8,27],"2":[5,22],"3":[27,22],"4":[22,22],"5":[53,0],"6":[0,1],"7":[1,1],"8":[0,1],"9":[1,0],"10":[1,1,1],"11":[0,35],"12":[35,30,30],"13":[0,0],"14":[35,0],"15":[35,0],"16":[33,20],"17":[0,33],"18":[0,20],"19":[24,29],"20":[53,48,31,31],"21":[24,29],"22":[53,48,31,31]}}
,"/Users/connor/repos/Practice/workout/Workout/src/components/ActivitySelector.tsx": {"path":"/Users/connor/repos/Practice/workout/Workout/src/components/ActivitySelector.tsx","statementMap":{"0":{"start":{"line":13,"column":5},"end":{"line":88,"column":null}},"1":{"start":{"line":14,"column":2},"end":{"line":86,"column":null}}},"fnMap":{"0":{"name":"(anonymous_0)","decl":{"start":{"line":13,"column":5},"end":{"line":13,"column":6}},"loc":{"start":{"line":13,"column":41},"end":{"line":88,"column":null}}}},"branchMap":{"0":{"loc":{"start":{"line":23,"column":9},"end":{"line":50,"column":null}},"type":"cond-expr","locations":[{"start":{"line":24,"column":10},"end":{"line":36,"column":null}},{"start":{"line":38,"column":10},"end":{"line":50,"column":null}}]},"1":{"loc":{"start":{"line":75,"column":11},"end":{"line":82,"column":null}},"type":"cond-expr","locations":[{"start":{"line":76,"column":12},"end":{"line":76,"column":null}},{"start":{"line":78,"column":12},"end":{"line":82,"column":null}}]}},"s":{"0":2,"1":30},"f":{"0":30},"b":{"0":[0,30],"1":[0,30]}}
,"/Users/connor/repos/Practice/workout/Workout/src/components/CalorieGraph.tsx": {"path":"/Users/connor/repos/Practice/workout/Workout/src/components/CalorieGraph.tsx","statementMap":{"0":{"start":{"line":7,"column":5},"end":{"line":35,"column":null}},"1":{"start":{"line":8,"column":25},"end":{"line":20,"column":null}},"2":{"start":{"line":9,"column":20},"end":{"line":9,"column":null}},"3":{"start":{"line":10,"column":26},"end":{"line":17,"column":null}},"4":{"start":{"line":11,"column":6},"end":{"line":15,"column":null}},"5":{"start":{"line":12,"column":8},"end":{"line":12,"column":null}},"6":{"start":{"line":13,"column":6},"end":{"line":15,"column":null}},"7":{"start":{"line":14,"column":8},"end":{"line":14,"column":null}},"8":{"start":{"line":16,"column":6},"end":{"line":16,"column":null}},"9":{"start":{"line":19,"column":4},"end":{"line":19,"column":null}},"10":{"start":{"line":22,"column":21},"end":{"line":22,"column":null}},"11":{"start":{"line":24,"column":2},"end":{"line":33,"column":null}}},"fnMap":{"0":{"name":"(anonymous_0)","decl":{"start":{"line":7,"column":5},"end":{"line":7,"column":6}},"loc":{"start":{"line":7,"column":25},"end":{"line":35,"column":null}}},"1":{"name":"(anonymous_1)","decl":{"start":{"line":8,"column":53},"end":{"line":8,"column":54}},"loc":{"start":{"line":8,"column":62},"end":{"line":20,"column":3}}},"2":{"name":"(anonymous_2)","decl":{"start":{"line":10,"column":41},"end":{"line":10,"column":42}},"loc":{"start":{"line":10,"column":60},"end":{"line":17,"column":7}}}},"branchMap":{"0":{"loc":{"start":{"line":11,"column":6},"end":{"line":15,"column":null}},"type":"if","locations":[{"start":{"line":11,"column":6},"end":{"line":15,"column":null}},{"start":{"line":13,"column":6},"end":{"line":15,"column":null}}]},"1":{"loc":{"start":{"line":12,"column":22},"end":{"line":12,"column":null}},"type":"binary-expr","locations":[{"start":{"line":12,"column":22},"end":{"line":12,"column":43}},{"start":{"line":12,"column":43},"end":{"line":12,"column":null}}]},"2":{"loc":{"start":{"line":13,"column":6},"end":{"line":15,"column":null}},"type":"if","locations":[{"start":{"line":13,"column":6},"end":{"line":15,"column":null}},{"start":{},"end":{}}]},"3":{"loc":{"start":{"line":14,"column":22},"end":{"line":14,"column":null}},"type":"binary-expr","locations":[{"start":{"line":14,"column":22},"end":{"line":14,"column":43}},{"start":{"line":14,"column":43},"end":{"line":14,"column":null}}]}},"s":{"0":1,"1":9,"2":35,"3":35,"4":0,"5":0,"6":0,"7":0,"8":0,"9":35,"10":9,"11":9},"f":{"0":9,"1":35,"2":0},"b":{"0":[0,0],"1":[0,0],"2":[0,0],"3":[0,0]}}
,"/Users/connor/repos/Practice/workout/Workout/src/components/Comment.tsx": {"path":"/Users/connor/repos/Practice/workout/Workout/src/components/Comment.tsx","statementMap":{"0":{"start":{"line":11,"column":55},"end":{"line":37,"column":null}},"1":{"start":{"line":12,"column":15},"end":{"line":12,"column":null}},"2":{"start":{"line":12,"column":49},"end":{"line":12,"column":59}},"3":{"start":{"line":13,"column":17},"end":{"line":13,"column":null}},"4":{"start":{"line":15,"column":2},"end":{"line":35,"column":null}}},"fnMap":{"0":{"name":"(anonymous_0)","decl":{"start":{"line":11,"column":55},"end":{"line":11,"column":56}},"loc":{"start":{"line":11,"column":72},"end":{"line":37,"column":null}}},"1":{"name":"(anonymous_1)","decl":{"start":{"line":12,"column":27},"end":{"line":12,"column":28}},"loc":{"start":{"line":12,"column":49},"end":{"line":12,"column":59}}}},"branchMap":{"0":{"loc":{"start":{"line":32,"column":14},"end":{"line":32,"column":null}},"type":"cond-expr","locations":[{"start":{"line":32,"column":48},"end":{"line":32,"column":55}},{"start":{"line":32,"column":55},"end":{"line":32,"column":null}}]}},"s":{"0":2,"1":19,"2":31,"3":19,"4":19},"f":{"0":19,"1":31},"b":{"0":[0,19]}}
,"/Users/connor/repos/Practice/workout/Workout/src/components/Header.tsx": {"path":"/Users/connor/repos/Practice/workout/Workout/src/components/Header.tsx","statementMap":{"0":{"start":{"line":19,"column":28},"end":{"line":100,"column":null}},"1":{"start":{"line":20,"column":19},"end":{"line":20,"column":null}},"2":{"start":{"line":21,"column":19},"end":{"line":21,"column":null}},"3":{"start":{"line":22,"column":15},"end":{"line":22,"column":null}},"4":{"start":{"line":22,"column":49},"end":{"line":22,"column":59}},"5":{"start":{"line":24,"column":18},"end":{"line":33,"column":null}},"6":{"start":{"line":25,"column":4},"end":{"line":32,"column":null}},"7":{"start":{"line":26,"column":19},"end":{"line":29,"column":null}},"8":{"start":{"line":30,"column":6},"end":{"line":30,"column":null}},"9":{"start":{"line":31,"column":6},"end":{"line":31,"column":null}},"10":{"start":{"line":35,"column":2},"end":{"line":97,"column":null}}},"fnMap":{"0":{"name":"(anonymous_0)","decl":{"start":{"line":19,"column":28},"end":{"line":19,"column":47}},"loc":{"start":{"line":19,"column":47},"end":{"line":100,"column":null}}},"1":{"name":"(anonymous_1)","decl":{"start":{"line":22,"column":27},"end":{"line":22,"column":28}},"loc":{"start":{"line":22,"column":49},"end":{"line":22,"column":59}}},"2":{"name":"(anonymous_2)","decl":{"start":{"line":24,"column":18},"end":{"line":24,"column":30}},"loc":{"start":{"line":24,"column":30},"end":{"line":33,"column":null}}}},"branchMap":{"0":{"loc":{"start":{"line":25,"column":4},"end":{"line":32,"column":null}},"type":"if","locations":[{"start":{"line":25,"column":4},"end":{"line":32,"column":null}},{"start":{},"end":{}}]},"1":{"loc":{"start":{"line":25,"column":8},"end":{"line":25,"column":78}},"type":"binary-expr","locations":[{"start":{"line":25,"column":8},"end":{"line":25,"column":44}},{"start":{"line":25,"column":44},"end":{"line":25,"column":78}}]},"2":{"loc":{"start":{"line":50,"column":11},"end":{"line":93,"column":null}},"type":"cond-expr","locations":[{"start":{"line":51,"column":12},"end":{"line":82,"column":null}},{"start":{"line":84,"column":12},"end":{"line":93,"column":null}}]}},"s":{"0":1,"1":4,"2":4,"3":4,"4":7,"5":4,"6":1,"7":1,"8":1,"9":1,"10":4},"f":{"0":4,"1":7,"2":1},"b":{"0":[1,0],"1":[1,1],"2":[3,1]}}
,"/Users/connor/repos/Practice/workout/Workout/src/components/Slideshow.tsx": {"path":"/Users/connor/repos/Practice/workout/Workout/src/components/Slideshow.tsx","statementMap":{"0":{"start":{"line":5,"column":51},"end":{"line":124,"column":null}},"1":{"start":{"line":8,"column":28},"end":{"line":8,"column":null}},"2":{"start":{"line":9,"column":16},"end":{"line":9,"column":null}},"3":{"start":{"line":10,"column":21},"end":{"line":10,"column":null}},"4":{"start":{"line":12,"column":23},"end":{"line":16,"column":null}},"5":{"start":{"line":13,"column":4},"end":{"line":15,"column":null}},"6":{"start":{"line":14,"column":6},"end":{"line":14,"column":null}},"7":{"start":{"line":18,"column":2},"end":{"line":31,"column":null}},"8":{"start":{"line":19,"column":4},"end":{"line":19,"column":null}},"9":{"start":{"line":20,"column":4},"end":{"line":26,"column":null}},"10":{"start":{"line":22,"column":8},"end":{"line":24,"column":null}},"11":{"start":{"line":23,"column":10},"end":{"line":23,"column":null}},"12":{"start":{"line":28,"column":4},"end":{"line":30,"column":null}},"13":{"start":{"line":29,"column":6},"end":{"line":29,"column":null}},"14":{"start":{"line":33,"column":2},"end":{"line":122,"column":null}},"15":{"start":{"line":44,"column":8},"end":{"line":90,"column":null}},"16":{"start":{"line":102,"column":10},"end":{"line":119,"column":null}},"17":{"start":{"line":117,"column":14},"end":{"line":117,"column":null}}},"fnMap":{"0":{"name":"(anonymous_0)","decl":{"start":{"line":5,"column":51},"end":{"line":5,"column":52}},"loc":{"start":{"line":7,"column":35},"end":{"line":124,"column":null}}},"1":{"name":"(anonymous_1)","decl":{"start":{"line":12,"column":23},"end":{"line":12,"column":29}},"loc":{"start":{"line":12,"column":29},"end":{"line":16,"column":null}}},"2":{"name":"(anonymous_2)","decl":{"start":{"line":18,"column":12},"end":{"line":18,"column":18}},"loc":{"start":{"line":18,"column":18},"end":{"line":31,"column":5}}},"3":{"name":"(anonymous_3)","decl":{"start":{"line":21,"column":6},"end":{"line":21,"column":null}},"loc":{"start":{"line":22,"column":8},"end":{"line":24,"column":null}}},"4":{"name":"(anonymous_4)","decl":{"start":{"line":22,"column":17},"end":{"line":22,"column":18}},"loc":{"start":{"line":23,"column":10},"end":{"line":23,"column":null}}},"5":{"name":"(anonymous_5)","decl":{"start":{"line":28,"column":11},"end":{"line":28,"column":17}},"loc":{"start":{"line":28,"column":17},"end":{"line":30,"column":null}}},"6":{"name":"(anonymous_6)","decl":{"start":{"line":43,"column":17},"end":{"line":43,"column":18}},"loc":{"start":{"line":44,"column":8},"end":{"line":90,"column":null}}},"7":{"name":"(anonymous_7)","decl":{"start":{"line":101,"column":19},"end":{"line":101,"column":20}},"loc":{"start":{"line":102,"column":10},"end":{"line":119,"column":null}}},"8":{"name":"(anonymous_8)","decl":{"start":{"line":116,"column":21},"end":{"line":116,"column":27}},"loc":{"start":{"line":116,"column":27},"end":{"line":118,"column":null}}}},"branchMap":{"0":{"loc":{"start":{"line":13,"column":4},"end":{"line":15,"column":null}},"type":"if","locations":[{"start":{"line":13,"column":4},"end":{"line":15,"column":null}},{"start":{},"end":{}}]},"1":{"loc":{"start":{"line":23,"column":10},"end":{"line":23,"column":null}},"type":"cond-expr","locations":[{"start":{"line":23,"column":43},"end":{"line":23,"column":47}},{"start":{"line":23,"column":47},"end":{"line":23,"column":null}}]},"2":{"loc":{"start":{"line":47,"column":21},"end":{"line":47,"column":null}},"type":"cond-expr","locations":[{"start":{"line":47,"column":43},"end":{"line":47,"column":52}},{"start":{"line":47,"column":52},"end":{"line":47,"column":null}}]},"3":{"loc":{"start":{"line":111,"column":31},"end":{"line":111,"column":null}},"type":"cond-expr","locations":[{"start":{"line":111,"column":47},"end":{"line":111,"column":59}},{"start":{"line":111,"column":59},"end":{"line":111,"column":null}}]}},"s":{"0":1,"1":1,"2":1,"3":1,"4":1,"5":2,"6":1,"7":1,"8":1,"9":1,"10":0,"11":0,"12":1,"13":1,"14":1,"15":3,"16":3,"17":0},"f":{"0":1,"1":2,"2":1,"3":0,"4":0,"5":1,"6":3,"7":3,"8":0},"b":{"0":[1,1],"1":[0,0],"2":[1,2],"3":[1,2]}}
,"/Users/connor/repos/Practice/workout/Workout/src/components/Testimonial.tsx": {"path":"/Users/connor/repos/Practice/workout/Workout/src/components/Testimonial.tsx","statementMap":{"0":{"start":{"line":5,"column":55},"end":{"line":55,"column":null}},"1":{"start":{"line":8,"column":2},"end":{"line":53,"column":null}}},"fnMap":{"0":{"name":"(anonymous_0)","decl":{"start":{"line":5,"column":55},"end":{"line":5,"column":56}},"loc":{"start":{"line":7,"column":37},"end":{"line":55,"column":null}}}},"branchMap":{},"s":{"0":1,"1":3},"f":{"0":3},"b":{}}
,"/Users/connor/repos/Practice/workout/Workout/src/pages/ActivityPage.tsx": {"path":"/Users/connor/repos/Practice/workout/Workout/src/pages/ActivityPage.tsx","statementMap":{"0":{"start":{"line":25,"column":28},"end":{"line":180,"column":null}},"1":{"start":{"line":26,"column":19},"end":{"line":26,"column":null}},"2":{"start":{"line":27,"column":17},"end":{"line":27,"column":null}},"3":{"start":{"line":28,"column":19},"end":{"line":28,"column":null}},"4":{"start":{"line":28,"column":53},"end":{"line":28,"column":69}},"5":{"start":{"line":29,"column":15},"end":{"line":29,"column":null}},"6":{"start":{"line":29,"column":49},"end":{"line":29,"column":59}},"7":{"start":{"line":30,"column":18},"end":{"line":30,"column":null}},"8":{"start":{"line":30,"column":52},"end":{"line":30,"column":66}},"9":{"start":{"line":35,"column":6},"end":{"line":35,"column":null}},"10":{"start":{"line":36,"column":19},"end":{"line":36,"column":null}},"11":{"start":{"line":38,"column":26},"end":{"line":38,"column":null}},"12":{"start":{"line":40,"column":43},"end":{"line":50,"column":null}},"13":{"start":{"line":41,"column":4},"end":{"line":43,"column":null}},"14":{"start":{"line":42,"column":6},"end":{"line":42,"column":null}},"15":{"start":{"line":44,"column":24},"end":{"line":47,"column":null}},"16":{"start":{"line":48,"column":4},"end":{"line":48,"column":null}},"17":{"start":{"line":49,"column":4},"end":{"line":49,"column":null}},"18":{"start":{"line":52,"column":2},"end":{"line":56,"column":null}},"19":{"start":{"line":53,"column":4},"end":{"line":55,"column":null}},"20":{"start":{"line":54,"column":6},"end":{"line":54,"column":null}},"21":{"start":{"line":58,"column":27},"end":{"line":60,"column":null}},"22":{"start":{"line":59,"column":4},"end":{"line":59,"column":null}},"23":{"start":{"line":62,"column":2},"end":{"line":178,"column":null}},"24":{"start":{"line":151,"column":20},"end":{"line":153,"column":null}}},"fnMap":{"0":{"name":"(anonymous_0)","decl":{"start":{"line":25,"column":28},"end":{"line":25,"column":47}},"loc":{"start":{"line":25,"column":47},"end":{"line":180,"column":null}}},"1":{"name":"(anonymous_1)","decl":{"start":{"line":28,"column":31},"end":{"line":28,"column":32}},"loc":{"start":{"line":28,"column":53},"end":{"line":28,"column":69}}},"2":{"name":"(anonymous_2)","decl":{"start":{"line":29,"column":27},"end":{"line":29,"column":28}},"loc":{"start":{"line":29,"column":49},"end":{"line":29,"column":59}}},"3":{"name":"(anonymous_3)","decl":{"start":{"line":30,"column":30},"end":{"line":30,"column":31}},"loc":{"start":{"line":30,"column":52},"end":{"line":30,"column":66}}},"4":{"name":"(anonymous_4)","decl":{"start":{"line":40,"column":43},"end":{"line":40,"column":50}},"loc":{"start":{"line":40,"column":59},"end":{"line":50,"column":null}}},"5":{"name":"(anonymous_5)","decl":{"start":{"line":52,"column":12},"end":{"line":52,"column":18}},"loc":{"start":{"line":52,"column":18},"end":{"line":56,"column":5}}},"6":{"name":"(anonymous_6)","decl":{"start":{"line":58,"column":27},"end":{"line":58,"column":28}},"loc":{"start":{"line":58,"column":77},"end":{"line":60,"column":null}}},"7":{"name":"(anonymous_7)","decl":{"start":{"line":150,"column":23},"end":{"line":150,"column":24}},"loc":{"start":{"line":151,"column":20},"end":{"line":153,"column":null}}}},"branchMap":{"0":{"loc":{"start":{"line":41,"column":4},"end":{"line":43,"column":null}},"type":"if","locations":[{"start":{"line":41,"column":4},"end":{"line":43,"column":null}},{"start":{},"end":{}}]},"1":{"loc":{"start":{"line":53,"column":4},"end":{"line":55,"column":null}},"type":"if","locations":[{"start":{"line":53,"column":4},"end":{"line":55,"column":null}},{"start":{},"end":{}}]},"2":{"loc":{"start":{"line":53,"column":8},"end":{"line":53,"column":51}},"type":"binary-expr","locations":[{"start":{"line":53,"column":8},"end":{"line":53,"column":14}},{"start":{"line":53,"column":14},"end":{"line":53,"column":51}}]},"3":{"loc":{"start":{"line":65,"column":7},"end":{"line":176,"column":null}},"type":"cond-expr","locations":[{"start":{"line":66,"column":8},"end":{"line":68,"column":null}},{"start":{"line":69,"column":10},"end":{"line":176,"column":null}}]},"4":{"loc":{"start":{"line":69,"column":10},"end":{"line":176,"column":null}},"type":"cond-expr","locations":[{"start":{"line":70,"column":8},"end":{"line":79,"column":null}},{"start":{"line":80,"column":10},"end":{"line":176,"column":null}}]},"5":{"loc":{"start":{"line":69,"column":10},"end":{"line":69,"column":null}},"type":"binary-expr","locations":[{"start":{"line":69,"column":10},"end":{"line":69,"column":28}},{"start":{"line":69,"column":28},"end":{"line":69,"column":35}},{"start":{"line":69,"column":35},"end":{"line":69,"column":null}}]},"6":{"loc":{"start":{"line":80,"column":10},"end":{"line":176,"column":null}},"type":"cond-expr","locations":[{"start":{"line":81,"column":8},"end":{"line":174,"column":null}},{"start":{"line":176,"column":8},"end":{"line":176,"column":null}}]},"7":{"loc":{"start":{"line":96,"column":13},"end":{"line":139,"column":null}},"type":"cond-expr","locations":[{"start":{"line":97,"column":14},"end":{"line":137,"column":null}},{"start":{"line":139,"column":14},"end":{"line":139,"column":null}}]},"8":{"loc":{"start":{"line":113,"column":17},"end":{"line":116,"column":null}},"type":"binary-expr","locations":[{"start":{"line":113,"column":17},"end":{"line":113,"column":null}},{"start":{"line":114,"column":18},"end":{"line":116,"column":null}}]},"9":{"loc":{"start":{"line":115,"column":21},"end":{"line":115,"column":null}},"type":"binary-expr","locations":[{"start":{"line":115,"column":21},"end":{"line":115,"column":38}},{"start":{"line":115,"column":38},"end":{"line":115,"column":null}}]},"10":{"loc":{"start":{"line":118,"column":17},"end":{"line":121,"column":null}},"type":"binary-expr","locations":[{"start":{"line":118,"column":17},"end":{"line":118,"column":null}},{"start":{"line":119,"column":18},"end":{"line":121,"column":null}}]},"11":{"loc":{"start":{"line":141,"column":13},"end":{"line":171,"column":null}},"type":"cond-expr","locations":[{"start":{"line":143,"column":14},"end":{"line":167,"column":null}},{"start":{"line":169,"column":14},"end":{"line":171,"column":null}}]},"12":{"loc":{"start":{"line":141,"column":13},"end":{"line":142,"column":null}},"type":"binary-expr","locations":[{"start":{"line":141,"column":13},"end":{"line":141,"column":null}},{"start":{"line":142,"column":12},"end":{"line":142,"column":null}}]}},"s":{"0":1,"1":13,"2":13,"3":13,"4":24,"5":13,"6":24,"7":13,"8":24,"9":13,"10":13,"11":13,"12":13,"13":1,"14":0,"15":1,"16":1,"17":1,"18":13,"19":11,"20":1,"21":13,"22":0,"23":13,"24":10},"f":{"0":13,"1":24,"2":24,"3":24,"4":1,"5":11,"6":0,"7":10},"b":{"0":[0,1],"1":[1,10],"2":[11,11],"3":[1,12],"4":[1,11],"5":[12,12,12],"6":[11,0],"7":[8,3],"8":[8,0],"9":[0,0],"10":[8,0],"11":[10,1],"12":[11,11]}}
,"/Users/connor/repos/Practice/workout/Workout/src/pages/HomePage.tsx": {"path":"/Users/connor/repos/Practice/workout/Workout/src/pages/HomePage.tsx","statementMap":{"0":{"start":{"line":21,"column":24},"end":{"line":209,"column":null}},"1":{"start":{"line":22,"column":19},"end":{"line":22,"column":null}},"2":{"start":{"line":23,"column":15},"end":{"line":23,"column":null}},"3":{"start":{"line":23,"column":49},"end":{"line":23,"column":59}},"4":{"start":{"line":24,"column":21},"end":{"line":24,"column":null}},"5":{"start":{"line":24,"column":55},"end":{"line":24,"column":71}},"6":{"start":{"line":26,"column":30},"end":{"line":26,"column":null}},"7":{"start":{"line":27,"column":26},"end":{"line":27,"column":null}},"8":{"start":{"line":29,"column":52},"end":{"line":31,"column":null}},"9":{"start":{"line":33,"column":16},"end":{"line":33,"column":null}},"10":{"start":{"line":35,"column":2},"end":{"line":50,"column":null}},"11":{"start":{"line":36,"column":20},"end":{"line":36,"column":null}},"12":{"start":{"line":37,"column":4},"end":{"line":44,"column":null}},"13":{"start":{"line":52,"column":2},"end":{"line":60,"column":null}},"14":{"start":{"line":53,"column":40},"end":{"line":53,"column":null}},"15":{"start":{"line":55,"column":29},"end":{"line":57,"column":null}},"16":{"start":{"line":56,"column":6},"end":{"line":56,"column":null}},"17":{"start":{"line":59,"column":4},"end":{"line":59,"column":null}},"18":{"start":{"line":62,"column":29},"end":{"line":80,"column":null}},"19":{"start":{"line":63,"column":23},"end":{"line":63,"column":null}},"20":{"start":{"line":64,"column":4},"end":{"line":64,"column":null}},"21":{"start":{"line":65,"column":4},"end":{"line":65,"column":null}},"22":{"start":{"line":66,"column":20},"end":{"line":66,"column":null}},"23":{"start":{"line":67,"column":4},"end":{"line":79,"column":null}},"24":{"start":{"line":69,"column":6},"end":{"line":69,"column":null}},"25":{"start":{"line":70,"column":6},"end":{"line":70,"column":null}},"26":{"start":{"line":71,"column":6},"end":{"line":78,"column":null}},"27":{"start":{"line":82,"column":43},"end":{"line":89,"column":null}},"28":{"start":{"line":84,"column":6},"end":{"line":86,"column":null}},"29":{"start":{"line":85,"column":8},"end":{"line":85,"column":null}},"30":{"start":{"line":87,"column":6},"end":{"line":87,"column":null}},"31":{"start":{"line":91,"column":27},"end":{"line":104,"column":null}},"32":{"start":{"line":92,"column":4},"end":{"line":92,"column":null}},"33":{"start":{"line":94,"column":20},"end":{"line":94,"column":null}},"34":{"start":{"line":96,"column":4},"end":{"line":103,"column":null}},"35":{"start":{"line":106,"column":2},"end":{"line":207,"column":null}},"36":{"start":{"line":187,"column":20},"end":{"line":189,"column":null}}},"fnMap":{"0":{"name":"(anonymous_0)","decl":{"start":{"line":21,"column":24},"end":{"line":21,"column":43}},"loc":{"start":{"line":21,"column":43},"end":{"line":209,"column":null}}},"1":{"name":"(anonymous_1)","decl":{"start":{"line":23,"column":27},"end":{"line":23,"column":28}},"loc":{"start":{"line":23,"column":49},"end":{"line":23,"column":59}}},"2":{"name":"(anonymous_2)","decl":{"start":{"line":24,"column":33},"end":{"line":24,"column":34}},"loc":{"start":{"line":24,"column":55},"end":{"line":24,"column":71}}},"3":{"name":"(anonymous_3)","decl":{"start":{"line":35,"column":12},"end":{"line":35,"column":18}},"loc":{"start":{"line":35,"column":18},"end":{"line":45,"column":5}}},"4":{"name":"(anonymous_4)","decl":{"start":{"line":52,"column":12},"end":{"line":52,"column":18}},"loc":{"start":{"line":52,"column":18},"end":{"line":60,"column":5}}},"5":{"name":"(anonymous_5)","decl":{"start":{"line":55,"column":46},"end":{"line":55,"column":47}},"loc":{"start":{"line":55,"column":56},"end":{"line":57,"column":5}}},"6":{"name":"(anonymous_6)","decl":{"start":{"line":62,"column":29},"end":{"line":62,"column":30}},"loc":{"start":{"line":62,"column":77},"end":{"line":80,"column":null}}},"7":{"name":"(anonymous_7)","decl":{"start":{"line":83,"column":4},"end":{"line":83,"column":5}},"loc":{"start":{"line":83,"column":18},"end":{"line":88,"column":null}}},"8":{"name":"(anonymous_8)","decl":{"start":{"line":91,"column":27},"end":{"line":91,"column":28}},"loc":{"start":{"line":91,"column":77},"end":{"line":104,"column":null}}},"9":{"name":"(anonymous_9)","decl":{"start":{"line":186,"column":40},"end":{"line":186,"column":41}},"loc":{"start":{"line":187,"column":20},"end":{"line":189,"column":null}}}},"branchMap":{"0":{"loc":{"start":{"line":36,"column":20},"end":{"line":36,"column":null}},"type":"binary-expr","locations":[{"start":{"line":36,"column":20},"end":{"line":36,"column":56}},{"start":{"line":36,"column":56},"end":{"line":36,"column":null}}]},"1":{"loc":{"start":{"line":53,"column":45},"end":{"line":53,"column":76}},"type":"binary-expr","locations":[{"start":{"line":53,"column":45},"end":{"line":53,"column":73}},{"start":{"line":53,"column":73},"end":{"line":53,"column":76}}]},"2":{"loc":{"start":{"line":66,"column":20},"end":{"line":66,"column":null}},"type":"binary-expr","locations":[{"start":{"line":66,"column":20},"end":{"line":66,"column":56}},{"start":{"line":66,"column":56},"end":{"line":66,"column":null}}]},"3":{"loc":{"start":{"line":67,"column":11},"end":{"line":67,"column":72}},"type":"binary-expr","locations":[{"start":{"line":67,"column":11},"end":{"line":67,"column":50}},{"start":{"line":67,"column":50},"end":{"line":67,"column":72}}]},"4":{"loc":{"start":{"line":84,"column":6},"end":{"line":86,"column":null}},"type":"if","locations":[{"start":{"line":84,"column":6},"end":{"line":86,"column":null}},{"start":{},"end":{}}]},"5":{"loc":{"start":{"line":94,"column":20},"end":{"line":94,"column":null}},"type":"binary-expr","locations":[{"start":{"line":94,"column":20},"end":{"line":94,"column":56}},{"start":{"line":94,"column":56},"end":{"line":94,"column":null}}]},"6":{"loc":{"start":{"line":146,"column":15},"end":{"line":175,"column":null}},"type":"cond-expr","locations":[{"start":{"line":147,"column":16},"end":{"line":173,"column":null}},{"start":{"line":175,"column":16},"end":{"line":175,"column":null}}]},"7":{"loc":{"start":{"line":183,"column":15},"end":{"line":193,"column":null}},"type":"cond-expr","locations":[{"start":{"line":185,"column":16},"end":{"line":191,"column":null}},{"start":{"line":193,"column":16},"end":{"line":193,"column":null}}]},"8":{"loc":{"start":{"line":183,"column":15},"end":{"line":184,"column":null}},"type":"binary-expr","locations":[{"start":{"line":183,"column":15},"end":{"line":183,"column":null}},{"start":{"line":184,"column":14},"end":{"line":184,"column":null}}]}},"s":{"0":1,"1":21,"2":21,"3":31,"4":21,"5":31,"6":21,"7":21,"8":21,"9":21,"10":21,"11":11,"12":11,"13":21,"14":10,"15":10,"16":9,"17":10,"18":21,"19":1,"20":1,"21":1,"22":1,"23":1,"24":0,"25":0,"26":0,"27":21,"28":20,"29":18,"30":2,"31":21,"32":0,"33":0,"34":0,"35":21,"36":19},"f":{"0":21,"1":31,"2":31,"3":11,"4":10,"5":9,"6":1,"7":20,"8":0,"9":19},"b":{"0":[11,11],"1":[10,0],"2":[1,1],"3":[1,0],"4":[18,2],"5":[0,0],"6":[19,2],"7":[10,11],"8":[21,21]}}
,"/Users/connor/repos/Practice/workout/Workout/src/pages/LoginPage.tsx": {"path":"/Users/connor/repos/Practice/workout/Workout/src/pages/LoginPage.tsx","statementMap":{"0":{"start":{"line":21,"column":21},"end":{"line":152,"column":null}},"1":{"start":{"line":22,"column":19},"end":{"line":22,"column":null}},"2":{"start":{"line":23,"column":19},"end":{"line":23,"column":null}},"3":{"start":{"line":24,"column":15},"end":{"line":24,"column":null}},"4":{"start":{"line":24,"column":49},"end":{"line":24,"column":59}},"5":{"start":{"line":25,"column":42},"end":{"line":25,"column":null}},"6":{"start":{"line":30,"column":6},"end":{"line":30,"column":null}},"7":{"start":{"line":32,"column":49},"end":{"line":42,"column":null}},"8":{"start":{"line":33,"column":4},"end":{"line":41,"column":null}},"9":{"start":{"line":34,"column":6},"end":{"line":34,"column":null}},"10":{"start":{"line":36,"column":6},"end":{"line":40,"column":null}},"11":{"start":{"line":37,"column":8},"end":{"line":37,"column":null}},"12":{"start":{"line":39,"column":8},"end":{"line":39,"column":null}},"13":{"start":{"line":44,"column":2},"end":{"line":50,"column":null}},"14":{"start":{"line":45,"column":4},"end":{"line":49,"column":null}},"15":{"start":{"line":46,"column":6},"end":{"line":46,"column":null}},"16":{"start":{"line":47,"column":4},"end":{"line":49,"column":null}},"17":{"start":{"line":48,"column":6},"end":{"line":48,"column":null}},"18":{"start":{"line":52,"column":2},"end":{"line":150,"column":null}}},"fnMap":{"0":{"name":"(anonymous_0)","decl":{"start":{"line":21,"column":21},"end":{"line":21,"column":40}},"loc":{"start":{"line":21,"column":40},"end":{"line":152,"column":null}}},"1":{"name":"(anonymous_1)","decl":{"start":{"line":24,"column":27},"end":{"line":24,"column":28}},"loc":{"start":{"line":24,"column":49},"end":{"line":24,"column":59}}},"2":{"name":"(anonymous_2)","decl":{"start":{"line":32,"column":49},"end":{"line":32,"column":56}},"loc":{"start":{"line":32,"column":65},"end":{"line":42,"column":null}}},"3":{"name":"(anonymous_3)","decl":{"start":{"line":44,"column":12},"end":{"line":44,"column":18}},"loc":{"start":{"line":44,"column":18},"end":{"line":50,"column":5}}}},"branchMap":{"0":{"loc":{"start":{"line":36,"column":6},"end":{"line":40,"column":null}},"type":"if","locations":[{"start":{"line":36,"column":6},"end":{"line":40,"column":null}},{"start":{"line":38,"column":13},"end":{"line":40,"column":null}}]},"1":{"loc":{"start":{"line":45,"column":4},"end":{"line":49,"column":null}},"type":"if","locations":[{"start":{"line":45,"column":4},"end":{"line":49,"column":null}},{"start":{"line":47,"column":4},"end":{"line":49,"column":null}}]},"2":{"loc":{"start":{"line":47,"column":4},"end":{"line":49,"column":null}},"type":"if","locations":[{"start":{"line":47,"column":4},"end":{"line":49,"column":null}},{"start":{},"end":{}}]},"3":{"loc":{"start":{"line":54,"column":19},"end":{"line":148,"column":null}},"type":"binary-expr","locations":[{"start":{"line":55,"column":8},"end":{"line":55,"column":23}},{"start":{"line":55,"column":23},"end":{"line":55,"column":null}},{"start":{"line":56,"column":8},"end":{"line":148,"column":null}}]},"4":{"loc":{"start":{"line":64,"column":11},"end":{"line":64,"column":null}},"type":"binary-expr","locations":[{"start":{"line":64,"column":11},"end":{"line":64,"column":25}},{"start":{"line":64,"column":25},"end":{"line":64,"column":42}},{"start":{"line":64,"column":42},"end":{"line":64,"column":null}}]},"5":{"loc":{"start":{"line":65,"column":11},"end":{"line":65,"column":null}},"type":"binary-expr","locations":[{"start":{"line":65,"column":11},"end":{"line":65,"column":27}},{"start":{"line":65,"column":27},"end":{"line":65,"column":null}}]},"6":{"loc":{"start":{"line":72,"column":11},"end":{"line":73,"column":null}},"type":"binary-expr","locations":[{"start":{"line":72,"column":11},"end":{"line":72,"column":null}},{"start":{"line":73,"column":12},"end":{"line":73,"column":null}}]},"7":{"loc":{"start":{"line":102,"column":17},"end":{"line":105,"column":null}},"type":"binary-expr","locations":[{"start":{"line":102,"column":17},"end":{"line":102,"column":null}},{"start":{"line":103,"column":18},"end":{"line":105,"column":null}}]},"8":{"loc":{"start":{"line":122,"column":17},"end":{"line":125,"column":null}},"type":"binary-expr","locations":[{"start":{"line":122,"column":17},"end":{"line":122,"column":null}},{"start":{"line":123,"column":18},"end":{"line":125,"column":null}}]}},"s":{"0":1,"1":10,"2":10,"3":10,"4":13,"5":10,"6":10,"7":10,"8":2,"9":2,"10":0,"11":0,"12":0,"13":10,"14":4,"15":2,"16":2,"17":1,"18":10},"f":{"0":10,"1":13,"2":2,"3":4},"b":{"0":[0,0],"1":[2,2],"2":[1,1],"3":[10,2,10],"4":[10,2,1],"5":[10,0],"6":[10,1],"7":[10,0],"8":[10,0]}}
,"/Users/connor/repos/Practice/workout/Workout/src/pages/NewFood.tsx": {"path":"/Users/connor/repos/Practice/workout/Workout/src/pages/NewFood.tsx","statementMap":{"0":{"start":{"line":20,"column":23},"end":{"line":130,"column":null}},"1":{"start":{"line":21,"column":19},"end":{"line":21,"column":null}},"2":{"start":{"line":22,"column":19},"end":{"line":22,"column":null}},"3":{"start":{"line":23,"column":21},"end":{"line":23,"column":null}},"4":{"start":{"line":23,"column":55},"end":{"line":23,"column":71}},"5":{"start":{"line":24,"column":15},"end":{"line":24,"column":null}},"6":{"start":{"line":24,"column":49},"end":{"line":24,"column":59}},"7":{"start":{"line":29,"column":6},"end":{"line":29,"column":null}},"8":{"start":{"line":31,"column":48},"end":{"line":36,"column":null}},"9":{"start":{"line":32,"column":4},"end":{"line":32,"column":null}},"10":{"start":{"line":33,"column":4},"end":{"line":33,"column":null}},"11":{"start":{"line":34,"column":4},"end":{"line":34,"column":null}},"12":{"start":{"line":35,"column":4},"end":{"line":35,"column":null}},"13":{"start":{"line":38,"column":2},"end":{"line":128,"column":null}}},"fnMap":{"0":{"name":"(anonymous_0)","decl":{"start":{"line":20,"column":23},"end":{"line":20,"column":42}},"loc":{"start":{"line":20,"column":42},"end":{"line":130,"column":null}}},"1":{"name":"(anonymous_1)","decl":{"start":{"line":23,"column":33},"end":{"line":23,"column":34}},"loc":{"start":{"line":23,"column":55},"end":{"line":23,"column":71}}},"2":{"name":"(anonymous_2)","decl":{"start":{"line":24,"column":27},"end":{"line":24,"column":28}},"loc":{"start":{"line":24,"column":49},"end":{"line":24,"column":59}}},"3":{"name":"(anonymous_3)","decl":{"start":{"line":31,"column":48},"end":{"line":31,"column":55}},"loc":{"start":{"line":31,"column":64},"end":{"line":36,"column":null}}}},"branchMap":{"0":{"loc":{"start":{"line":41,"column":7},"end":{"line":126,"column":null}},"type":"cond-expr","locations":[{"start":{"line":42,"column":8},"end":{"line":44,"column":null}},{"start":{"line":45,"column":10},"end":{"line":126,"column":null}}]},"1":{"loc":{"start":{"line":45,"column":10},"end":{"line":126,"column":null}},"type":"cond-expr","locations":[{"start":{"line":46,"column":8},"end":{"line":124,"column":null}},{"start":{"line":126,"column":8},"end":{"line":126,"column":null}}]},"2":{"loc":{"start":{"line":76,"column":15},"end":{"line":79,"column":null}},"type":"binary-expr","locations":[{"start":{"line":76,"column":15},"end":{"line":76,"column":null}},{"start":{"line":77,"column":16},"end":{"line":79,"column":null}}]},"3":{"loc":{"start":{"line":101,"column":15},"end":{"line":104,"column":null}},"type":"binary-expr","locations":[{"start":{"line":101,"column":15},"end":{"line":101,"column":null}},{"start":{"line":102,"column":16},"end":{"line":104,"column":null}}]}},"s":{"0":1,"1":11,"2":11,"3":11,"4":17,"5":11,"6":17,"7":11,"8":11,"9":1,"10":1,"11":1,"12":1,"13":11},"f":{"0":11,"1":17,"2":17,"3":1},"b":{"0":[1,10],"1":[9,1],"2":[9,1],"3":[9,1]}}
,"/Users/connor/repos/Practice/workout/Workout/src/pages/NewWorkout.tsx": {"path":"/Users/connor/repos/Practice/workout/Workout/src/pages/NewWorkout.tsx","statementMap":{"0":{"start":{"line":20,"column":26},"end":{"line":153,"column":null}},"1":{"start":{"line":21,"column":19},"end":{"line":21,"column":null}},"2":{"start":{"line":22,"column":19},"end":{"line":22,"column":null}},"3":{"start":{"line":23,"column":21},"end":{"line":23,"column":null}},"4":{"start":{"line":23,"column":55},"end":{"line":23,"column":71}},"5":{"start":{"line":24,"column":15},"end":{"line":24,"column":null}},"6":{"start":{"line":24,"column":49},"end":{"line":24,"column":59}},"7":{"start":{"line":29,"column":6},"end":{"line":29,"column":null}},"8":{"start":{"line":31,"column":48},"end":{"line":37,"column":null}},"9":{"start":{"line":32,"column":4},"end":{"line":32,"column":null}},"10":{"start":{"line":33,"column":4},"end":{"line":33,"column":null}},"11":{"start":{"line":34,"column":4},"end":{"line":34,"column":null}},"12":{"start":{"line":35,"column":4},"end":{"line":35,"column":null}},"13":{"start":{"line":36,"column":4},"end":{"line":36,"column":null}},"14":{"start":{"line":39,"column":2},"end":{"line":151,"column":null}}},"fnMap":{"0":{"name":"(anonymous_0)","decl":{"start":{"line":20,"column":26},"end":{"line":20,"column":45}},"loc":{"start":{"line":20,"column":45},"end":{"line":153,"column":null}}},"1":{"name":"(anonymous_1)","decl":{"start":{"line":23,"column":33},"end":{"line":23,"column":34}},"loc":{"start":{"line":23,"column":55},"end":{"line":23,"column":71}}},"2":{"name":"(anonymous_2)","decl":{"start":{"line":24,"column":27},"end":{"line":24,"column":28}},"loc":{"start":{"line":24,"column":49},"end":{"line":24,"column":59}}},"3":{"name":"(anonymous_3)","decl":{"start":{"line":31,"column":48},"end":{"line":31,"column":55}},"loc":{"start":{"line":31,"column":64},"end":{"line":37,"column":null}}}},"branchMap":{"0":{"loc":{"start":{"line":42,"column":7},"end":{"line":149,"column":null}},"type":"cond-expr","locations":[{"start":{"line":43,"column":8},"end":{"line":45,"column":null}},{"start":{"line":46,"column":10},"end":{"line":149,"column":null}}]},"1":{"loc":{"start":{"line":46,"column":10},"end":{"line":149,"column":null}},"type":"cond-expr","locations":[{"start":{"line":47,"column":8},"end":{"line":147,"column":null}},{"start":{"line":149,"column":8},"end":{"line":149,"column":null}}]},"2":{"loc":{"start":{"line":77,"column":15},"end":{"line":80,"column":null}},"type":"binary-expr","locations":[{"start":{"line":77,"column":15},"end":{"line":77,"column":null}},{"start":{"line":78,"column":16},"end":{"line":80,"column":null}}]},"3":{"loc":{"start":{"line":99,"column":15},"end":{"line":102,"column":null}},"type":"binary-expr","locations":[{"start":{"line":99,"column":15},"end":{"line":99,"column":null}},{"start":{"line":100,"column":16},"end":{"line":102,"column":null}}]},"4":{"loc":{"start":{"line":124,"column":15},"end":{"line":127,"column":null}},"type":"binary-expr","locations":[{"start":{"line":124,"column":15},"end":{"line":124,"column":null}},{"start":{"line":125,"column":16},"end":{"line":127,"column":null}}]}},"s":{"0":1,"1":11,"2":11,"3":11,"4":17,"5":11,"6":17,"7":11,"8":11,"9":1,"10":1,"11":1,"12":1,"13":1,"14":11},"f":{"0":11,"1":17,"2":17,"3":1},"b":{"0":[1,10],"1":[9,1],"2":[9,1],"3":[9,1],"4":[9,1]}}
,"/Users/connor/repos/Practice/workout/Workout/src/pages/SignUpPage.tsx": {"path":"/Users/connor/repos/Practice/workout/Workout/src/pages/SignUpPage.tsx","statementMap":{"0":{"start":{"line":26,"column":22},"end":{"line":188,"column":null}},"1":{"start":{"line":27,"column":19},"end":{"line":27,"column":null}},"2":{"start":{"line":28,"column":19},"end":{"line":28,"column":null}},"3":{"start":{"line":29,"column":15},"end":{"line":29,"column":null}},"4":{"start":{"line":29,"column":49},"end":{"line":29,"column":59}},"5":{"start":{"line":30,"column":42},"end":{"line":30,"column":null}},"6":{"start":{"line":35,"column":6},"end":{"line":35,"column":null}},"7":{"start":{"line":37,"column":51},"end":{"line":47,"column":null}},"8":{"start":{"line":38,"column":4},"end":{"line":46,"column":null}},"9":{"start":{"line":39,"column":6},"end":{"line":39,"column":null}},"10":{"start":{"line":40,"column":6},"end":{"line":40,"column":null}},"11":{"start":{"line":41,"column":6},"end":{"line":41,"column":null}},"12":{"start":{"line":43,"column":6},"end":{"line":45,"column":null}},"13":{"start":{"line":44,"column":8},"end":{"line":44,"column":null}},"14":{"start":{"line":49,"column":2},"end":{"line":55,"column":null}},"15":{"start":{"line":50,"column":4},"end":{"line":54,"column":null}},"16":{"start":{"line":51,"column":6},"end":{"line":51,"column":null}},"17":{"start":{"line":52,"column":4},"end":{"line":54,"column":null}},"18":{"start":{"line":53,"column":6},"end":{"line":53,"column":null}},"19":{"start":{"line":57,"column":2},"end":{"line":186,"column":null}}},"fnMap":{"0":{"name":"(anonymous_0)","decl":{"start":{"line":26,"column":22},"end":{"line":26,"column":41}},"loc":{"start":{"line":26,"column":41},"end":{"line":188,"column":null}}},"1":{"name":"(anonymous_1)","decl":{"start":{"line":29,"column":27},"end":{"line":29,"column":28}},"loc":{"start":{"line":29,"column":49},"end":{"line":29,"column":59}}},"2":{"name":"(anonymous_2)","decl":{"start":{"line":37,"column":51},"end":{"line":37,"column":58}},"loc":{"start":{"line":37,"column":67},"end":{"line":47,"column":null}}},"3":{"name":"(anonymous_3)","decl":{"start":{"line":49,"column":12},"end":{"line":49,"column":18}},"loc":{"start":{"line":49,"column":18},"end":{"line":55,"column":5}}}},"branchMap":{"0":{"loc":{"start":{"line":43,"column":6},"end":{"line":45,"column":null}},"type":"if","locations":[{"start":{"line":43,"column":6},"end":{"line":45,"column":null}},{"start":{},"end":{}}]},"1":{"loc":{"start":{"line":50,"column":4},"end":{"line":54,"column":null}},"type":"if","locations":[{"start":{"line":50,"column":4},"end":{"line":54,"column":null}},{"start":{"line":52,"column":4},"end":{"line":54,"column":null}}]},"2":{"loc":{"start":{"line":52,"column":4},"end":{"line":54,"column":null}},"type":"if","locations":[{"start":{"line":52,"column":4},"end":{"line":54,"column":null}},{"start":{},"end":{}}]},"3":{"loc":{"start":{"line":59,"column":19},"end":{"line":184,"column":null}},"type":"binary-expr","locations":[{"start":{"line":60,"column":8},"end":{"line":60,"column":23}},{"start":{"line":60,"column":23},"end":{"line":60,"column":null}},{"start":{"line":61,"column":8},"end":{"line":184,"column":null}}]},"4":{"loc":{"start":{"line":69,"column":11},"end":{"line":69,"column":null}},"type":"binary-expr","locations":[{"start":{"line":69,"column":11},"end":{"line":69,"column":25}},{"start":{"line":69,"column":25},"end":{"line":69,"column":42}},{"start":{"line":69,"column":42},"end":{"line":69,"column":null}}]},"5":{"loc":{"start":{"line":70,"column":11},"end":{"line":70,"column":null}},"type":"binary-expr","locations":[{"start":{"line":70,"column":11},"end":{"line":70,"column":27}},{"start":{"line":70,"column":27},"end":{"line":70,"column":null}}]},"6":{"loc":{"start":{"line":77,"column":11},"end":{"line":78,"column":null}},"type":"binary-expr","locations":[{"start":{"line":77,"column":11},"end":{"line":77,"column":null}},{"start":{"line":78,"column":12},"end":{"line":78,"column":null}}]},"7":{"loc":{"start":{"line":114,"column":17},"end":{"line":117,"column":null}},"type":"binary-expr","locations":[{"start":{"line":114,"column":17},"end":{"line":114,"column":null}},{"start":{"line":115,"column":18},"end":{"line":117,"column":null}}]},"8":{"loc":{"start":{"line":137,"column":17},"end":{"line":140,"column":null}},"type":"binary-expr","locations":[{"start":{"line":137,"column":17},"end":{"line":137,"column":null}},{"start":{"line":138,"column":18},"end":{"line":140,"column":null}}]},"9":{"loc":{"start":{"line":160,"column":17},"end":{"line":163,"column":null}},"type":"binary-expr","locations":[{"start":{"line":160,"column":17},"end":{"line":160,"column":null}},{"start":{"line":161,"column":18},"end":{"line":163,"column":null}}]}},"s":{"0":1,"1":8,"2":8,"3":8,"4":11,"5":8,"6":8,"7":8,"8":1,"9":1,"10":1,"11":1,"12":0,"13":0,"14":8,"15":4,"16":1,"17":3,"18":1,"19":8},"f":{"0":8,"1":11,"2":1,"3":4},"b":{"0":[0,0],"1":[1,3],"2":[1,2],"3":[8,2,8],"4":[8,2,1],"5":[8,0],"6":[8,1],"7":[8,0],"8":[8,0],"9":[8,0]}}
,"/Users/connor/repos/Practice/workout/Workout/src/pages/SplashPage.tsx": {"path":"/Users/connor/repos/Practice/workout/Workout/src/pages/SplashPage.tsx","statementMap":{"0":{"start":{"line":23,"column":26},"end":{"line":216,"column":null}},"1":{"start":{"line":24,"column":26},"end":{"line":24,"column":null}},"2":{"start":{"line":26,"column":16},"end":{"line":45,"column":null}},"3":{"start":{"line":47,"column":23},"end":{"line":66,"column":null}},"4":{"start":{"line":68,"column":19},"end":{"line":93,"column":null}},"5":{"start":{"line":95,"column":2},"end":{"line":214,"column":null}},"6":{"start":{"line":154,"column":12},"end":{"line":154,"column":null}},"7":{"start":{"line":170,"column":12},"end":{"line":184,"column":null}},"8":{"start":{"line":172,"column":35},"end":{"line":172,"column":null}}},"fnMap":{"0":{"name":"(anonymous_0)","decl":{"start":{"line":23,"column":26},"end":{"line":23,"column":45}},"loc":{"start":{"line":23,"column":45},"end":{"line":216,"column":null}}},"1":{"name":"(anonymous_1)","decl":{"start":{"line":153,"column":28},"end":{"line":153,"column":29}},"loc":{"start":{"line":154,"column":12},"end":{"line":154,"column":null}}},"2":{"name":"(anonymous_2)","decl":{"start":{"line":169,"column":24},"end":{"line":169,"column":25}},"loc":{"start":{"line":170,"column":12},"end":{"line":184,"column":null}}},"3":{"name":"(anonymous_3)","decl":{"start":{"line":172,"column":29},"end":{"line":172,"column":35}},"loc":{"start":{"line":172,"column":35},"end":{"line":172,"column":null}}}},"branchMap":{},"s":{"0":1,"1":1,"2":1,"3":1,"4":1,"5":1,"6":3,"7":4,"8":0},"f":{"0":1,"1":3,"2":4,"3":0},"b":{}}
,"/Users/connor/repos/Practice/workout/Workout/src/pages/UserPage.tsx": {"path":"/Users/connor/repos/Practice/workout/Workout/src/pages/UserPage.tsx","statementMap":{"0":{"start":{"line":28,"column":24},"end":{"line":340,"column":null}},"1":{"start":{"line":29,"column":19},"end":{"line":29,"column":null}},"2":{"start":{"line":30,"column":15},"end":{"line":30,"column":null}},"3":{"start":{"line":30,"column":49},"end":{"line":30,"column":59}},"4":{"start":{"line":31,"column":15},"end":{"line":31,"column":null}},"5":{"start":{"line":31,"column":49},"end":{"line":31,"column":60}},"6":{"start":{"line":32,"column":21},"end":{"line":32,"column":null}},"7":{"start":{"line":32,"column":55},"end":{"line":32,"column":71}},"8":{"start":{"line":34,"column":30},"end":{"line":34,"column":null}},"9":{"start":{"line":35,"column":42},"end":{"line":35,"column":null}},"10":{"start":{"line":36,"column":40},"end":{"line":36,"column":null}},"11":{"start":{"line":38,"column":52},"end":{"line":40,"column":null}},"12":{"start":{"line":42,"column":36},"end":{"line":42,"column":null}},"13":{"start":{"line":43,"column":40},"end":{"line":45,"column":null}},"14":{"start":{"line":47,"column":21},"end":{"line":47,"column":null}},"15":{"start":{"line":48,"column":24},"end":{"line":48,"column":null}},"16":{"start":{"line":50,"column":2},"end":{"line":55,"column":null}},"17":{"start":{"line":51,"column":23},"end":{"line":51,"column":null}},"18":{"start":{"line":52,"column":38},"end":{"line":52,"column":null}},"19":{"start":{"line":53,"column":4},"end":{"line":53,"column":null}},"20":{"start":{"line":57,"column":25},"end":{"line":83,"column":null}},"21":{"start":{"line":58,"column":54},"end":{"line":58,"column":null}},"22":{"start":{"line":59,"column":18},"end":{"line":59,"column":null}},"23":{"start":{"line":62,"column":4},"end":{"line":62,"column":null}},"24":{"start":{"line":64,"column":4},"end":{"line":80,"column":null}},"25":{"start":{"line":64,"column":17},"end":{"line":64,"column":20}},"26":{"start":{"line":65,"column":18},"end":{"line":65,"column":null}},"27":{"start":{"line":66,"column":6},"end":{"line":66,"column":null}},"28":{"start":{"line":67,"column":21},"end":{"line":67,"column":null}},"29":{"start":{"line":69,"column":22},"end":{"line":77,"column":null}},"30":{"start":{"line":70,"column":26},"end":{"line":70,"column":null}},"31":{"start":{"line":72,"column":8},"end":{"line":75,"column":null}},"32":{"start":{"line":79,"column":6},"end":{"line":79,"column":null}},"33":{"start":{"line":82,"column":4},"end":{"line":82,"column":null}},"34":{"start":{"line":85,"column":2},"end":{"line":100,"column":null}},"35":{"start":{"line":86,"column":4},"end":{"line":99,"column":null}},"36":{"start":{"line":87,"column":21},"end":{"line":87,"column":null}},"37":{"start":{"line":88,"column":6},"end":{"line":98,"column":null}},"38":{"start":{"line":89,"column":8},"end":{"line":89,"column":null}},"39":{"start":{"line":90,"column":8},"end":{"line":97,"column":null}},"40":{"start":{"line":102,"column":2},"end":{"line":110,"column":null}},"41":{"start":{"line":103,"column":40},"end":{"line":103,"column":null}},"42":{"start":{"line":105,"column":29},"end":{"line":107,"column":null}},"43":{"start":{"line":106,"column":6},"end":{"line":106,"column":null}},"44":{"start":{"line":109,"column":4},"end":{"line":109,"column":null}},"45":{"start":{"line":112,"column":29},"end":{"line":124,"column":null}},"46":{"start":{"line":113,"column":23},"end":{"line":113,"column":null}},"47":{"start":{"line":114,"column":4},"end":{"line":114,"column":null}},"48":{"start":{"line":115,"column":4},"end":{"line":115,"column":null}},"49":{"start":{"line":116,"column":4},"end":{"line":123,"column":null}},"50":{"start":{"line":126,"column":32},"end":{"line":130,"column":null}},"51":{"start":{"line":129,"column":4},"end":{"line":129,"column":null}},"52":{"start":{"line":132,"column":43},"end":{"line":139,"column":null}},"53":{"start":{"line":134,"column":6},"end":{"line":136,"column":null}},"54":{"start":{"line":135,"column":8},"end":{"line":135,"column":null}},"55":{"start":{"line":137,"column":6},"end":{"line":137,"column":null}},"56":{"start":{"line":141,"column":31},"end":{"line":154,"column":null}},"57":{"start":{"line":145,"column":4},"end":{"line":145,"column":null}},"58":{"start":{"line":146,"column":4},"end":{"line":153,"column":null}},"59":{"start":{"line":156,"column":30},"end":{"line":161,"column":null}},"60":{"start":{"line":160,"column":4},"end":{"line":160,"column":null}},"61":{"start":{"line":163,"column":22},"end":{"line":163,"column":null}},"62":{"start":{"line":165,"column":2},"end":{"line":338,"column":null}},"63":{"start":{"line":268,"column":24},"end":{"line":270,"column":null}},"64":{"start":{"line":314,"column":26},"end":{"line":318,"column":null}}},"fnMap":{"0":{"name":"(anonymous_0)","decl":{"start":{"line":28,"column":24},"end":{"line":28,"column":43}},"loc":{"start":{"line":28,"column":43},"end":{"line":340,"column":null}}},"1":{"name":"(anonymous_1)","decl":{"start":{"line":30,"column":27},"end":{"line":30,"column":28}},"loc":{"start":{"line":30,"column":49},"end":{"line":30,"column":59}}},"2":{"name":"(anonymous_2)","decl":{"start":{"line":31,"column":27},"end":{"line":31,"column":28}},"loc":{"start":{"line":31,"column":49},"end":{"line":31,"column":60}}},"3":{"name":"(anonymous_3)","decl":{"start":{"line":32,"column":33},"end":{"line":32,"column":34}},"loc":{"start":{"line":32,"column":55},"end":{"line":32,"column":71}}},"4":{"name":"(anonymous_4)","decl":{"start":{"line":50,"column":12},"end":{"line":50,"column":18}},"loc":{"start":{"line":50,"column":18},"end":{"line":55,"column":5}}},"5":{"name":"(anonymous_5)","decl":{"start":{"line":57,"column":25},"end":{"line":57,"column":26}},"loc":{"start":{"line":57,"column":51},"end":{"line":83,"column":null}}},"6":{"name":"(anonymous_6)","decl":{"start":{"line":69,"column":34},"end":{"line":69,"column":35}},"loc":{"start":{"line":69,"column":59},"end":{"line":77,"column":7}}},"7":{"name":"(anonymous_7)","decl":{"start":{"line":85,"column":12},"end":{"line":85,"column":18}},"loc":{"start":{"line":85,"column":18},"end":{"line":100,"column":5}}},"8":{"name":"(anonymous_8)","decl":{"start":{"line":102,"column":12},"end":{"line":102,"column":18}},"loc":{"start":{"line":102,"column":18},"end":{"line":110,"column":5}}},"9":{"name":"(anonymous_9)","decl":{"start":{"line":105,"column":46},"end":{"line":105,"column":47}},"loc":{"start":{"line":105,"column":56},"end":{"line":107,"column":5}}},"10":{"name":"(anonymous_10)","decl":{"start":{"line":112,"column":29},"end":{"line":112,"column":30}},"loc":{"start":{"line":112,"column":77},"end":{"line":124,"column":null}}},"11":{"name":"(anonymous_11)","decl":{"start":{"line":126,"column":32},"end":{"line":126,"column":null}},"loc":{"start":{"line":128,"column":7},"end":{"line":130,"column":null}}},"12":{"name":"(anonymous_12)","decl":{"start":{"line":133,"column":4},"end":{"line":133,"column":5}},"loc":{"start":{"line":133,"column":18},"end":{"line":138,"column":null}}},"13":{"name":"(anonymous_13)","decl":{"start":{"line":141,"column":31},"end":{"line":141,"column":null}},"loc":{"start":{"line":144,"column":7},"end":{"line":154,"column":null}}},"14":{"name":"(anonymous_14)","decl":{"start":{"line":156,"column":30},"end":{"line":156,"column":null}},"loc":{"start":{"line":159,"column":7},"end":{"line":161,"column":null}}},"15":{"name":"(anonymous_15)","decl":{"start":{"line":267,"column":44},"end":{"line":267,"column":45}},"loc":{"start":{"line":268,"column":24},"end":{"line":270,"column":null}}},"16":{"name":"(anonymous_16)","decl":{"start":{"line":313,"column":29},"end":{"line":313,"column":30}},"loc":{"start":{"line":314,"column":26},"end":{"line":318,"column":null}}}},"branchMap":{"0":{"loc":{"start":{"line":51,"column":23},"end":{"line":51,"column":null}},"type":"binary-expr","locations":[{"start":{"line":51,"column":23},"end":{"line":51,"column":62}},{"start":{"line":51,"column":62},"end":{"line":51,"column":null}}]},"1":{"loc":{"start":{"line":73,"column":10},"end":{"line":75,"column":null}},"type":"binary-expr","locations":[{"start":{"line":73,"column":10},"end":{"line":73,"column":null}},{"start":{"line":74,"column":10},"end":{"line":74,"column":null}},{"start":{"line":75,"column":10},"end":{"line":75,"column":null}}]},"2":{"loc":{"start":{"line":86,"column":4},"end":{"line":99,"column":null}},"type":"if","locations":[{"start":{"line":86,"column":4},"end":{"line":99,"column":null}},{"start":{},"end":{}}]},"3":{"loc":{"start":{"line":88,"column":6},"end":{"line":98,"column":null}},"type":"if","locations":[{"start":{"line":88,"column":6},"end":{"line":98,"column":null}},{"start":{},"end":{}}]},"4":{"loc":{"start":{"line":103,"column":45},"end":{"line":103,"column":72}},"type":"binary-expr","locations":[{"start":{"line":103,"column":45},"end":{"line":103,"column":69}},{"start":{"line":103,"column":69},"end":{"line":103,"column":72}}]},"5":{"loc":{"start":{"line":134,"column":6},"end":{"line":136,"column":null}},"type":"if","locations":[{"start":{"line":134,"column":6},"end":{"line":136,"column":null}},{"start":{},"end":{}}]},"6":{"loc":{"start":{"line":168,"column":7},"end":{"line":336,"column":null}},"type":"cond-expr","locations":[{"start":{"line":169,"column":8},"end":{"line":171,"column":null}},{"start":{"line":173,"column":8},"end":{"line":336,"column":null}}]},"7":{"loc":{"start":{"line":243,"column":13},"end":{"line":286,"column":null}},"type":"cond-expr","locations":[{"start":{"line":244,"column":14},"end":{"line":285,"column":null}},{"start":{"line":286,"column":16},"end":{"line":286,"column":null}}]},"8":{"loc":{"start":{"line":264,"column":19},"end":{"line":274,"column":null}},"type":"cond-expr","locations":[{"start":{"line":266,"column":20},"end":{"line":272,"column":null}},{"start":{"line":274,"column":20},"end":{"line":274,"column":null}}]},"9":{"loc":{"start":{"line":264,"column":19},"end":{"line":265,"column":null}},"type":"binary-expr","locations":[{"start":{"line":264,"column":19},"end":{"line":264,"column":null}},{"start":{"line":265,"column":18},"end":{"line":265,"column":null}}]},"10":{"loc":{"start":{"line":287,"column":13},"end":{"line":333,"column":null}},"type":"binary-expr","locations":[{"start":{"line":287,"column":13},"end":{"line":287,"column":null}},{"start":{"line":288,"column":14},"end":{"line":333,"column":null}}]},"11":{"loc":{"start":{"line":304,"column":19},"end":{"line":322,"column":null}},"type":"cond-expr","locations":[{"start":{"line":306,"column":20},"end":{"line":320,"column":null}},{"start":{"line":322,"column":20},"end":{"line":322,"column":null}}]},"12":{"loc":{"start":{"line":304,"column":19},"end":{"line":305,"column":null}},"type":"binary-expr","locations":[{"start":{"line":304,"column":19},"end":{"line":304,"column":null}},{"start":{"line":305,"column":18},"end":{"line":305,"column":null}}]}},"s":{"0":1,"1":9,"2":9,"3":13,"4":9,"5":13,"6":9,"7":13,"8":9,"9":9,"10":9,"11":9,"12":9,"13":9,"14":9,"15":9,"16":9,"17":4,"18":4,"19":4,"20":9,"21":4,"22":4,"23":4,"24":4,"25":4,"26":28,"27":28,"28":28,"29":28,"30":0,"31":0,"32":28,"33":4,"34":9,"35":5,"36":5,"37":5,"38":5,"39":5,"40":9,"41":4,"42":4,"43":4,"44":4,"45":9,"46":1,"47":1,"48":1,"49":1,"50":9,"51":0,"52":9,"53":10,"54":8,"55":2,"56":9,"57":0,"58":0,"59":9,"60":0,"61":9,"62":9,"63":9,"64":9},"f":{"0":9,"1":13,"2":13,"3":13,"4":4,"5":4,"6":0,"7":5,"8":4,"9":4,"10":1,"11":0,"12":10,"13":0,"14":0,"15":9,"16":9},"b":{"0":[4,4],"1":[0,0,0],"2":[5,0],"3":[5,0],"4":[4,0],"5":[8,2],"6":[0,9],"7":[9,0],"8":[5,4],"9":[9,9],"10":[9,9],"11":[9,0],"12":[9,9]}}
,"/Users/connor/repos/Practice/workout/Workout/src/pages/helpers/Title.tsx": {"path":"/Users/connor/repos/Practice/workout/Workout/src/pages/helpers/Title.tsx","statementMap":{"0":{"start":{"line":6,"column":21},"end":{"line":35,"column":null}},"1":{"start":{"line":13,"column":25},"end":{"line":28,"column":null}},"2":{"start":{"line":14,"column":11},"end":{"line":23,"column":null}},"3":{"start":{"line":30,"column":2},"end":{"line":33,"column":null}}},"fnMap":{"0":{"name":"(anonymous_0)","decl":{"start":{"line":6,"column":21},"end":{"line":6,"column":22}},"loc":{"start":{"line":12,"column":6},"end":{"line":35,"column":null}}},"1":{"name":"(anonymous_1)","decl":{"start":{"line":14,"column":4},"end":{"line":14,"column":11}},"loc":{"start":{"line":14,"column":11},"end":{"line":23,"column":null}}}},"branchMap":{},"s":{"0":0,"1":0,"2":0,"3":0},"f":{"0":0,"1":0},"b":{}}
,"/Users/connor/repos/Practice/workout/Workout/src/pages/helpers/threshold.ts": {"path":"/Users/connor/repos/Practice/workout/Workout/src/pages/helpers/threshold.ts","statementMap":{"0":{"start":{"line":1,"column":49},"end":{"line":11,"column":null}},"1":{"start":{"line":2,"column":20},"end":{"line":2,"column":null}},"2":{"start":{"line":4,"column":16},"end":{"line":4,"column":null}},"3":{"start":{"line":6,"column":2},"end":{"line":8,"column":null}},"4":{"start":{"line":6,"column":15},"end":{"line":6,"column":18}},"5":{"start":{"line":7,"column":4},"end":{"line":7,"column":null}},"6":{"start":{"line":10,"column":2},"end":{"line":10,"column":null}}},"fnMap":{"0":{"name":"(anonymous_0)","decl":{"start":{"line":1,"column":49},"end":{"line":1,"column":50}},"loc":{"start":{"line":1,"column":66},"end":{"line":11,"column":null}}}},"branchMap":{"0":{"loc":{"start":{"line":1,"column":50},"end":{"line":1,"column":66}},"type":"default-arg","locations":[{"start":{"line":1,"column":58},"end":{"line":1,"column":66}}]}},"s":{"0":0,"1":0,"2":0,"3":0,"4":0,"5":0,"6":0},"f":{"0":0},"b":{"0":[0]}}
,"/Users/connor/repos/Practice/workout/Workout/src/redux/hooks.ts": {"path":"/Users/connor/repos/Practice/workout/Workout/src/redux/hooks.ts","statementMap":{"0":{"start":{"line":5,"column":49},"end":{"line":5,"column":null}},"1":{"start":{"line":6,"column":63},"end":{"line":6,"column":null}}},"fnMap":{},"branchMap":{},"s":{"0":8,"1":8},"f":{},"b":{}}
,"/Users/connor/repos/Practice/workout/Workout/src/redux/store.ts": {"path":"/Users/connor/repos/Practice/workout/Workout/src/redux/store.ts","statementMap":{"0":{"start":{"line":9,"column":21},"end":{"line":18,"column":null}}},"fnMap":{},"branchMap":{},"s":{"0":0},"f":{},"b":{}}
,"/Users/connor/repos/Practice/workout/Workout/src/redux/activity/activity.action.ts": {"path":"/Users/connor/repos/Practice/workout/Workout/src/redux/activity/activity.action.ts","statementMap":{"0":{"start":{"line":14,"column":35},"end":{"line":22,"column":null}},"1":{"start":{"line":17,"column":16},"end":{"line":19,"column":null}},"2":{"start":{"line":20,"column":4},"end":{"line":20,"column":null}},"3":{"start":{"line":24,"column":31},"end":{"line":30,"column":null}},"4":{"start":{"line":27,"column":16},"end":{"line":27,"column":null}},"5":{"start":{"line":28,"column":4},"end":{"line":28,"column":null}},"6":{"start":{"line":32,"column":40},"end":{"line":55,"column":null}},"7":{"start":{"line":45,"column":16},"end":{"line":52,"column":null}},"8":{"start":{"line":53,"column":4},"end":{"line":53,"column":null}},"9":{"start":{"line":57,"column":27},"end":{"line":74,"column":null}},"10":{"start":{"line":60,"column":18},"end":{"line":60,"column":null}},"11":{"start":{"line":62,"column":4},"end":{"line":62,"column":null}},"12":{"start":{"line":64,"column":16},"end":{"line":70,"column":null}},"13":{"start":{"line":72,"column":4},"end":{"line":72,"column":null}},"14":{"start":{"line":76,"column":23},"end":{"line":89,"column":null}},"15":{"start":{"line":79,"column":18},"end":{"line":79,"column":null}},"16":{"start":{"line":80,"column":16},"end":{"line":86,"column":null}},"17":{"start":{"line":87,"column":4},"end":{"line":87,"column":null}},"18":{"start":{"line":91,"column":25},"end":{"line":106,"column":null}},"19":{"start":{"line":94,"column":18},"end":{"line":94,"column":null}},"20":{"start":{"line":95,"column":16},"end":{"line":102,"column":null}},"21":{"start":{"line":104,"column":4},"end":{"line":104,"column":null}}},"fnMap":{"0":{"name":"(anonymous_0)","decl":{"start":{"line":16,"column":2},"end":{"line":16,"column":9}},"loc":{"start":{"line":16,"column":24},"end":{"line":21,"column":null}}},"1":{"name":"(anonymous_1)","decl":{"start":{"line":26,"column":2},"end":{"line":26,"column":14}},"loc":{"start":{"line":26,"column":14},"end":{"line":29,"column":null}}},"2":{"name":"(anonymous_2)","decl":{"start":{"line":34,"column":2},"end":{"line":34,"column":9}},"loc":{"start":{"line":44,"column":8},"end":{"line":54,"column":null}}},"3":{"name":"(anonymous_3)","decl":{"start":{"line":59,"column":2},"end":{"line":59,"column":9}},"loc":{"start":{"line":59,"column":73},"end":{"line":73,"column":null}}},"4":{"name":"(anonymous_4)","decl":{"start":{"line":78,"column":2},"end":{"line":78,"column":9}},"loc":{"start":{"line":78,"column":62},"end":{"line":88,"column":null}}},"5":{"name":"(anonymous_5)","decl":{"start":{"line":93,"column":2},"end":{"line":93,"column":9}},"loc":{"start":{"line":93,"column":52},"end":{"line":105,"column":null}}}},"branchMap":{"0":{"loc":{"start":{"line":66,"column":16},"end":{"line":66,"column":null}},"type":"cond-expr","locations":[{"start":{"line":66,"column":27},"end":{"line":66,"column":38}},{"start":{"line":66,"column":38},"end":{"line":66,"column":null}}]}},"s":{"0":5,"1":1,"2":1,"3":5,"4":0,"5":0,"6":5,"7":17,"8":17,"9":5,"10":2,"11":2,"12":2,"13":2,"14":5,"15":1,"16":1,"17":1,"18":5,"19":1,"20":1,"21":1},"f":{"0":1,"1":0,"2":17,"3":2,"4":1,"5":1},"b":{"0":[1,1]}}
,"/Users/connor/repos/Practice/workout/Workout/src/redux/activity/activity.slice.ts": {"path":"/Users/connor/repos/Practice/workout/Workout/src/redux/activity/activity.slice.ts","statementMap":{"0":{"start":{"line":11,"column":36},"end":{"line":18,"column":null}},"1":{"start":{"line":20,"column":22},"end":{"line":115,"column":null}},"2":{"start":{"line":25,"column":4},"end":{"line":33,"column":null}},"3":{"start":{"line":28,"column":8},"end":{"line":28,"column":null}},"4":{"start":{"line":29,"column":8},"end":{"line":29,"column":null}},"5":{"start":{"line":30,"column":8},"end":{"line":30,"column":null}},"6":{"start":{"line":31,"column":8},"end":{"line":31,"column":null}},"7":{"start":{"line":34,"column":4},"end":{"line":39,"column":null}},"8":{"start":{"line":35,"column":6},"end":{"line":35,"column":null}},"9":{"start":{"line":36,"column":6},"end":{"line":36,"column":null}},"10":{"start":{"line":37,"column":6},"end":{"line":37,"column":null}},"11":{"start":{"line":38,"column":6},"end":{"line":38,"column":null}},"12":{"start":{"line":40,"column":4},"end":{"line":45,"column":null}},"13":{"start":{"line":41,"column":6},"end":{"line":41,"column":null}},"14":{"start":{"line":42,"column":6},"end":{"line":42,"column":null}},"15":{"start":{"line":43,"column":6},"end":{"line":43,"column":null}},"16":{"start":{"line":44,"column":6},"end":{"line":44,"column":null}},"17":{"start":{"line":46,"column":4},"end":{"line":54,"column":null}},"18":{"start":{"line":49,"column":8},"end":{"line":49,"column":null}},"19":{"start":{"line":50,"column":8},"end":{"line":50,"column":null}},"20":{"start":{"line":51,"column":8},"end":{"line":51,"column":null}},"21":{"start":{"line":52,"column":8},"end":{"line":52,"column":null}},"22":{"start":{"line":55,"column":4},"end":{"line":60,"column":null}},"23":{"start":{"line":56,"column":6},"end":{"line":56,"column":null}},"24":{"start":{"line":57,"column":6},"end":{"line":57,"column":null}},"25":{"start":{"line":58,"column":6},"end":{"line":58,"column":null}},"26":{"start":{"line":59,"column":6},"end":{"line":59,"column":null}},"27":{"start":{"line":61,"column":4},"end":{"line":66,"column":null}},"28":{"start":{"line":62,"column":6},"end":{"line":62,"column":null}},"29":{"start":{"line":63,"column":6},"end":{"line":63,"column":null}},"30":{"start":{"line":64,"column":6},"end":{"line":64,"column":null}},"31":{"start":{"line":65,"column":6},"end":{"line":65,"column":null}},"32":{"start":{"line":67,"column":4},"end":{"line":70,"column":null}},"33":{"start":{"line":68,"column":6},"end":{"line":68,"column":null}},"34":{"start":{"line":69,"column":6},"end":{"line":69,"column":null}},"35":{"start":{"line":71,"column":4},"end":{"line":74,"column":null}},"36":{"start":{"line":72,"column":6},"end":{"line":72,"column":null}},"37":{"start":{"line":73,"column":6},"end":{"line":73,"column":null}},"38":{"start":{"line":75,"column":4},"end":{"line":78,"column":null}},"39":{"start":{"line":76,"column":6},"end":{"line":76,"column":null}},"40":{"start":{"line":77,"column":6},"end":{"line":77,"column":null}},"41":{"start":{"line":79,"column":4},"end":{"line":86,"column":null}},"42":{"start":{"line":82,"column":8},"end":{"line":82,"column":null}},"43":{"start":{"line":83,"column":8},"end":{"line":83,"column":null}},"44":{"start":{"line":84,"column":8},"end":{"line":84,"column":null}},"45":{"start":{"line":87,"column":4},"end":{"line":90,"column":null}},"46":{"start":{"line":88,"column":6},"end":{"line":88,"column":null}},"47":{"start":{"line":89,"column":6},"end":{"line":89,"column":null}},"48":{"start":{"line":91,"column":4},"end":{"line":94,"column":null}},"49":{"start":{"line":92,"column":6},"end":{"line":92,"column":null}},"50":{"start":{"line":93,"column":6},"end":{"line":93,"column":null}},"51":{"start":{"line":95,"column":4},"end":{"line":101,"column":null}},"52":{"start":{"line":96,"column":6},"end":{"line":96,"column":null}},"53":{"start":{"line":97,"column":6},"end":{"line":97,"column":null}},"54":{"start":{"line":98,"column":6},"end":{"line":98,"column":null}},"55":{"start":{"line":99,"column":6},"end":{"line":99,"column":null}},"56":{"start":{"line":100,"column":6},"end":{"line":100,"column":null}},"57":{"start":{"line":102,"column":4},"end":{"line":107,"column":null}},"58":{"start":{"line":103,"column":6},"end":{"line":103,"column":null}},"59":{"start":{"line":104,"column":6},"end":{"line":104,"column":null}},"60":{"start":{"line":105,"column":6},"end":{"line":105,"column":null}},"61":{"start":{"line":106,"column":6},"end":{"line":106,"column":null}},"62":{"start":{"line":108,"column":4},"end":{"line":113,"column":null}},"63":{"start":{"line":109,"column":6},"end":{"line":109,"column":null}},"64":{"start":{"line":110,"column":6},"end":{"line":110,"column":null}},"65":{"start":{"line":111,"column":6},"end":{"line":111,"column":null}},"66":{"start":{"line":112,"column":6},"end":{"line":112,"column":null}}},"fnMap":{"0":{"name":"(anonymous_0)","decl":{"start":{"line":24,"column":17},"end":{"line":24,"column":18}},"loc":{"start":{"line":24,"column":30},"end":{"line":114,"column":null}}},"1":{"name":"(anonymous_1)","decl":{"start":{"line":27,"column":6},"end":{"line":27,"column":7}},"loc":{"start":{"line":27,"column":56},"end":{"line":32,"column":null}}},"2":{"name":"(anonymous_2)","decl":{"start":{"line":34,"column":45},"end":{"line":34,"column":46}},"loc":{"start":{"line":34,"column":56},"end":{"line":39,"column":5}}},"3":{"name":"(anonymous_3)","decl":{"start":{"line":40,"column":46},"end":{"line":40,"column":47}},"loc":{"start":{"line":40,"column":65},"end":{"line":45,"column":5}}},"4":{"name":"(anonymous_4)","decl":{"start":{"line":48,"column":6},"end":{"line":48,"column":7}},"loc":{"start":{"line":48,"column":54},"end":{"line":53,"column":null}}},"5":{"name":"(anonymous_5)","decl":{"start":{"line":55,"column":49},"end":{"line":55,"column":50}},"loc":{"start":{"line":55,"column":60},"end":{"line":60,"column":5}}},"6":{"name":"(anonymous_6)","decl":{"start":{"line":61,"column":50},"end":{"line":61,"column":51}},"loc":{"start":{"line":61,"column":69},"end":{"line":66,"column":5}}},"7":{"name":"(anonymous_7)","decl":{"start":{"line":67,"column":43},"end":{"line":67,"column":44}},"loc":{"start":{"line":67,"column":54},"end":{"line":70,"column":5}}},"8":{"name":"(anonymous_8)","decl":{"start":{"line":71,"column":41},"end":{"line":71,"column":42}},"loc":{"start":{"line":71,"column":52},"end":{"line":74,"column":5}}},"9":{"name":"(anonymous_9)","decl":{"start":{"line":75,"column":42},"end":{"line":75,"column":43}},"loc":{"start":{"line":75,"column":61},"end":{"line":78,"column":5}}},"10":{"name":"(anonymous_10)","decl":{"start":{"line":81,"column":6},"end":{"line":81,"column":7}},"loc":{"start":{"line":81,"column":54},"end":{"line":85,"column":null}}},"11":{"name":"(anonymous_11)","decl":{"start":{"line":87,"column":37},"end":{"line":87,"column":38}},"loc":{"start":{"line":87,"column":48},"end":{"line":90,"column":5}}},"12":{"name":"(anonymous_12)","decl":{"start":{"line":91,"column":38},"end":{"line":91
[...]
,"/Users/connor/repos/Practice/workout/Workout/src/redux/auth/auth.slice.ts": {"path":"/Users/connor/repos/Practice/workout/Workout/src/redux/auth/auth.slice.ts","statementMap":{"0":{"start":{"line":11,"column":32},"end":{"line":16,"column":null}},"1":{"start":{"line":18,"column":18},"end":{"line":97,"column":null}},"2":{"start":{"line":23,"column":4},"end":{"line":31,"column":null}},"3":{"start":{"line":26,"column":8},"end":{"line":26,"column":null}},"4":{"start":{"line":27,"column":8},"end":{"line":27,"column":null}},"5":{"start":{"line":28,"column":8},"end":{"line":28,"column":null}},"6":{"start":{"line":29,"column":8},"end":{"line":29,"column":null}},"7":{"start":{"line":32,"column":4},"end":{"line":37,"column":null}},"8":{"start":{"line":33,"column":6},"end":{"line":33,"column":null}},"9":{"start":{"line":34,"column":6},"end":{"line":34,"column":null}},"10":{"start":{"line":35,"column":6},"end":{"line":35,"column":null}},"11":{"start":{"line":36,"column":6},"end":{"line":36,"column":null}},"12":{"start":{"line":38,"column":4},"end":{"line":43,"column":null}},"13":{"start":{"line":39,"column":6},"end":{"line":39,"column":null}},"14":{"start":{"line":40,"column":6},"end":{"line":40,"column":null}},"15":{"start":{"line":41,"column":6},"end":{"line":41,"column":null}},"16":{"start":{"line":42,"column":6},"end":{"line":42,"column":null}},"17":{"start":{"line":44,"column":4},"end":{"line":49,"column":null}},"18":{"start":{"line":45,"column":6},"end":{"line":45,"column":null}},"19":{"start":{"line":46,"column":6},"end":{"line":46,"column":null}},"20":{"start":{"line":47,"column":6},"end":{"line":47,"column":null}},"21":{"start":{"line":48,"column":6},"end":{"line":48,"column":null}},"22":{"start":{"line":50,"column":4},"end":{"line":54,"column":null}},"23":{"start":{"line":51,"column":6},"end":{"line":51,"column":null}},"24":{"start":{"line":52,"column":6},"end":{"line":52,"column":null}},"25":{"start":{"line":53,"column":6},"end":{"line":53,"column":null}},"26":{"start":{"line":55,"column":4},"end":{"line":59,"column":null}},"27":{"start":{"line":56,"column":6},"end":{"line":56,"column":null}},"28":{"start":{"line":57,"column":6},"end":{"line":57,"column":null}},"29":{"start":{"line":58,"column":6},"end":{"line":58,"column":null}},"30":{"start":{"line":60,"column":4},"end":{"line":68,"column":null}},"31":{"start":{"line":63,"column":8},"end":{"line":63,"column":null}},"32":{"start":{"line":64,"column":8},"end":{"line":64,"column":null}},"33":{"start":{"line":65,"column":8},"end":{"line":65,"column":null}},"34":{"start":{"line":66,"column":8},"end":{"line":66,"column":null}},"35":{"start":{"line":69,"column":4},"end":{"line":74,"column":null}},"36":{"start":{"line":70,"column":6},"end":{"line":70,"column":null}},"37":{"start":{"line":71,"column":6},"end":{"line":71,"column":null}},"38":{"start":{"line":72,"column":6},"end":{"line":72,"column":null}},"39":{"start":{"line":73,"column":6},"end":{"line":73,"column":null}},"40":{"start":{"line":75,"column":4},"end":{"line":80,"column":null}},"41":{"start":{"line":76,"column":6},"end":{"line":76,"column":null}},"42":{"start":{"line":77,"column":6},"end":{"line":77,"column":null}},"43":{"start":{"line":78,"column":6},"end":{"line":78,"column":null}},"44":{"start":{"line":79,"column":6},"end":{"line":79,"column":null}},"45":{"start":{"line":81,"column":4},"end":{"line":89,"column":null}},"46":{"start":{"line":84,"column":8},"end":{"line":84,"column":null}},"47":{"start":{"line":85,"column":8},"end":{"line":85,"column":null}},"48":{"start":{"line":86,"column":8},"end":{"line":86,"column":null}},"49":{"start":{"line":87,"column":8},"end":{"line":87,"column":null}},"50":{"start":{"line":90,"column":4},"end":{"line":95,"column":null}},"51":{"start":{"line":91,"column":6},"end":{"line":91,"column":null}},"52":{"start":{"line":92,"column":6},"end":{"line":92,"column":null}},"53":{"start":{"line":93,"column":6},"end":{"line":93,"column":null}},"54":{"start":{"line":94,"column":6},"end":{"line":94,"column":null}}},"fnMap":{"0":{"name":"(anonymous_0)","decl":{"start":{"line":22,"column":17},"end":{"line":22,"column":18}},"loc":{"start":{"line":22,"column":30},"end":{"line":96,"column":null}}},"1":{"name":"(anonymous_1)","decl":{"start":{"line":25,"column":6},"end":{"line":25,"column":7}},"loc":{"start":{"line":25,"column":54},"end":{"line":30,"column":null}}},"2":{"name":"(anonymous_2)","decl":{"start":{"line":32,"column":39},"end":{"line":32,"column":40}},"loc":{"start":{"line":32,"column":50},"end":{"line":37,"column":5}}},"3":{"name":"(anonymous_3)","decl":{"start":{"line":38,"column":40},"end":{"line":38,"column":41}},"loc":{"start":{"line":38,"column":59},"end":{"line":43,"column":5}}},"4":{"name":"(anonymous_4)","decl":{"start":{"line":44,"column":42},"end":{"line":44,"column":43}},"loc":{"start":{"line":44,"column":53},"end":{"line":49,"column":5}}},"5":{"name":"(anonymous_5)","decl":{"start":{"line":50,"column":40},"end":{"line":50,"column":41}},"loc":{"start":{"line":50,"column":51},"end":{"line":54,"column":5}}},"6":{"name":"(anonymous_6)","decl":{"start":{"line":55,"column":41},"end":{"line":55,"column":42}},"loc":{"start":{"line":55,"column":60},"end":{"line":59,"column":5}}},"7":{"name":"(anonymous_7)","decl":{"start":{"line":62,"column":6},"end":{"line":62,"column":7}},"loc":{"start":{"line":62,"column":46},"end":{"line":67,"column":null}}},"8":{"name":"(anonymous_8)","decl":{"start":{"line":69,"column":40},"end":{"line":69,"column":41}},"loc":{"start":{"line":69,"column":51},"end":{"line":74,"column":5}}},"9":{"name":"(anonymous_9)","decl":{"start":{"line":75,"column":41},"end":{"line":75,"column":42}},"loc":{"start":{"line":75,"column":60},"end":{"line":80,"column":5}}},"10":{"name":"(anonymous_10)","decl":{"start":{"line":83,"column":6},"end":{"line":83,"column":7}},"loc":{"start":{"line":83,"column":54},"end":{"line":88,"column":null}}},"11":{"name":"(anonymous_11)","decl":{"start":{"line":90,"column":45},"end":{"line":90,"column":46}},"loc":{"start":{"line":90,"column":56},"end":{"line":95,"column":5}}}},"branchMap":{"0":{"loc":{"start":{"line":41,"column":20},"end":{"line":41,"column":null}},"type":"binary-expr","locations":[{"start":{"line":41,"column":20},"end":{"line":41,"column":44}},{"start":{"line":41,"column":44},"end":{"line":41,"column":null}}]},"1":{"loc":{"start":{"line":57,"column":20},"end":{"line":57,"column":null}},"type":"binary-expr","locations":[{"start":{"line":57,"column":20},"end":{"line":57,"column":44}},{"start":{"line":57,"column":44},"end":{"line":57,"column":null}}]},"2":{"loc":{"start":{"line":78,"column":20},"end":{"line":78,"column":null}},"type":"binary-expr","locations":[{"start":{"line":78,"column":20},"end":{"line":78,"column":44}},{"start":{"line":78,"column":44},"end":{"line":78,"column":null}}]},"3":{"loc":{"start":{"line":84,"column":29},"end":{"line":84,"column":null}},"type":"binary-expr","locations":[{"start":{"line":84,"column":29},"end":{"line":84,"column":61}},{"start":{"line":84,"column":61},"end":{"line":84,"column":null}}]}},"s":{"0":0,"1":0,"2":0,"3":0,"4":0,"5":0,"6":0,"7":0,"8":0,"9":0,"10":0,"11":0,"12":0,"13":0,"14":0,"15":0,"16":0,"17":0,"18":0,"19":0,"20":0,"21":0,"22":0,"23":0,"24":0,"25":0,"26":0,"27":0,"28":0,"29":0,"30":0,"31":0,"32":0,"33":0,"34":0,"35":0,"36":0,"37":0,"38":0,"39":0,"40":0,"41":0,"42":0,"43":0,"44":0,"45":0,"46":0,"47":0,"48":0,"49":0,"50":0,"51":0,"52":0,"53":0,"54":0},"f":{"0":0,"1":0,"2":0,"3":0,"4":0,"5":0,"6":0,"7":0,"8":0,"9":0,"10":0,"11":0},"b":{"0":[0,0],"1":[0,0],"2":[0,0],"3":[0,0]}}
,"/Users/connor/repos/Practice/workout/Workout/src/redux/comment/comment.actions.ts": {"path":"/Users/connor/repos/Practice/workout/Workout/src/redux/comment/comment.actions.ts","statementMap":{"0":{"start":{"line":12,"column":26},"end":{"line":33,"column":null}},"1":{"start":{"line":18,"column":18},"end":{"line":18,"column":null}},"2":{"start":{"line":19,"column":4},"end":{"line":31,"column":null}},"3":{"start":{"line":20,"column":18},"end":{"line":27,"column":null}},"4":{"start":{"line":28,"column":6},"end":{"line":28,"column":null}},"5":{"start":{"line":30,"column":6},"end":{"line":30,"column":null}}},"fnMap":{"0":{"name":"(anonymous_0)","decl":{"start":{"line":14,"column":2},"end":{"line":14,"column":null}},"loc":{"start":{"line":17,"column":7},"end":{"line":32,"column":null}}}},"branchMap":{},"s":{"0":1,"1":1,"2":1,"3":1,"4":1,"5":1},"f":{"0":1},"b":{}}
,"/Users/connor/repos/Practice/workout/Workout/src/redux/comment/comment.slice.ts": {"path":"/Users/connor/repos/Practice/workout/Workout/src/redux/comment/comment.slice.ts","statementMap":{"0":{"start":{"line":4,"column":21},"end":{"line":25,"column":null}},"1":{"start":{"line":12,"column":4},"end":{"line":15,"column":null}},"2":{"start":{"line":13,"column":6},"end":{"line":13,"column":null}},"3":{"start":{"line":14,"column":6},"end":{"line":14,"column":null}},"4":{"start":{"line":16,"column":4},"end":{"line":19,"column":null}},"5":{"start":{"line":17,"column":6},"end":{"line":17,"column":null}},"6":{"start":{"line":18,"column":6},"end":{"line":18,"column":null}},"7":{"start":{"line":20,"column":4},"end":{"line":23,"column":null}},"8":{"start":{"line":21,"column":6},"end":{"line":21,"column":null}},"9":{"start":{"line":22,"column":6},"end":{"line":22,"column":null}}},"fnMap":{"0":{"name":"(anonymous_0)","decl":{"start":{"line":11,"column":17},"end":{"line":11,"column":18}},"loc":{"start":{"line":11,"column":30},"end":{"line":24,"column":null}}},"1":{"name":"(anonymous_1)","decl":{"start":{"line":12,"column":42},"end":{"line":12,"column":43}},"loc":{"start":{"line":12,"column":53},"end":{"line":15,"column":5}}},"2":{"name":"(anonymous_2)","decl":{"start":{"line":16,"column":40},"end":{"line":16,"column":41}},"loc":{"start":{"line":16,"column":51},"end":{"line":19,"column":5}}},"3":{"name":"(anonymous_3)","decl":{"start":{"line":20,"column":41},"end":{"line":20,"column":42}},"loc":{"start":{"line":20,"column":60},"end":{"line":23,"column":5}}}},"branchMap":{"0":{"loc":{"start":{"line":21,"column":20},"end":{"line":21,"column":null}},"type":"binary-expr","locations":[{"start":{"line":21,"column":20},"end":{"line":21,"column":44}},{"start":{"line":21,"column":44},"end":{"line":21,"column":null}}]}},"s":{"0":0,"1":0,"2":0,"3":0,"4":0,"5":0,"6":0,"7":0,"8":0,"9":0},"f":{"0":0,"1":0,"2":0,"3":0},"b":{"0":[0,0]}}
,"/Users/connor/repos/Practice/workout/Workout/src/redux/user/user.actions.ts": {"path":"/Users/connor/repos/Practice/workout/Workout/src/redux/user/user.actions.ts","statementMap":{"0":{"start":{"line":5,"column":26},"end":{"line":15,"column":null}},"1":{"start":{"line":8,"column":16},"end":{"line":12,"column":null}},"2":{"start":{"line":13,"column":4},"end":{"line":13,"column":null}},"3":{"start":{"line":17,"column":25},"end":{"line":23,"column":null}},"4":{"start":{"line":20,"column":16},"end":{"line":20,"column":null}},"5":{"start":{"line":21,"column":4},"end":{"line":21,"column":null}},"6":{"start":{"line":25,"column":26},"end":{"line":28,"column":null}},"7":{"start":{"line":26,"column":14},"end":{"line":26,"column":null}},"8":{"start":{"line":27,"column":2},"end":{"line":27,"column":null}}},"fnMap":{"0":{"name":"(anonymous_0)","decl":{"start":{"line":7,"column":2},"end":{"line":7,"column":9}},"loc":{"start":{"line":7,"column":49},"end":{"line":14,"column":null}}},"1":{"name":"(anonymous_1)","decl":{"start":{"line":19,"column":2},"end":{"line":19,"column":9}},"loc":{"start":{"line":19,"column":24},"end":{"line":22,"column":null}}},"2":{"name":"(anonymous_2)","decl":{"start":{"line":25,"column":61},"end":{"line":25,"column":73}},"loc":{"start":{"line":25,"column":73},"end":{"line":28,"column":1}}}},"branchMap":{},"s":{"0":1,"1":0,"2":0,"3":1,"4":5,"5":5,"6":1,"7":0,"8":0},"f":{"0":0,"1":5,"2":0},"b":{}}
,"/Users/connor/repos/Practice/workout/Workout/src/redux/user/user.slice.ts": {"path":"/Users/connor/repos/Practice/workout/Workout/src/redux/user/user.slice.ts","statementMap":{"0":{"start":{"line":6,"column":32},"end":{"line":11,"column":null}},"1":{"start":{"line":13,"column":18},"end":{"line":73,"column":null}},"2":{"start":{"line":18,"column":4},"end":{"line":26,"column":null}},"3":{"start":{"line":21,"column":8},"end":{"line":21,"column":null}},"4":{"start":{"line":22,"column":8},"end":{"line":22,"column":null}},"5":{"start":{"line":23,"column":8},"end":{"line":23,"column":null}},"6":{"start":{"line":24,"column":8},"end":{"line":24,"column":null}},"7":{"start":{"line":27,"column":4},"end":{"line":32,"column":null}},"8":{"start":{"line":28,"column":6},"end":{"line":28,"column":null}},"9":{"start":{"line":29,"column":6},"end":{"line":29,"column":null}},"10":{"start":{"line":30,"column":6},"end":{"line":30,"column":null}},"11":{"start":{"line":31,"column":6},"end":{"line":31,"column":null}},"12":{"start":{"line":33,"column":4},"end":{"line":38,"column":null}},"13":{"start":{"line":34,"column":6},"end":{"line":34,"column":null}},"14":{"start":{"line":35,"column":6},"end":{"line":35,"column":null}},"15":{"start":{"line":36,"column":6},"end":{"line":36,"column":null}},"16":{"start":{"line":37,"column":6},"end":{"line":37,"column":null}},"17":{"start":{"line":39,"column":4},"end":{"line":47,"column":null}},"18":{"start":{"line":42,"column":8},"end":{"line":42,"column":null}},"19":{"start":{"line":43,"column":8},"end":{"line":43,"column":null}},"20":{"start":{"line":44,"column":8},"end":{"line":44,"column":null}},"21":{"start":{"line":45,"column":8},"end":{"line":45,"column":null}},"22":{"start":{"line":48,"column":4},"end":{"line":53,"column":null}},"23":{"start":{"line":49,"column":6},"end":{"line":49,"column":null}},"24":{"start":{"line":50,"column":6},"end":{"line":50,"column":null}},"25":{"start":{"line":51,"column":6},"end":{"line":51,"column":null}},"26":{"start":{"line":52,"column":6},"end":{"line":52,"column":null}},"27":{"start":{"line":54,"column":4},"end":{"line":59,"column":null}},"28":{"start":{"line":55,"column":6},"end":{"line":55,"column":null}},"29":{"start":{"line":56,"column":6},"end":{"line":56,"column":null}},"30":{"start":{"line":57,"column":6},"end":{"line":57,"column":null}},"31":{"start":{"line":58,"column":6},"end":{"line":58,"column":null}},"32":{"start":{"line":60,"column":4},"end":{"line":63,"column":null}},"33":{"start":{"line":61,"column":6},"end":{"line":61,"column":null}},"34":{"start":{"line":62,"column":6},"end":{"line":62,"column":null}},"35":{"start":{"line":64,"column":4},"end":{"line":67,"column":null}},"36":{"start":{"line":65,"column":6},"end":{"line":65,"column":null}},"37":{"start":{"line":66,"column":6},"end":{"line":66,"column":null}},"38":{"start":{"line":68,"column":4},"end":{"line":71,"column":null}},"39":{"start":{"line":69,"column":6},"end":{"line":69,"column":null}},"40":{"start":{"line":70,"column":6},"end":{"line":70,"column":null}}},"fnMap":{"0":{"name":"(anonymous_0)","decl":{"start":{"line":17,"column":17},"end":{"line":17,"column":18}},"loc":{"start":{"line":17,"column":30},"end":{"line":72,"column":null}}},"1":{"name":"(anonymous_1)","decl":{"start":{"line":20,"column":6},"end":{"line":20,"column":7}},"loc":{"start":{"line":20,"column":46},"end":{"line":25,"column":null}}},"2":{"name":"(anonymous_2)","decl":{"start":{"line":27,"column":39},"end":{"line":27,"column":40}},"loc":{"start":{"line":27,"column":50},"end":{"line":32,"column":5}}},"3":{"name":"(anonymous_3)","decl":{"start":{"line":33,"column":40},"end":{"line":33,"column":41}},"loc":{"start":{"line":33,"column":59},"end":{"line":38,"column":5}}},"4":{"name":"(anonymous_4)","decl":{"start":{"line":41,"column":6},"end":{"line":41,"column":7}},"loc":{"start":{"line":41,"column":48},"end":{"line":46,"column":null}}},"5":{"name":"(anonymous_5)","decl":{"start":{"line":48,"column":40},"end":{"line":48,"column":41}},"loc":{"start":{"line":48,"column":51},"end":{"line":53,"column":5}}},"6":{"name":"(anonymous_6)","decl":{"start":{"line":54,"column":41},"end":{"line":54,"column":42}},"loc":{"start":{"line":54,"column":60},"end":{"line":59,"column":5}}},"7":{"name":"(anonymous_7)","decl":{"start":{"line":60,"column":41},"end":{"line":60,"column":42}},"loc":{"start":{"line":60,"column":52},"end":{"line":63,"column":5}}},"8":{"name":"(anonymous_8)","decl":{"start":{"line":64,"column":39},"end":{"line":64,"column":40}},"loc":{"start":{"line":64,"column":50},"end":{"line":67,"column":5}}},"9":{"name":"(anonymous_9)","decl":{"start":{"line":68,"column":40},"end":{"line":68,"column":41}},"loc":{"start":{"line":68,"column":59},"end":{"line":71,"column":5}}}},"branchMap":{"0":{"loc":{"start":{"line":36,"column":20},"end":{"line":36,"column":null}},"type":"binary-expr","locations":[{"start":{"line":36,"column":20},"end":{"line":36,"column":44}},{"start":{"line":36,"column":44},"end":{"line":36,"column":null}}]},"1":{"loc":{"start":{"line":57,"column":20},"end":{"line":57,"column":null}},"type":"binary-expr","locations":[{"start":{"line":57,"column":20},"end":{"line":57,"column":44}},{"start":{"line":57,"column":44},"end":{"line":57,"column":null}}]},"2":{"loc":{"start":{"line":69,"column":20},"end":{"line":69,"column":null}},"type":"binary-expr","locations":[{"start":{"line":69,"column":20},"end":{"line":69,"column":44}},{"start":{"line":69,"column":44},"end":{"line":69,"column":null}}]}},"s":{"0":0,"1":0,"2":0,"3":0,"4":0,"5":0,"6":0,"7":0,"8":0,"9":0,"10":0,"11":0,"12":0,"13":0,"14":0,"15":0,"16":0,"17":0,"18":0,"19":0,"20":0,"21":0,"22":0,"23":0,"24":0,"25":0,"26":0,"27":0,"28":0,"29":0,"30":0,"31":0,"32":0,"33":0,"34":0,"35":0,"36":0,"37":0,"38":0,"39":0,"40":0},"f":{"0":0,"1":0,"2":0,"3":0,"4":0,"5":0,"6":0,"7":0,"8":0,"9":0},"b":{"0":[0,0],"1":[0,0],"2":[0,0]}}
,"/Users/connor/repos/Practice/workout/Workout/src/styles/theme.ts": {"path":"/Users/connor/repos/Practice/workout/Workout/src/styles/theme.ts","statementMap":{"0":{"start":{"line":3,"column":35},"end":{"line":64,"column":null}}},"fnMap":{},"branchMap":{},"s":{"0":0},"f":{},"b":{}}
,"/Users/connor/repos/Practice/workout/Workout/src/utilities/utilities.tsx": {"path":"/Users/connor/repos/Practice/workout/Workout/src/utilities/utilities.tsx","statementMap":{"0":{"start":{"line":7,"column":47},"end":{"line":30,"column":null}},"1":{"start":{"line":8,"column":16},"end":{"line":12,"column":null}},"2":{"start":{"line":10,"column":6},"end":{"line":10,"column":null}},"3":{"start":{"line":11,"column":4},"end":{"line":11,"column":null}},"4":{"start":{"line":14,"column":22},"end":{"line":25,"column":null}},"5":{"start":{"line":15,"column":18},"end":{"line":15,"column":null}},"6":{"start":{"line":16,"column":4},"end":{"line":24,"column":null}},"7":{"start":{"line":17,"column":6},"end":{"line":22,"column":null}},"8":{"start":{"line":27,"column":27},"end":{"line":27,"column":null}},"9":{"start":{"line":29,"column":2},"end":{"line":29,"column":null}}},"fnMap":{"0":{"name":"(anonymous_0)","decl":{"start":{"line":7,"column":47},"end":{"line":7,"column":48}},"loc":{"start":{"line":7,"column":65},"end":{"line":30,"column":null}}},"1":{"name":"(anonymous_1)","decl":{"start":{"line":8,"column":16},"end":{"line":8,"column":17}},"loc":{"start":{"line":8,"column":34},"end":{"line":12,"column":null}}},"2":{"name":"(anonymous_2)","decl":{"start":{"line":14,"column":22},"end":{"line":14,"column":23}},"loc":{"start":{"line":14,"column":40},"end":{"line":25,"column":null}}},"3":{"name":"(anonymous_3)","decl":{"start":{"line":16,"column":21},"end":{"line":16,"column":22}},"loc":{"start":{"line":16,"column":38},"end":{"line":24,"column":5}}}},"branchMap":{"0":{"loc":{"start":{"line":17,"column":13},"end":{"line":22,"column":null}},"type":"cond-expr","locations":[{"start":{"line":18,"column":8},"end":{"line":20,"column":null}},{"start":{"line":22,"column":8},"end":{"line":22,"column":null}}]}},"s":{"0":2,"1":19,"2":19,"3":19,"4":19,"5":19,"6":19,"7":19,"8":19,"9":19},"f":{"0":19,"1":19,"2":19,"3":19},"b":{"0":[0,19]}}
}
