{"/Users/connor/repos/Practice/workout/Workout/src/App.tsx": {"path":"/Users/connor/repos/Practice/workout/Workout/src/App.tsx","statementMap":{"0":{"start":{"line":19,"column":21},"end":{"line":19,"column":null}},"1":{"start":{"line":21,"column":12},"end":{"line":48,"column":null}},"2":{"start":{"line":22,"column":19},"end":{"line":22,"column":null}},"3":{"start":{"line":24,"column":2},"end":{"line":26,"column":null}},"4":{"start":{"line":25,"column":4},"end":{"line":25,"column":null}},"5":{"start":{"line":28,"column":2},"end":{"line":46,"column":null}}},"fnMap":{"0":{"name":"(anonymous_0)","decl":{"start":{"line":21,"column":12},"end":{"line":21,"column":18}},"loc":{"start":{"line":21,"column":18},"end":{"line":48,"column":null}}},"1":{"name":"(anonymous_1)","decl":{"start":{"line":24,"column":12},"end":{"line":24,"column":18}},"loc":{"start":{"line":24,"column":18},"end":{"line":26,"column":5}}}},"branchMap":{},"s":{"0":0,"1":0,"2":0,"3":0,"4":0,"5":0},"f":{"0":0,"1":0},"b":{}}
,"/Users/connor/repos/Practice/workout/Workout/src/main.tsx": {"path":"/Users/connor/repos/Practice/workout/Workout/src/main.tsx","statementMap":{"0":{"start":{"line":8,"column":0},"end":{"line":14,"column":null}}},"fnMap":{},"branchMap":{},"s":{"0":0},"f":{},"b":{}}
,"/Users/connor/repos/Practice/workout/Workout/src/components/Activity.tsx": {"path":"/Users/connor/repos/Practice/workout/Workout/src/components/Activity.tsx","statementMap":{"0":{"start":{"line":14,"column":49},"end":{"line":208,"column":null}},"1":{"start":{"line":17,"column":19},"end":{"line":17,"column":null}},"2":{"start":{"line":18,"column":15},"end":{"line":18,"column":null}},"3":{"start":{"line":18,"column":49},"end":{"line":18,"column":59}},"4":{"start":{"line":19,"column":17},"end":{"line":19,"column":null}},"5":{"start":{"line":20,"column":36},"end":{"line":20,"column":null}},"6":{"start":{"line":21,"column":34},"end":{"line":30,"column":null}},"7":{"start":{"line":22,"column":4},"end":{"line":26,"column":null}},"8":{"start":{"line":23,"column":6},"end":{"line":23,"column":null}},"9":{"start":{"line":24,"column":4},"end":{"line":26,"column":null}},"10":{"start":{"line":25,"column":6},"end":{"line":25,"column":null}},"11":{"start":{"line":27,"column":4},"end":{"line":28,"column":null}},"12":{"start":{"line":31,"column":34},"end":{"line":33,"column":null}},"13":{"start":{"line":35,"column":21},"end":{"line":51,"column":null}},"14":{"start":{"line":36,"column":4},"end":{"line":36,"column":null}},"15":{"start":{"line":37,"column":4},"end":{"line":37,"column":null}},"16":{"start":{"line":39,"column":4},"end":{"line":42,"column":null}},"17":{"start":{"line":40,"column":6},"end":{"line":40,"column":null}},"18":{"start":{"line":41,"column":6},"end":{"line":41,"column":null}},"19":{"start":{"line":44,"column":4},"end":{"line":50,"column":null}},"20":{"start":{"line":45,"column":6},"end":{"line":45,"column":null}},"21":{"start":{"line":47,"column":6},"end":{"line":47,"column":null}},"22":{"start":{"line":48,"column":6},"end":{"line":48,"column":null}},"23":{"start":{"line":49,"column":6},"end":{"line":49,"column":null}},"24":{"start":{"line":53,"column":23},"end":{"line":65,"column":null}},"25":{"start":{"line":54,"column":4},"end":{"line":54,"column":null}},"26":{"start":{"line":55,"column":4},"end":{"line":55,"column":null}},"27":{"start":{"line":57,"column":4},"end":{"line":64,"column":null}},"28":{"start":{"line":58,"column":6},"end":{"line":58,"column":null}},"29":{"start":{"line":59,"column":4},"end":{"line":64,"column":null}},"30":{"start":{"line":60,"column":6},"end":{"line":60,"column":null}},"31":{"start":{"line":61,"column":6},"end":{"line":61,"column":null}},"32":{"start":{"line":63,"column":6},"end":{"line":63,"column":null}},"33":{"start":{"line":67,"column":2},"end":{"line":79,"column":null}},"34":{"start":{"line":68,"column":4},"end":{"line":78,"column":null}},"35":{"start":{"line":73,"column":6},"end":{"line":75,"column":null}},"36":{"start":{"line":77,"column":6},"end":{"line":77,"column":null}},"37":{"start":{"line":81,"column":2},"end":{"line":84,"column":null}},"38":{"start":{"line":82,"column":4},"end":{"line":82,"column":null}},"39":{"start":{"line":83,"column":4},"end":{"line":83,"column":null}},"40":{"start":{"line":86,"column":2},"end":{"line":206,"column":null}}},"fnMap":{"0":{"name":"(anonymous_0)","decl":{"start":{"line":14,"column":49},"end":{"line":14,"column":50}},"loc":{"start":{"line":16,"column":34},"end":{"line":208,"column":null}}},"1":{"name":"(anonymous_1)","decl":{"start":{"line":18,"column":27},"end":{"line":18,"column":28}},"loc":{"start":{"line":18,"column":49},"end":{"line":18,"column":59}}},"2":{"name":"(anonymous_2)","decl":{"start":{"line":21,"column":43},"end":{"line":21,"column":49}},"loc":{"start":{"line":21,"column":49},"end":{"line":30,"column":3}}},"3":{"name":"(anonymous_3)","decl":{"start":{"line":35,"column":21},"end":{"line":35,"column":28}},"loc":{"start":{"line":35,"column":56},"end":{"line":51,"column":null}}},"4":{"name":"(anonymous_4)","decl":{"start":{"line":53,"column":23},"end":{"line":53,"column":30}},"loc":{"start":{"line":53,"column":58},"end":{"line":65,"column":null}}},"5":{"name":"(anonymous_5)","decl":{"start":{"line":67,"column":12},"end":{"line":67,"column":18}},"loc":{"start":{"line":67,"column":18},"end":{"line":79,"column":5}}},"6":{"name":"(anonymous_6)","decl":{"start":{"line":81,"column":12},"end":{"line":81,"column":18}},"loc":{"start":{"line":81,"column":18},"end":{"line":84,"column":5}}}},"branchMap":{"0":{"loc":{"start":{"line":20,"column":45},"end":{"line":20,"column":72}},"type":"binary-expr","locations":[{"start":{"line":20,"column":45},"end":{"line":20,"column":71}},{"start":{"line":20,"column":71},"end":{"line":20,"column":72}}]},"1":{"loc":{"start":{"line":22,"column":4},"end":{"line":26,"column":null}},"type":"if","locations":[{"start":{"line":22,"column":4},"end":{"line":26,"column":null}},{"start":{"line":24,"column":4},"end":{"line":26,"column":null}}]},"2":{"loc":{"start":{"line":24,"column":4},"end":{"line":26,"column":null}},"type":"if","locations":[{"start":{"line":24,"column":4},"end":{"line":26,"column":null}},{"start":{},"end":{}}]},"3":{"loc":{"start":{"line":24,"column":15},"end":{"line":24,"column":46}},"type":"binary-expr","locations":[{"start":{"line":24,"column":15},"end":{"line":24,"column":37}},{"start":{"line":24,"column":37},"end":{"line":24,"column":46}}]},"4":{"loc":{"start":{"line":28,"column":6},"end":{"line":28,"column":null}},"type":"binary-expr","locations":[{"start":{"line":28,"column":6},"end":{"line":28,"column":70}},{"start":{"line":28,"column":70},"end":{"line":28,"column":null}}]},"5":{"loc":{"start":{"line":32,"column":4},"end":{"line":32,"column":null}},"type":"binary-expr","locations":[{"start":{"line":32,"column":4},"end":{"line":32,"column":41}},{"start":{"line":32,"column":41},"end":{"line":32,"column":null}}]},"6":{"loc":{"start":{"line":39,"column":4},"end":{"line":42,"column":null}},"type":"if","locations":[{"start":{"line":39,"column":4},"end":{"line":42,"column":null}},{"start":{},"end":{}}]},"7":{"loc":{"start":{"line":44,"column":4},"end":{"line":50,"column":null}},"type":"if","locations":[{"start":{"line":44,"column":4},"end":{"line":50,"column":null}},{"start":{"line":46,"column":11},"end":{"line":50,"column":null}}]},"8":{"loc":{"start":{"line":48,"column":20},"end":{"line":48,"column":51}},"type":"binary-expr","locations":[{"start":{"line":48,"column":20},"end":{"line":48,"column":46}},{"start":{"line":48,"column":46},"end":{"line":48,"column":51}}]},"9":{"loc":{"start":{"line":57,"column":4},"end":{"line":64,"column":null}},"type":"if","locations":[{"start":{"line":57,"column":4},"end":{"line":64,"column":null}},{"start":{"line":59,"column":4},"end":{"line":64,"column":null}}]},"10":{"loc":{"start":{"line":59,"column":4},"end":{"line":64,"column":null}},"type":"if","locations":[{"start":{"line":59,"column":4},"end":{"line":64,"column":null}},{"start":{"line":62,"column":11},"end":{"line":64,"column":null}}]},"11":{"loc":{"start":{"line":59,"column":15},"end":{"line":59,"column":76}},"type":"binary-expr","locations":[{"start":{"line":59,"column":15},"end":{"line":59,"column":36}},{"start":{"line":59,"column":36},"end":{"line":59,"column":46}},{"start":{"line":59,"column":46},"end":{"line":59,"column":76}}]},"12":{"loc":{"start":{"line":68,"column":4},"end":{"line":78,"column":null}},"type":"if","locations":[{"start":{"line":68,"column":4},"end":{"line":78,"column":null}},{"start":{"line":76,"column":11},"end":{"line":78,"column":null}}]},"13":{"loc":{"start":{"line":69,"column":6},"end":{"line":71,"column":null}},"type":"binary-expr","locations":[{"start":{"line":69,"column":6},"end":{"line":69,"column":null}},{"start":{"line":70,"column":6},"end":{"line":70,"column":null}},{"start":{"line":71,"column":6},"end":{"line":71,"column":null}}]},"14":{"loc":{"start":{"line":74,"column":8},"end":{"line":74,"column":null}},"type":"binary-expr","locations":[{"start":{"line":74,"column":8},"end":{"line":74,"column":72}},{"start":{"line":74,"column":72},"end":{"line":74,"column":null}}]},"15":{"loc":{"start":{"line":82,"column":17},"end":{"line":82,"column":44}},"type":"binary-expr","locations":[{"start":{"line":82,"column":17},"end":{"line":82,"column":43}},{"start":{"line":82,"column":43},"end":{"line":82,"column":44}}]},"16":{"loc":{"start":{"line":83,"column":16},"end":{"line":83,"column":58}},"type":"binary-expr","locations":[{"start":{"line":83,"column":16},"end":{"line":83,"column":53}},{"start":{"line":83,"column":53},"end":{"line":83,"column":58}}]},"17":{"loc":{"start":{"line":100,"column":11},"end":{"line":136,"column":null}},"type":"cond-expr","locations":[{"start":{"line":101,"column":12},"end":{"line":118,"column":null}},{"start":{"line":120,"column":12},"end":{"line":136,"column":null}}]},"18":{"loc":{"start":{"line":107,"column":17},"end":{"line":109,"column":44}},"type":"cond-expr","locations":[{"start":{"line":108,"column":20},"end":{"line":108,"column":null}},{"start":{"line":109,"column":20},"end":{"line":109,"column":44}}]},"19":{"loc":{"start":{"line":126,"column":17},"end":{"line":128,"column":44}},"type":"cond-expr","locations":[{"start":{"line":127,"column":20},"end":{"line":127,"column":null}},{"start":{"line":128,"column":20},"end":{"line":128,"column":44}}]},"20":{"loc":{"start":{"line":157,"column":13},"end":{"line":172,"column":null}},"type":"cond-expr","locations":[{"start":{"line":161,"column":14},"end":{"line":161,"column":null}},{"start":{"line":163,"column":14},"end":{"line":172,"column":null}}]},"21":{"loc":{"start":{"line":157,"column":13},"end":{"line":160,"column":null}},"type":"binary-expr","locations":[{"start":{"line":157,"column":13},"end":{"line":157,"column":null}},{"start":{"line":158,"column":12},"end":{"line":158,"column":null}},{"start":{"line":159,"column":12},"end":{"line":159,"column":null}},{"start":{"line":160,"column":12},"end":{"line":160,"column":null}}]},"22":{"loc":{"start":{"line":185,"column":15},"end":{"line":200,"column":null}},"type":"cond-expr","locations":[{"start":{"line":189,"column":16},"end":{"line":189,"column":null}},{"start":{"line":191,"column":16},"end":{"line":200,"column":null}}]},"23":{"loc":{"start":{"line":185,"column":15},"end":{"line":188,"column":null}},"type":"binary-expr","locations":[{"start":{"line":185,"column":15},"end":{"line":185,"column":null}},{"start":{"line":186,"column":14},"end":{"line":186,"column":null}},{"start":{"line":187,"column":14},"end":{"line":187,"column":null}},{"start":{"line":188,"column":14},"end":{"line":188,"column":null}}]}},"s":{"0":3,"1":40,"2":40,"3":68,"4":40,"5":40,"6":40,"7":28,"8":6,"9":22,"10":3,"11":19,"12":40,"13":40,"14":0,"15":0,"16":0,"17":0,"18":0,"19":0,"20":0,"21":0,"22":0,"23":0,"24":40,"25":0,"26":0,"27":0,"28":0,"29":0,"30":0,"31":0,"32":0,"33":40,"34":28,"35":0,"36":28,"37":40,"38":28,"39":28,"40":40},"f":{"0":40,"1":68,"2":28,"3":0,"4":0,"5":28,"6":28},"b":{"0":[40,0],"1":[6,22],"2":[3,19],"3":[22,19],"4":[19,19],"5":[40,0],"6":[0,0],"7":[0,0],"8":[0,0],"9":[0,0],"10":[0,0],"11":[0,0,0],"12":[0,28],"13":[28,25,25],"14":[0,0],"15":[28,0],"16":[28,0],"17":[22,18],"18":[0,22],"19":[0,18],"20":[16,24],"21":[40,37,24,24],"22":[16,24],"23":[40,37,24,24]}}
,"/Users/connor/repos/Practice/workout/Workout/src/components/ActivitySelector.tsx": {"path":"/Users/connor/repos/Practice/workout/Workout/src/components/ActivitySelector.tsx","statementMap":{"0":{"start":{"line":13,"column":5},"end":{"line":88,"column":null}},"1":{"start":{"line":14,"column":2},"end":{"line":86,"column":null}}},"fnMap":{"0":{"name":"(anonymous_0)","decl":{"start":{"line":13,"column":5},"end":{"line":13,"column":6}},"loc":{"start":{"line":13,"column":41},"end":{"line":88,"column":null}}}},"branchMap":{"0":{"loc":{"start":{"line":23,"column":9},"end":{"line":50,"column":null}},"type":"cond-expr","locations":[{"start":{"line":24,"column":10},"end":{"line":36,"column":null}},{"start":{"line":38,"column":10},"end":{"line":50,"column":null}}]},"1":{"loc":{"start":{"line":75,"column":11},"end":{"line":82,"column":null}},"type":"cond-expr","locations":[{"start":{"line":76,"column":12},"end":{"line":76,"column":null}},{"start":{"line":78,"column":12},"end":{"line":82,"column":null}}]}},"s":{"0":2,"1":28},"f":{"0":28},"b":{"0":[0,28],"1":[0,28]}}
,"/Users/connor/repos/Practice/workout/Workout/src/components/CalorieGraph.tsx": {"path":"/Users/connor/repos/Practice/workout/Workout/src/components/CalorieGraph.tsx","statementMap":{"0":{"start":{"line":7,"column":5},"end":{"line":35,"column":null}},"1":{"start":{"line":8,"column":25},"end":{"line":21,"column":null}},"2":{"start":{"line":9,"column":20},"end":{"line":9,"column":null}},"3":{"start":{"line":11,"column":26},"end":{"line":18,"column":null}},"4":{"start":{"line":12,"column":6},"end":{"line":16,"column":null}},"5":{"start":{"line":13,"column":8},"end":{"line":13,"column":null}},"6":{"start":{"line":14,"column":6},"end":{"line":16,"column":null}},"7":{"start":{"line":15,"column":8},"end":{"line":15,"column":null}},"8":{"start":{"line":17,"column":6},"end":{"line":17,"column":null}},"9":{"start":{"line":20,"column":4},"end":{"line":20,"column":null}},"10":{"start":{"line":23,"column":21},"end":{"line":23,"column":null}},"11":{"start":{"line":25,"column":2},"end":{"line":33,"column":null}}},"fnMap":{"0":{"name":"(anonymous_0)","decl":{"start":{"line":7,"column":5},"end":{"line":7,"column":6}},"loc":{"start":{"line":7,"column":25},"end":{"line":35,"column":null}}},"1":{"name":"(anonymous_1)","decl":{"start":{"line":8,"column":53},"end":{"line":8,"column":54}},"loc":{"start":{"line":8,"column":62},"end":{"line":21,"column":3}}},"2":{"name":"(anonymous_2)","decl":{"start":{"line":11,"column":41},"end":{"line":11,"column":42}},"loc":{"start":{"line":11,"column":60},"end":{"line":18,"column":7}}}},"branchMap":{"0":{"loc":{"start":{"line":12,"column":6},"end":{"line":16,"column":null}},"type":"if","locations":[{"start":{"line":12,"column":6},"end":{"line":16,"column":null}},{"start":{"line":14,"column":6},"end":{"line":16,"column":null}}]},"1":{"loc":{"start":{"line":13,"column":22},"end":{"line":13,"column":null}},"type":"binary-expr","locations":[{"start":{"line":13,"column":22},"end":{"line":13,"column":43}},{"start":{"line":13,"column":43},"end":{"line":13,"column":null}}]},"2":{"loc":{"start":{"line":14,"column":6},"end":{"line":16,"column":null}},"type":"if","locations":[{"start":{"line":14,"column":6},"end":{"line":16,"column":null}},{"start":{},"end":{}}]},"3":{"loc":{"start":{"line":15,"column":22},"end":{"line":15,"column":null}},"type":"binary-expr","locations":[{"start":{"line":15,"column":22},"end":{"line":15,"column":43}},{"start":{"line":15,"column":43},"end":{"line":15,"column":null}}]}},"s":{"0":1,"1":7,"2":28,"3":28,"4":0,"5":0,"6":0,"7":0,"8":0,"9":28,"10":7,"11":7},"f":{"0":7,"1":28,"2":0},"b":{"0":[0,0],"1":[0,0],"2":[0,0],"3":[0,0]}}
,"/Users/connor/repos/Practice/workout/Workout/src/components/Comment.tsx": {"path":"/Users/connor/repos/Practice/workout/Workout/src/components/Comment.tsx","statementMap":{"0":{"start":{"line":11,"column":55},"end":{"line":37,"column":null}},"1":{"start":{"line":12,"column":15},"end":{"line":12,"column":null}},"2":{"start":{"line":12,"column":49},"end":{"line":12,"column":59}},"3":{"start":{"line":13,"column":17},"end":{"line":13,"column":null}},"4":{"start":{"line":15,"column":2},"end":{"line":35,"column":null}}},"fnMap":{"0":{"name":"(anonymous_0)","decl":{"start":{"line":11,"column":55},"end":{"line":11,"column":56}},"loc":{"start":{"line":11,"column":72},"end":{"line":37,"column":null}}},"1":{"name":"(anonymous_1)","decl":{"start":{"line":12,"column":27},"end":{"line":12,"column":28}},"loc":{"start":{"line":12,"column":49},"end":{"line":12,"column":59}}}},"branchMap":{"0":{"loc":{"start":{"line":32,"column":14},"end":{"line":32,"column":null}},"type":"cond-expr","locations":[{"start":{"line":32,"column":48},"end":{"line":32,"column":55}},{"start":{"line":32,"column":55},"end":{"line":32,"column":null}}]}},"s":{"0":2,"1":13,"2":20,"3":13,"4":13},"f":{"0":13,"1":20},"b":{"0":[0,13]}}
,"/Users/connor/repos/Practice/workout/Workout/src/components/Header.tsx": {"path":"/Users/connor/repos/Practice/workout/Workout/src/components/Header.tsx","statementMap":{"0":{"start":{"line":22,"column":28},"end":{"line":103,"column":null}},"1":{"start":{"line":23,"column":19},"end":{"line":23,"column":null}},"2":{"start":{"line":24,"column":19},"end":{"line":24,"column":null}},"3":{"start":{"line":25,"column":15},"end":{"line":25,"column":null}},"4":{"start":{"line":25,"column":49},"end":{"line":25,"column":59}},"5":{"start":{"line":27,"column":18},"end":{"line":36,"column":null}},"6":{"start":{"line":28,"column":4},"end":{"line":35,"column":null}},"7":{"start":{"line":29,"column":19},"end":{"line":32,"column":null}},"8":{"start":{"line":33,"column":6},"end":{"line":33,"column":null}},"9":{"start":{"line":34,"column":6},"end":{"line":34,"column":null}},"10":{"start":{"line":38,"column":2},"end":{"line":100,"column":null}}},"fnMap":{"0":{"name":"(anonymous_0)","decl":{"start":{"line":22,"column":28},"end":{"line":22,"column":47}},"loc":{"start":{"line":22,"column":47},"end":{"line":103,"column":null}}},"1":{"name":"(anonymous_1)","decl":{"start":{"line":25,"column":27},"end":{"line":25,"column":28}},"loc":{"start":{"line":25,"column":49},"end":{"line":25,"column":59}}},"2":{"name":"(anonymous_2)","decl":{"start":{"line":27,"column":18},"end":{"line":27,"column":30}},"loc":{"start":{"line":27,"column":30},"end":{"line":36,"column":null}}}},"branchMap":{"0":{"loc":{"start":{"line":28,"column":4},"end":{"line":35,"column":null}},"type":"if","locations":[{"start":{"line":28,"column":4},"end":{"line":35,"column":null}},{"start":{},"end":{}}]},"1":{"loc":{"start":{"line":28,"column":8},"end":{"line":28,"column":78}},"type":"binary-expr","locations":[{"start":{"line":28,"column":8},"end":{"line":28,"column":44}},{"start":{"line":28,"column":44},"end":{"line":28,"column":78}}]},"2":{"loc":{"start":{"line":53,"column":11},"end":{"line":96,"column":null}},"type":"cond-expr","locations":[{"start":{"line":54,"column":12},"end":{"line":85,"column":null}},{"start":{"line":87,"column":12},"end":{"line":96,"column":null}}]}},"s":{"0":0,"1":0,"2":0,"3":0,"4":0,"5":0,"6":0,"7":0,"8":0,"9":0,"10":0},"f":{"0":0,"1":0,"2":0},"b":{"0":[0,0],"1":[0,0],"2":[0,0]}}
,"/Users/connor/repos/Practice/workout/Workout/src/components/PageSelector.tsx": {"path":"/Users/connor/repos/Practice/workout/Workout/src/components/PageSelector.tsx","statementMap":{"0":{"start":{"line":9,"column":28},"end":{"line":39,"column":null}},"1":{"start":{"line":20,"column":2},"end":{"line":39,"column":null}},"2":{"start":{"line":31,"column":8},"end":{"line":36,"column":null}}},"fnMap":{"0":{"name":"(anonymous_0)","decl":{"start":{"line":9,"column":28},"end":{"line":9,"column":29}},"loc":{"start":{"line":20,"column":2},"end":{"line":39,"column":null}}},"1":{"name":"(anonymous_1)","decl":{"start":{"line":30,"column":60},"end":{"line":30,"column":61}},"loc":{"start":{"line":31,"column":8},"end":{"line":36,"column":null}}}},"branchMap":{},"s":{"0":0,"1":0,"2":0},"f":{"0":0,"1":0},"b":{}}
,"/Users/connor/repos/Practice/workout/Workout/src/components/Slideshow.tsx": {"path":"/Users/connor/repos/Practice/workout/Workout/src/components/Slideshow.tsx","statementMap":{"0":{"start":{"line":5,"column":51},"end":{"line":124,"column":null}},"1":{"start":{"line":8,"column":28},"end":{"line":8,"column":null}},"2":{"start":{"line":9,"column":16},"end":{"line":9,"column":null}},"3":{"start":{"line":10,"column":21},"end":{"line":10,"column":null}},"4":{"start":{"line":12,"column":23},"end":{"line":16,"column":null}},"5":{"start":{"line":13,"column":4},"end":{"line":15,"column":null}},"6":{"start":{"line":14,"column":6},"end":{"line":14,"column":null}},"7":{"start":{"line":18,"column":2},"end":{"line":31,"column":null}},"8":{"start":{"line":19,"column":4},"end":{"line":19,"column":null}},"9":{"start":{"line":20,"column":4},"end":{"line":26,"column":null}},"10":{"start":{"line":22,"column":8},"end":{"line":24,"column":null}},"11":{"start":{"line":23,"column":10},"end":{"line":23,"column":null}},"12":{"start":{"line":28,"column":4},"end":{"line":30,"column":null}},"13":{"start":{"line":29,"column":6},"end":{"line":29,"column":null}},"14":{"start":{"line":33,"column":2},"end":{"line":122,"column":null}},"15":{"start":{"line":44,"column":8},"end":{"line":90,"column":null}},"16":{"start":{"line":102,"column":10},"end":{"line":119,"column":null}},"17":{"start":{"line":117,"column":14},"end":{"line":117,"column":null}}},"fnMap":{"0":{"name":"(anonymous_0)","decl":{"start":{"line":5,"column":51},"end":{"line":5,"column":52}},"loc":{"start":{"line":7,"column":35},"end":{"line":124,"column":null}}},"1":{"name":"(anonymous_1)","decl":{"start":{"line":12,"column":23},"end":{"line":12,"column":29}},"loc":{"start":{"line":12,"column":29},"end":{"line":16,"column":null}}},"2":{"name":"(anonymous_2)","decl":{"start":{"line":18,"column":12},"end":{"line":18,"column":18}},"loc":{"start":{"line":18,"column":18},"end":{"line":31,"column":5}}},"3":{"name":"(anonymous_3)","decl":{"start":{"line":21,"column":6},"end":{"line":21,"column":null}},"loc":{"start":{"line":22,"column":8},"end":{"line":24,"column":null}}},"4":{"name":"(anonymous_4)","decl":{"start":{"line":22,"column":17},"end":{"line":22,"column":18}},"loc":{"start":{"line":23,"column":10},"end":{"line":23,"column":null}}},"5":{"name":"(anonymous_5)","decl":{"start":{"line":28,"column":11},"end":{"line":28,"column":17}},"loc":{"start":{"line":28,"column":17},"end":{"line":30,"column":null}}},"6":{"name":"(anonymous_6)","decl":{"start":{"line":43,"column":17},"end":{"line":43,"column":18}},"loc":{"start":{"line":44,"column":8},"end":{"line":90,"column":null}}},"7":{"name":"(anonymous_7)","decl":{"start":{"line":101,"column":19},"end":{"line":101,"column":20}},"loc":{"start":{"line":102,"column":10},"end":{"line":119,"column":null}}},"8":{"name":"(anonymous_8)","decl":{"start":{"line":116,"column":21},"end":{"line":116,"column":27}},"loc":{"start":{"line":116,"column":27},"end":{"line":118,"column":null}}}},"branchMap":{"0":{"loc":{"start":{"line":13,"column":4},"end":{"line":15,"column":null}},"type":"if","locations":[{"start":{"line":13,"column":4},"end":{"line":15,"column":null}},{"start":{},"end":{}}]},"1":{"loc":{"start":{"line":23,"column":10},"end":{"line":23,"column":null}},"type":"cond-expr","locations":[{"start":{"line":23,"column":43},"end":{"line":23,"column":47}},{"start":{"line":23,"column":47},"end":{"line":23,"column":null}}]},"2":{"loc":{"start":{"line":47,"column":21},"end":{"line":47,"column":null}},"type":"cond-expr","locations":[{"start":{"line":47,"column":43},"end":{"line":47,"column":52}},{"start":{"line":47,"column":52},"end":{"line":47,"column":null}}]},"3":{"loc":{"start":{"line":111,"column":31},"end":{"line":111,"column":null}},"type":"cond-expr","locations":[{"start":{"line":111,"column":47},"end":{"line":111,"column":59}},{"start":{"line":111,"column":59},"end":{"line":111,"column":null}}]}},"s":{"0":0,"1":0,"2":0,"3":0,"4":0,"5":0,"6":0,"7":0,"8":0,"9":0,"10":0,"11":0,"12":0,"13":0,"14":0,"15":0,"16":0,"17":0},"f":{"0":0,"1":0,"2":0,"3":0,"4":0,"5":0,"6":0,"7":0,"8":0},"b":{"0":[0,0],"1":[0,0],"2":[0,0],"3":[0,0]}}
,"/Users/connor/repos/Practice/workout/Workout/src/components/Testimonial.tsx": {"path":"/Users/connor/repos/Practice/workout/Workout/src/components/Testimonial.tsx","statementMap":{"0":{"start":{"line":5,"column":55},"end":{"line":55,"column":null}},"1":{"start":{"line":8,"column":2},"end":{"line":53,"column":null}}},"fnMap":{"0":{"name":"(anonymous_0)","decl":{"start":{"line":5,"column":55},"end":{"line":5,"column":56}},"loc":{"start":{"line":7,"column":37},"end":{"line":55,"column":null}}}},"branchMap":{},"s":{"0":0,"1":0},"f":{"0":0},"b":{}}
,"/Users/connor/repos/Practice/workout/Workout/src/pages/ActivityPage.tsx": {"path":"/Users/connor/repos/Practice/workout/Workout/src/pages/ActivityPage.tsx","statementMap":{"0":{"start":{"line":25,"column":28},"end":{"line":179,"column":null}},"1":{"start":{"line":26,"column":19},"end":{"line":26,"column":null}},"2":{"start":{"line":27,"column":17},"end":{"line":27,"column":null}},"3":{"start":{"line":28,"column":19},"end":{"line":28,"column":null}},"4":{"start":{"line":28,"column":53},"end":{"line":28,"column":69}},"5":{"start":{"line":29,"column":15},"end":{"line":29,"column":null}},"6":{"start":{"line":29,"column":49},"end":{"line":29,"column":59}},"7":{"start":{"line":30,"column":18},"end":{"line":30,"column":null}},"8":{"start":{"line":30,"column":52},"end":{"line":30,"column":66}},"9":{"start":{"line":35,"column":6},"end":{"line":35,"column":null}},"10":{"start":{"line":36,"column":19},"end":{"line":36,"column":null}},"11":{"start":{"line":38,"column":26},"end":{"line":38,"column":null}},"12":{"start":{"line":40,"column":43},"end":{"line":51,"column":null}},"13":{"start":{"line":41,"column":4},"end":{"line":44,"column":null}},"14":{"start":{"line":42,"column":6},"end":{"line":42,"column":null}},"15":{"start":{"line":43,"column":6},"end":{"line":43,"column":null}},"16":{"start":{"line":45,"column":24},"end":{"line":48,"column":null}},"17":{"start":{"line":49,"column":4},"end":{"line":49,"column":null}},"18":{"start":{"line":50,"column":4},"end":{"line":50,"column":null}},"19":{"start":{"line":58,"column":2},"end":{"line":62,"column":null}},"20":{"start":{"line":59,"column":4},"end":{"line":61,"column":null}},"21":{"start":{"line":60,"column":6},"end":{"line":60,"column":null}},"22":{"start":{"line":64,"column":27},"end":{"line":66,"column":null}},"23":{"start":{"line":65,"column":4},"end":{"line":65,"column":null}},"24":{"start":{"line":68,"column":2},"end":{"line":177,"column":null}},"25":{"start":{"line":150,"column":20},"end":{"line":152,"column":null}}},"fnMap":{"0":{"name":"(anonymous_0)","decl":{"start":{"line":25,"column":28},"end":{"line":25,"column":47}},"loc":{"start":{"line":25,"column":47},"end":{"line":179,"column":null}}},"1":{"name":"(anonymous_1)","decl":{"start":{"line":28,"column":31},"end":{"line":28,"column":32}},"loc":{"start":{"line":28,"column":53},"end":{"line":28,"column":69}}},"2":{"name":"(anonymous_2)","decl":{"start":{"line":29,"column":27},"end":{"line":29,"column":28}},"loc":{"start":{"line":29,"column":49},"end":{"line":29,"column":59}}},"3":{"name":"(anonymous_3)","decl":{"start":{"line":30,"column":30},"end":{"line":30,"column":31}},"loc":{"start":{"line":30,"column":52},"end":{"line":30,"column":66}}},"4":{"name":"(anonymous_4)","decl":{"start":{"line":40,"column":43},"end":{"line":40,"column":50}},"loc":{"start":{"line":40,"column":59},"end":{"line":51,"column":null}}},"5":{"name":"(anonymous_5)","decl":{"start":{"line":58,"column":12},"end":{"line":58,"column":18}},"loc":{"start":{"line":58,"column":18},"end":{"line":62,"column":5}}},"6":{"name":"(anonymous_6)","decl":{"start":{"line":64,"column":27},"end":{"line":64,"column":28}},"loc":{"start":{"line":64,"column":77},"end":{"line":66,"column":null}}},"7":{"name":"(anonymous_7)","decl":{"start":{"line":149,"column":23},"end":{"line":149,"column":24}},"loc":{"start":{"line":150,"column":20},"end":{"line":152,"column":null}}}},"branchMap":{"0":{"loc":{"start":{"line":41,"column":4},"end":{"line":44,"column":null}},"type":"if","locations":[{"start":{"line":41,"column":4},"end":{"line":44,"column":null}},{"start":{},"end":{}}]},"1":{"loc":{"start":{"line":59,"column":4},"end":{"line":61,"column":null}},"type":"if","locations":[{"start":{"line":59,"column":4},"end":{"line":61,"column":null}},{"start":{},"end":{}}]},"2":{"loc":{"start":{"line":59,"column":8},"end":{"line":59,"column":51}},"type":"binary-expr","locations":[{"start":{"line":59,"column":8},"end":{"line":59,"column":14}},{"start":{"line":59,"column":14},"end":{"line":59,"column":51}}]},"3":{"loc":{"start":{"line":71,"column":7},"end":{"line":175,"column":null}},"type":"cond-expr","locations":[{"start":{"line":72,"column":8},"end":{"line":74,"column":null}},{"start":{"line":75,"column":10},"end":{"line":175,"column":null}}]},"4":{"loc":{"start":{"line":75,"column":10},"end":{"line":175,"column":null}},"type":"cond-expr","locations":[{"start":{"line":76,"column":8},"end":{"line":78,"column":null}},{"start":{"line":79,"column":10},"end":{"line":175,"column":null}}]},"5":{"loc":{"start":{"line":75,"column":10},"end":{"line":75,"column":null}},"type":"binary-expr","locations":[{"start":{"line":75,"column":10},"end":{"line":75,"column":28}},{"start":{"line":75,"column":28},"end":{"line":75,"column":35}},{"start":{"line":75,"column":35},"end":{"line":75,"column":null}}]},"6":{"loc":{"start":{"line":79,"column":10},"end":{"line":175,"column":null}},"type":"cond-expr","locations":[{"start":{"line":80,"column":8},"end":{"line":173,"column":null}},{"start":{"line":175,"column":8},"end":{"line":175,"column":null}}]},"7":{"loc":{"start":{"line":95,"column":13},"end":{"line":138,"column":null}},"type":"cond-expr","locations":[{"start":{"line":96,"column":14},"end":{"line":136,"column":null}},{"start":{"line":138,"column":14},"end":{"line":138,"column":null}}]},"8":{"loc":{"start":{"line":112,"column":17},"end":{"line":115,"column":null}},"type":"binary-expr","locations":[{"start":{"line":112,"column":17},"end":{"line":112,"column":null}},{"start":{"line":113,"column":18},"end":{"line":115,"column":null}}]},"9":{"loc":{"start":{"line":114,"column":21},"end":{"line":114,"column":null}},"type":"binary-expr","locations":[{"start":{"line":114,"column":21},"end":{"line":114,"column":38}},{"start":{"line":114,"column":38},"end":{"line":114,"column":null}}]},"10":{"loc":{"start":{"line":117,"column":17},"end":{"line":120,"column":null}},"type":"binary-expr","locations":[{"start":{"line":117,"column":17},"end":{"line":117,"column":null}},{"start":{"line":118,"column":18},"end":{"line":120,"column":null}}]},"11":{"loc":{"start":{"line":140,"column":13},"end":{"line":170,"column":null}},"type":"cond-expr","locations":[{"start":{"line":142,"column":14},"end":{"line":166,"column":null}},{"start":{"line":168,"column":14},"end":{"line":170,"column":null}}]},"12":{"loc":{"start":{"line":140,"column":13},"end":{"line":141,"column":null}},"type":"binary-expr","locations":[{"start":{"line":140,"column":13},"end":{"line":140,"column":null}},{"start":{"line":141,"column":12},"end":{"line":141,"column":null}}]}},"s":{"0":1,"1":8,"2":8,"3":8,"4":14,"5":8,"6":14,"7":8,"8":14,"9":8,"10":8,"11":8,"12":8,"13":1,"14":0,"15":0,"16":1,"17":1,"18":1,"19":8,"20":6,"21":1,"22":8,"23":0,"24":8,"25":6},"f":{"0":8,"1":14,"2":14,"3":14,"4":1,"5":6,"6":0,"7":6},"b":{"0":[0,1],"1":[1,5],"2":[6,6],"3":[1,7],"4":[1,6],"5":[7,7,7],"6":[6,0],"7":[5,1],"8":[5,0],"9":[0,0],"10":[5,0],"11":[6,0],"12":[6,6]}}
,"/Users/connor/repos/Practice/workout/Workout/src/pages/HomePage.tsx": {"path":"/Users/connor/repos/Practice/workout/Workout/src/pages/HomePage.tsx","statementMap":{"0":{"start":{"line":22,"column":24},"end":{"line":210,"column":null}},"1":{"start":{"line":23,"column":19},"end":{"line":23,"column":null}},"2":{"start":{"line":24,"column":15},"end":{"line":24,"column":null}},"3":{"start":{"line":24,"column":49},"end":{"line":24,"column":59}},"4":{"start":{"line":25,"column":21},"end":{"line":25,"column":null}},"5":{"start":{"line":25,"column":55},"end":{"line":25,"column":71}},"6":{"start":{"line":27,"column":30},"end":{"line":27,"column":null}},"7":{"start":{"line":28,"column":26},"end":{"line":28,"column":null}},"8":{"start":{"line":30,"column":52},"end":{"line":32,"column":null}},"9":{"start":{"line":34,"column":16},"end":{"line":34,"column":null}},"10":{"start":{"line":36,"column":2},"end":{"line":51,"column":null}},"11":{"start":{"line":37,"column":20},"end":{"line":37,"column":null}},"12":{"start":{"line":38,"column":4},"end":{"line":45,"column":null}},"13":{"start":{"line":53,"column":2},"end":{"line":61,"column":null}},"14":{"start":{"line":54,"column":40},"end":{"line":54,"column":null}},"15":{"start":{"line":56,"column":29},"end":{"line":58,"column":null}},"16":{"start":{"line":57,"column":6},"end":{"line":57,"column":null}},"17":{"start":{"line":60,"column":4},"end":{"line":60,"column":null}},"18":{"start":{"line":63,"column":29},"end":{"line":81,"column":null}},"19":{"start":{"line":64,"column":23},"end":{"line":64,"column":null}},"20":{"start":{"line":65,"column":4},"end":{"line":65,"column":null}},"21":{"start":{"line":66,"column":4},"end":{"line":66,"column":null}},"22":{"start":{"line":67,"column":20},"end":{"line":67,"column":null}},"23":{"start":{"line":68,"column":4},"end":{"line":80,"column":null}},"24":{"start":{"line":70,"column":6},"end":{"line":70,"column":null}},"25":{"start":{"line":71,"column":6},"end":{"line":71,"column":null}},"26":{"start":{"line":72,"column":6},"end":{"line":79,"column":null}},"27":{"start":{"line":83,"column":43},"end":{"line":90,"column":null}},"28":{"start":{"line":85,"column":6},"end":{"line":87,"column":null}},"29":{"start":{"line":86,"column":8},"end":{"line":86,"column":null}},"30":{"start":{"line":88,"column":6},"end":{"line":88,"column":null}},"31":{"start":{"line":92,"column":27},"end":{"line":105,"column":null}},"32":{"start":{"line":93,"column":4},"end":{"line":93,"column":null}},"33":{"start":{"line":95,"column":20},"end":{"line":95,"column":null}},"34":{"start":{"line":97,"column":4},"end":{"line":104,"column":null}},"35":{"start":{"line":107,"column":2},"end":{"line":208,"column":null}},"36":{"start":{"line":188,"column":20},"end":{"line":190,"column":null}}},"fnMap":{"0":{"name":"(anonymous_0)","decl":{"start":{"line":22,"column":24},"end":{"line":22,"column":43}},"loc":{"start":{"line":22,"column":43},"end":{"line":210,"column":null}}},"1":{"name":"(anonymous_1)","decl":{"start":{"line":24,"column":27},"end":{"line":24,"column":28}},"loc":{"start":{"line":24,"column":49},"end":{"line":24,"column":59}}},"2":{"name":"(anonymous_2)","decl":{"start":{"line":25,"column":33},"end":{"line":25,"column":34}},"loc":{"start":{"line":25,"column":55},"end":{"line":25,"column":71}}},"3":{"name":"(anonymous_3)","decl":{"start":{"line":36,"column":12},"end":{"line":36,"column":18}},"loc":{"start":{"line":36,"column":18},"end":{"line":46,"column":5}}},"4":{"name":"(anonymous_4)","decl":{"start":{"line":53,"column":12},"end":{"line":53,"column":18}},"loc":{"start":{"line":53,"column":18},"end":{"line":61,"column":5}}},"5":{"name":"(anonymous_5)","decl":{"start":{"line":56,"column":46},"end":{"line":56,"column":47}},"loc":{"start":{"line":56,"column":56},"end":{"line":58,"column":5}}},"6":{"name":"(anonymous_6)","decl":{"start":{"line":63,"column":29},"end":{"line":63,"column":30}},"loc":{"start":{"line":63,"column":77},"end":{"line":81,"column":null}}},"7":{"name":"(anonymous_7)","decl":{"start":{"line":84,"column":4},"end":{"line":84,"column":5}},"loc":{"start":{"line":84,"column":18},"end":{"line":89,"column":null}}},"8":{"name":"(anonymous_8)","decl":{"start":{"line":92,"column":27},"end":{"line":92,"column":28}},"loc":{"start":{"line":92,"column":77},"end":{"line":105,"column":null}}},"9":{"name":"(anonymous_9)","decl":{"start":{"line":187,"column":40},"end":{"line":187,"column":41}},"loc":{"start":{"line":188,"column":20},"end":{"line":190,"column":null}}}},"branchMap":{"0":{"loc":{"start":{"line":37,"column":20},"end":{"line":37,"column":null}},"type":"binary-expr","locations":[{"start":{"line":37,"column":20},"end":{"line":37,"column":56}},{"start":{"line":37,"column":56},"end":{"line":37,"column":null}}]},"1":{"loc":{"start":{"line":54,"column":45},"end":{"line":54,"column":76}},"type":"binary-expr","locations":[{"start":{"line":54,"column":45},"end":{"line":54,"column":73}},{"start":{"line":54,"column":73},"end":{"line":54,"column":76}}]},"2":{"loc":{"start":{"line":67,"column":20},"end":{"line":67,"column":null}},"type":"binary-expr","locations":[{"start":{"line":67,"column":20},"end":{"line":67,"column":56}},{"start":{"line":67,"column":56},"end":{"line":67,"column":null}}]},"3":{"loc":{"start":{"line":68,"column":11},"end":{"line":68,"column":72}},"type":"binary-expr","locations":[{"start":{"line":68,"column":11},"end":{"line":68,"column":50}},{"start":{"line":68,"column":50},"end":{"line":68,"column":72}}]},"4":{"loc":{"start":{"line":85,"column":6},"end":{"line":87,"column":null}},"type":"if","locations":[{"start":{"line":85,"column":6},"end":{"line":87,"column":null}},{"start":{},"end":{}}]},"5":{"loc":{"start":{"line":95,"column":20},"end":{"line":95,"column":null}},"type":"binary-expr","locations":[{"start":{"line":95,"column":20},"end":{"line":95,"column":56}},{"start":{"line":95,"column":56},"end":{"line":95,"column":null}}]},"6":{"loc":{"start":{"line":147,"column":15},"end":{"line":176,"column":null}},"type":"cond-expr","locations":[{"start":{"line":148,"column":16},"end":{"line":174,"column":null}},{"start":{"line":176,"column":16},"end":{"line":176,"column":null}}]},"7":{"loc":{"start":{"line":184,"column":15},"end":{"line":194,"column":null}},"type":"cond-expr","locations":[{"start":{"line":186,"column":16},"end":{"line":192,"column":null}},{"start":{"line":194,"column":16},"end":{"line":194,"column":null}}]},"8":{"loc":{"start":{"line":184,"column":15},"end":{"line":185,"column":null}},"type":"binary-expr","locations":[{"start":{"line":184,"column":15},"end":{"line":184,"column":null}},{"start":{"line":185,"column":14},"end":{"line":185,"column":null}}]}},"s":{"0":1,"1":21,"2":21,"3":31,"4":21,"5":31,"6":21,"7":21,"8":21,"9":21,"10":21,"11":11,"12":11,"13":21,"14":10,"15":10,"16":9,"17":10,"18":21,"19":1,"20":1,"21":1,"22":1,"23":1,"24":0,"25":0,"26":0,"27":21,"28":20,"29":18,"30":2,"31":21,"32":0,"33":0,"34":0,"35":21,"36":19},"f":{"0":21,"1":31,"2":31,"3":11,"4":10,"5":9,"6":1,"7":20,"8":0,"9":19},"b":{"0":[11,11],"1":[10,0],"2":[1,1],"3":[1,0],"4":[18,2],"5":[0,0],"6":[19,2],"7":[10,11],"8":[21,21]}}
,"/Users/connor/repos/Practice/workout/Workout/src/pages/LoginPage.tsx": {"path":"/Users/connor/repos/Practice/workout/Workout/src/pages/LoginPage.tsx","statementMap":{"0":{"start":{"line":21,"column":21},"end":{"line":152,"column":null}},"1":{"start":{"line":22,"column":19},"end":{"line":22,"column":null}},"2":{"start":{"line":23,"column":19},"end":{"line":23,"column":null}},"3":{"start":{"line":24,"column":15},"end":{"line":24,"column":null}},"4":{"start":{"line":24,"column":49},"end":{"line":24,"column":59}},"5":{"start":{"line":25,"column":42},"end":{"line":25,"column":null}},"6":{"start":{"line":30,"column":6},"end":{"line":30,"column":null}},"7":{"start":{"line":32,"column":49},"end":{"line":42,"column":null}},"8":{"start":{"line":33,"column":4},"end":{"line":41,"column":null}},"9":{"start":{"line":34,"column":6},"end":{"line":34,"column":null}},"10":{"start":{"line":36,"column":6},"end":{"line":40,"column":null}},"11":{"start":{"line":37,"column":8},"end":{"line":37,"column":null}},"12":{"start":{"line":39,"column":8},"end":{"line":39,"column":null}},"13":{"start":{"line":44,"column":2},"end":{"line":50,"column":null}},"14":{"start":{"line":45,"column":4},"end":{"line":49,"column":null}},"15":{"start":{"line":46,"column":6},"end":{"line":46,"column":null}},"16":{"start":{"line":47,"column":4},"end":{"line":49,"column":null}},"17":{"start":{"line":48,"column":6},"end":{"line":48,"column":null}},"18":{"start":{"line":52,"column":2},"end":{"line":150,"column":null}}},"fnMap":{"0":{"name":"(anonymous_0)","decl":{"start":{"line":21,"column":21},"end":{"line":21,"column":40}},"loc":{"start":{"line":21,"column":40},"end":{"line":152,"column":null}}},"1":{"name":"(anonymous_1)","decl":{"start":{"line":24,"column":27},"end":{"line":24,"column":28}},"loc":{"start":{"line":24,"column":49},"end":{"line":24,"column":59}}},"2":{"name":"(anonymous_2)","decl":{"start":{"line":32,"column":49},"end":{"line":32,"column":56}},"loc":{"start":{"line":32,"column":65},"end":{"line":42,"column":null}}},"3":{"name":"(anonymous_3)","decl":{"start":{"line":44,"column":12},"end":{"line":44,"column":18}},"loc":{"start":{"line":44,"column":18},"end":{"line":50,"column":5}}}},"branchMap":{"0":{"loc":{"start":{"line":36,"column":6},"end":{"line":40,"column":null}},"type":"if","locations":[{"start":{"line":36,"column":6},"end":{"line":40,"column":null}},{"start":{"line":38,"column":13},"end":{"line":40,"column":null}}]},"1":{"loc":{"start":{"line":45,"column":4},"end":{"line":49,"column":null}},"type":"if","locations":[{"start":{"line":45,"column":4},"end":{"line":49,"column":null}},{"start":{"line":47,"column":4},"end":{"line":49,"column":null}}]},"2":{"loc":{"start":{"line":47,"column":4},"end":{"line":49,"column":null}},"type":"if","locations":[{"start":{"line":47,"column":4},"end":{"line":49,"column":null}},{"start":{},"end":{}}]},"3":{"loc":{"start":{"line":54,"column":19},"end":{"line":148,"column":null}},"type":"binary-expr","locations":[{"start":{"line":55,"column":8},"end":{"line":55,"column":23}},{"start":{"line":55,"column":23},"end":{"line":55,"column":null}},{"start":{"line":56,"column":8},"end":{"line":148,"column":null}}]},"4":{"loc":{"start":{"line":64,"column":11},"end":{"line":64,"column":null}},"type":"binary-expr","locations":[{"start":{"line":64,"column":11},"end":{"line":64,"column":25}},{"start":{"line":64,"column":25},"end":{"line":64,"column":42}},{"start":{"line":64,"column":42},"end":{"line":64,"column":null}}]},"5":{"loc":{"start":{"line":65,"column":11},"end":{"line":65,"column":null}},"type":"binary-expr","locations":[{"start":{"line":65,"column":11},"end":{"line":65,"column":27}},{"start":{"line":65,"column":27},"end":{"line":65,"column":null}}]},"6":{"loc":{"start":{"line":72,"column":11},"end":{"line":73,"column":null}},"type":"binary-expr","locations":[{"start":{"line":72,"column":11},"end":{"line":72,"column":null}},{"start":{"line":73,"column":12},"end":{"line":73,"column":null}}]},"7":{"loc":{"start":{"line":102,"column":17},"end":{"line":105,"column":null}},"type":"binary-expr","locations":[{"start":{"line":102,"column":17},"end":{"line":102,"column":null}},{"start":{"line":103,"column":18},"end":{"line":105,"column":null}}]},"8":{"loc":{"start":{"line":122,"column":17},"end":{"line":125,"column":null}},"type":"binary-expr","locations":[{"start":{"line":122,"column":17},"end":{"line":122,"column":null}},{"start":{"line":123,"column":18},"end":{"line":125,"column":null}}]}},"s":{"0":1,"1":10,"2":10,"3":10,"4":13,"5":10,"6":10,"7":10,"8":2,"9":2,"10":0,"11":0,"12":0,"13":10,"14":4,"15":2,"16":2,"17":1,"18":10},"f":{"0":10,"1":13,"2":2,"3":4},"b":{"0":[0,0],"1":[2,2],"2":[1,1],"3":[10,2,10],"4":[10,2,1],"5":[10,0],"6":[10,1],"7":[10,0],"8":[10,0]}}
,"/Users/connor/repos/Practice/workout/Workout/src/pages/NewFood.tsx": {"path":"/Users/connor/repos/Practice/workout/Workout/src/pages/NewFood.tsx","statementMap":{"0":{"start":{"line":20,"column":23},"end":{"line":124,"column":null}},"1":{"start":{"line":21,"column":19},"end":{"line":21,"column":null}},"2":{"start":{"line":22,"column":19},"end":{"line":22,"column":null}},"3":{"start":{"line":23,"column":21},"end":{"line":23,"column":null}},"4":{"start":{"line":23,"column":55},"end":{"line":23,"column":71}},"5":{"start":{"line":24,"column":15},"end":{"line":24,"column":null}},"6":{"start":{"line":24,"column":49},"end":{"line":24,"column":59}},"7":{"start":{"line":29,"column":6},"end":{"line":29,"column":null}},"8":{"start":{"line":31,"column":48},"end":{"line":37,"column":null}},"9":{"start":{"line":32,"column":4},"end":{"line":32,"column":null}},"10":{"start":{"line":33,"column":4},"end":{"line":33,"column":null}},"11":{"start":{"line":34,"column":4},"end":{"line":34,"column":null}},"12":{"start":{"line":35,"column":4},"end":{"line":35,"column":null}},"13":{"start":{"line":36,"column":4},"end":{"line":36,"column":null}},"14":{"start":{"line":39,"column":2},"end":{"line":122,"column":null}}},"fnMap":{"0":{"name":"(anonymous_0)","decl":{"start":{"line":20,"column":23},"end":{"line":20,"column":42}},"loc":{"start":{"line":20,"column":42},"end":{"line":124,"column":null}}},"1":{"name":"(anonymous_1)","decl":{"start":{"line":23,"column":33},"end":{"line":23,"column":34}},"loc":{"start":{"line":23,"column":55},"end":{"line":23,"column":71}}},"2":{"name":"(anonymous_2)","decl":{"start":{"line":24,"column":27},"end":{"line":24,"column":28}},"loc":{"start":{"line":24,"column":49},"end":{"line":24,"column":59}}},"3":{"name":"(anonymous_3)","decl":{"start":{"line":31,"column":48},"end":{"line":31,"column":55}},"loc":{"start":{"line":31,"column":64},"end":{"line":37,"column":null}}}},"branchMap":{"0":{"loc":{"start":{"line":42,"column":7},"end":{"line":120,"column":null}},"type":"cond-expr","locations":[{"start":{"line":43,"column":8},"end":{"line":45,"column":null}},{"start":{"line":46,"column":10},"end":{"line":120,"column":null}}]},"1":{"loc":{"start":{"line":46,"column":10},"end":{"line":120,"column":null}},"type":"cond-expr","locations":[{"start":{"line":47,"column":8},"end":{"line":118,"column":null}},{"start":{"line":120,"column":8},"end":{"line":120,"column":null}}]},"2":{"loc":{"start":{"line":77,"column":15},"end":{"line":80,"column":null}},"type":"binary-expr","locations":[{"start":{"line":77,"column":15},"end":{"line":77,"column":null}},{"start":{"line":78,"column":16},"end":{"line":80,"column":null}}]},"3":{"loc":{"start":{"line":97,"column":15},"end":{"line":100,"column":null}},"type":"binary-expr","locations":[{"start":{"line":97,"column":15},"end":{"line":97,"column":null}},{"start":{"line":98,"column":16},"end":{"line":100,"column":null}}]}},"s":{"0":0,"1":0,"2":0,"3":0,"4":0,"5":0,"6":0,"7":0,"8":0,"9":0,"10":0,"11":0,"12":0,"13":0,"14":0},"f":{"0":0,"1":0,"2":0,"3":0},"b":{"0":[0,0],"1":[0,0],"2":[0,0],"3":[0,0]}}
,"/Users/connor/repos/Practice/workout/Workout/src/pages/NewWorkout.tsx": {"path":"/Users/connor/repos/Practice/workout/Workout/src/pages/NewWorkout.tsx","statementMap":{"0":{"start":{"line":19,"column":26},"end":{"line":142,"column":null}},"1":{"start":{"line":20,"column":19},"end":{"line":20,"column":null}},"2":{"start":{"line":21,"column":19},"end":{"line":21,"column":null}},"3":{"start":{"line":22,"column":21},"end":{"line":22,"column":null}},"4":{"start":{"line":22,"column":55},"end":{"line":22,"column":71}},"5":{"start":{"line":23,"column":15},"end":{"line":23,"column":null}},"6":{"start":{"line":23,"column":49},"end":{"line":23,"column":59}},"7":{"start":{"line":28,"column":6},"end":{"line":28,"column":null}},"8":{"start":{"line":30,"column":48},"end":{"line":34,"column":null}},"9":{"start":{"line":31,"column":4},"end":{"line":31,"column":null}},"10":{"start":{"line":32,"column":4},"end":{"line":32,"column":null}},"11":{"start":{"line":33,"column":4},"end":{"line":33,"column":null}},"12":{"start":{"line":36,"column":2},"end":{"line":140,"column":null}}},"fnMap":{"0":{"name":"(anonymous_0)","decl":{"start":{"line":19,"column":26},"end":{"line":19,"column":45}},"loc":{"start":{"line":19,"column":45},"end":{"line":142,"column":null}}},"1":{"name":"(anonymous_1)","decl":{"start":{"line":22,"column":33},"end":{"line":22,"column":34}},"loc":{"start":{"line":22,"column":55},"end":{"line":22,"column":71}}},"2":{"name":"(anonymous_2)","decl":{"start":{"line":23,"column":27},"end":{"line":23,"column":28}},"loc":{"start":{"line":23,"column":49},"end":{"line":23,"column":59}}},"3":{"name":"(anonymous_3)","decl":{"start":{"line":30,"column":48},"end":{"line":30,"column":55}},"loc":{"start":{"line":30,"column":64},"end":{"line":34,"column":null}}}},"branchMap":{"0":{"loc":{"start":{"line":39,"column":7},"end":{"line":138,"column":null}},"type":"cond-expr","locations":[{"start":{"line":40,"column":8},"end":{"line":42,"column":null}},{"start":{"line":43,"column":10},"end":{"line":138,"column":null}}]},"1":{"loc":{"start":{"line":43,"column":10},"end":{"line":138,"column":null}},"type":"cond-expr","locations":[{"start":{"line":44,"column":8},"end":{"line":136,"column":null}},{"start":{"line":138,"column":8},"end":{"line":138,"column":null}}]},"2":{"loc":{"start":{"line":74,"column":15},"end":{"line":77,"column":null}},"type":"binary-expr","locations":[{"start":{"line":74,"column":15},"end":{"line":74,"column":null}},{"start":{"line":75,"column":16},"end":{"line":77,"column":null}}]},"3":{"loc":{"start":{"line":95,"column":15},"end":{"line":98,"column":null}},"type":"binary-expr","locations":[{"start":{"line":95,"column":15},"end":{"line":95,"column":null}},{"start":{"line":96,"column":16},"end":{"line":98,"column":null}}]},"4":{"loc":{"start":{"line":115,"column":15},"end":{"line":118,"column":null}},"type":"binary-expr","locations":[{"start":{"line":115,"column":15},"end":{"line":115,"column":null}},{"start":{"line":116,"column":16},"end":{"line":118,"column":null}}]}},"s":{"0":0,"1":0,"2":0,"3":0,"4":0,"5":0,"6":0,"7":0,"8":0,"9":0,"10":0,"11":0,"12":0},"f":{"0":0,"1":0,"2":0,"3":0},"b":{"0":[0,0],"1":[0,0],"2":[0,0],"3":[0,0],"4":[0,0]}}
,"/Users/connor/repos/Practice/workout/Workout/src/pages/SignUpPage.tsx": {"path":"/Users/connor/repos/Practice/workout/Workout/src/pages/SignUpPage.tsx","statementMap":{"0":{"start":{"line":26,"column":22},"end":{"line":188,"column":null}},"1":{"start":{"line":27,"column":19},"end":{"line":27,"column":null}},"2":{"start":{"line":28,"column":19},"end":{"line":28,"column":null}},"3":{"start":{"line":29,"column":15},"end":{"line":29,"column":null}},"4":{"start":{"line":29,"column":49},"end":{"line":29,"column":59}},"5":{"start":{"line":30,"column":42},"end":{"line":30,"column":null}},"6":{"start":{"line":35,"column":6},"end":{"line":35,"column":null}},"7":{"start":{"line":37,"column":51},"end":{"line":47,"column":null}},"8":{"start":{"line":38,"column":4},"end":{"line":46,"column":null}},"9":{"start":{"line":39,"column":6},"end":{"line":39,"column":null}},"10":{"start":{"line":40,"column":6},"end":{"line":40,"column":null}},"11":{"start":{"line":41,"column":6},"end":{"line":41,"column":null}},"12":{"start":{"line":43,"column":6},"end":{"line":45,"column":null}},"13":{"start":{"line":44,"column":8},"end":{"line":44,"column":null}},"14":{"start":{"line":49,"column":2},"end":{"line":55,"column":null}},"15":{"start":{"line":50,"column":4},"end":{"line":54,"column":null}},"16":{"start":{"line":51,"column":6},"end":{"line":51,"column":null}},"17":{"start":{"line":52,"column":4},"end":{"line":54,"column":null}},"18":{"start":{"line":53,"column":6},"end":{"line":53,"column":null}},"19":{"start":{"line":57,"column":2},"end":{"line":186,"column":null}}},"fnMap":{"0":{"name":"(anonymous_0)","decl":{"start":{"line":26,"column":22},"end":{"line":26,"column":41}},"loc":{"start":{"line":26,"column":41},"end":{"line":188,"column":null}}},"1":{"name":"(anonymous_1)","decl":{"start":{"line":29,"column":27},"end":{"line":29,"column":28}},"loc":{"start":{"line":29,"column":49},"end":{"line":29,"column":59}}},"2":{"name":"(anonymous_2)","decl":{"start":{"line":37,"column":51},"end":{"line":37,"column":58}},"loc":{"start":{"line":37,"column":67},"end":{"line":47,"column":null}}},"3":{"name":"(anonymous_3)","decl":{"start":{"line":49,"column":12},"end":{"line":49,"column":18}},"loc":{"start":{"line":49,"column":18},"end":{"line":55,"column":5}}}},"branchMap":{"0":{"loc":{"start":{"line":43,"column":6},"end":{"line":45,"column":null}},"type":"if","locations":[{"start":{"line":43,"column":6},"end":{"line":45,"column":null}},{"start":{},"end":{}}]},"1":{"loc":{"start":{"line":50,"column":4},"end":{"line":54,"column":null}},"type":"if","locations":[{"start":{"line":50,"column":4},"end":{"line":54,"column":null}},{"start":{"line":52,"column":4},"end":{"line":54,"column":null}}]},"2":{"loc":{"start":{"line":52,"column":4},"end":{"line":54,"column":null}},"type":"if","locations":[{"start":{"line":52,"column":4},"end":{"line":54,"column":null}},{"start":{},"end":{}}]},"3":{"loc":{"start":{"line":59,"column":19},"end":{"line":184,"column":null}},"type":"binary-expr","locations":[{"start":{"line":60,"column":8},"end":{"line":60,"column":23}},{"start":{"line":60,"column":23},"end":{"line":60,"column":null}},{"start":{"line":61,"column":8},"end":{"line":184,"column":null}}]},"4":{"loc":{"start":{"line":69,"column":11},"end":{"line":69,"column":null}},"type":"binary-expr","locations":[{"start":{"line":69,"column":11},"end":{"line":69,"column":25}},{"start":{"line":69,"column":25},"end":{"line":69,"column":42}},{"start":{"line":69,"column":42},"end":{"line":69,"column":null}}]},"5":{"loc":{"start":{"line":70,"column":11},"end":{"line":70,"column":null}},"type":"binary-expr","locations":[{"start":{"line":70,"column":11},"end":{"line":70,"column":27}},{"start":{"line":70,"column":27},"end":{"line":70,"column":null}}]},"6":{"loc":{"start":{"line":77,"column":11},"end":{"line":78,"column":null}},"type":"binary-expr","locations":[{"start":{"line":77,"column":11},"end":{"line":77,"column":null}},{"start":{"line":78,"column":12},"end":{"line":78,"column":null}}]},"7":{"loc":{"start":{"line":114,"column":17},"end":{"line":117,"column":null}},"type":"binary-expr","locations":[{"start":{"line":114,"column":17},"end":{"line":114,"column":null}},{"start":{"line":115,"column":18},"end":{"line":117,"column":null}}]},"8":{"loc":{"start":{"line":137,"column":17},"end":{"line":140,"column":null}},"type":"binary-expr","locations":[{"start":{"line":137,"column":17},"end":{"line":137,"column":null}},{"start":{"line":138,"column":18},"end":{"line":140,"column":null}}]},"9":{"loc":{"start":{"line":160,"column":17},"end":{"line":163,"column":null}},"type":"binary-expr","locations":[{"start":{"line":160,"column":17},"end":{"line":160,"column":null}},{"start":{"line":161,"column":18},"end":{"line":163,"column":null}}]}},"s":{"0":1,"1":8,"2":8,"3":8,"4":11,"5":8,"6":8,"7":8,"8":1,"9":1,"10":1,"11":1,"12":0,"13":0,"14":8,"15":4,"16":1,"17":3,"18":1,"19":8},"f":{"0":8,"1":11,"2":1,"3":4},"b":{"0":[0,0],"1":[1,3],"2":[1,2],"3":[8,2,8],"4":[8,2,1],"5":[8,0],"6":[8,1],"7":[8,0],"8":[8,0],"9":[8,0]}}
,"/Users/connor/repos/Practice/workout/Workout/src/pages/SplashPage.tsx": {"path":"/Users/connor/repos/Practice/workout/Workout/src/pages/SplashPage.tsx","statementMap":{"0":{"start":{"line":23,"column":26},"end":{"line":216,"column":null}},"1":{"start":{"line":24,"column":26},"end":{"line":24,"column":null}},"2":{"start":{"line":26,"column":16},"end":{"line":45,"column":null}},"3":{"start":{"line":47,"column":23},"end":{"line":66,"column":null}},"4":{"start":{"line":68,"column":19},"end":{"line":93,"column":null}},"5":{"start":{"line":95,"column":2},"end":{"line":214,"column":null}},"6":{"start":{"line":154,"column":12},"end":{"line":154,"column":null}},"7":{"start":{"line":170,"column":12},"end":{"line":184,"column":null}},"8":{"start":{"line":172,"column":35},"end":{"line":172,"column":null}}},"fnMap":{"0":{"name":"(anonymous_0)","decl":{"start":{"line":23,"column":26},"end":{"line":23,"column":45}},"loc":{"start":{"line":23,"column":45},"end":{"line":216,"column":null}}},"1":{"name":"(anonymous_1)","decl":{"start":{"line":153,"column":28},"end":{"line":153,"column":29}},"loc":{"start":{"line":154,"column":12},"end":{"line":154,"column":null}}},"2":{"name":"(anonymous_2)","decl":{"start":{"line":169,"column":24},"end":{"line":169,"column":25}},"loc":{"start":{"line":170,"column":12},"end":{"line":184,"column":null}}},"3":{"name":"(anonymous_3)","decl":{"start":{"line":172,"column":29},"end":{"line":172,"column":35}},"loc":{"start":{"line":172,"column":35},"end":{"line":172,"column":null}}}},"branchMap":{},"s":{"0":0,"1":0,"2":0,"3":0,"4":0,"5":0,"6":0,"7":0,"8":0},"f":{"0":0,"1":0,"2":0,"3":0},"b":{}}
,"/Users/connor/repos/Practice/workout/Workout/src/pages/UserPage.tsx": {"path":"/Users/connor/repos/Practice/workout/Workout/src/pages/UserPage.tsx","statementMap":{"0":{"start":{"line":28,"column":24},"end":{"line":343,"column":null}},"1":{"start":{"line":29,"column":19},"end":{"line":29,"column":null}},"2":{"start":{"line":30,"column":15},"end":{"line":30,"column":null}},"3":{"start":{"line":30,"column":49},"end":{"line":30,"column":59}},"4":{"start":{"line":31,"column":15},"end":{"line":31,"column":null}},"5":{"start":{"line":31,"column":49},"end":{"line":31,"column":60}},"6":{"start":{"line":32,"column":21},"end":{"line":32,"column":null}},"7":{"start":{"line":32,"column":55},"end":{"line":32,"column":71}},"8":{"start":{"line":34,"column":30},"end":{"line":34,"column":null}},"9":{"start":{"line":35,"column":42},"end":{"line":35,"column":null}},"10":{"start":{"line":36,"column":40},"end":{"line":36,"column":null}},"11":{"start":{"line":38,"column":52},"end":{"line":40,"column":null}},"12":{"start":{"line":42,"column":36},"end":{"line":42,"column":null}},"13":{"start":{"line":43,"column":40},"end":{"line":45,"column":null}},"14":{"start":{"line":47,"column":21},"end":{"line":47,"column":null}},"15":{"start":{"line":48,"column":24},"end":{"line":48,"column":null}},"16":{"start":{"line":50,"column":2},"end":{"line":55,"column":null}},"17":{"start":{"line":51,"column":23},"end":{"line":51,"column":null}},"18":{"start":{"line":52,"column":38},"end":{"line":52,"column":null}},"19":{"start":{"line":53,"column":4},"end":{"line":53,"column":null}},"20":{"start":{"line":57,"column":25},"end":{"line":83,"column":null}},"21":{"start":{"line":58,"column":54},"end":{"line":58,"column":null}},"22":{"start":{"line":59,"column":18},"end":{"line":59,"column":null}},"23":{"start":{"line":62,"column":4},"end":{"line":62,"column":null}},"24":{"start":{"line":64,"column":4},"end":{"line":80,"column":null}},"25":{"start":{"line":64,"column":17},"end":{"line":64,"column":20}},"26":{"start":{"line":65,"column":18},"end":{"line":65,"column":null}},"27":{"start":{"line":66,"column":6},"end":{"line":66,"column":null}},"28":{"start":{"line":67,"column":21},"end":{"line":67,"column":null}},"29":{"start":{"line":69,"column":22},"end":{"line":77,"column":null}},"30":{"start":{"line":70,"column":26},"end":{"line":70,"column":null}},"31":{"start":{"line":72,"column":8},"end":{"line":75,"column":null}},"32":{"start":{"line":79,"column":6},"end":{"line":79,"column":null}},"33":{"start":{"line":82,"column":4},"end":{"line":82,"column":null}},"34":{"start":{"line":85,"column":2},"end":{"line":100,"column":null}},"35":{"start":{"line":86,"column":4},"end":{"line":99,"column":null}},"36":{"start":{"line":87,"column":21},"end":{"line":87,"column":null}},"37":{"start":{"line":88,"column":6},"end":{"line":98,"column":null}},"38":{"start":{"line":89,"column":8},"end":{"line":89,"column":null}},"39":{"start":{"line":90,"column":8},"end":{"line":97,"column":null}},"40":{"start":{"line":102,"column":2},"end":{"line":110,"column":null}},"41":{"start":{"line":103,"column":40},"end":{"line":103,"column":null}},"42":{"start":{"line":105,"column":29},"end":{"line":107,"column":null}},"43":{"start":{"line":106,"column":6},"end":{"line":106,"column":null}},"44":{"start":{"line":109,"column":4},"end":{"line":109,"column":null}},"45":{"start":{"line":112,"column":29},"end":{"line":124,"column":null}},"46":{"start":{"line":113,"column":23},"end":{"line":113,"column":null}},"47":{"start":{"line":114,"column":4},"end":{"line":114,"column":null}},"48":{"start":{"line":115,"column":4},"end":{"line":115,"column":null}},"49":{"start":{"line":116,"column":4},"end":{"line":123,"column":null}},"50":{"start":{"line":126,"column":32},"end":{"line":130,"column":null}},"51":{"start":{"line":129,"column":4},"end":{"line":129,"column":null}},"52":{"start":{"line":132,"column":43},"end":{"line":139,"column":null}},"53":{"start":{"line":134,"column":6},"end":{"line":136,"column":null}},"54":{"start":{"line":135,"column":8},"end":{"line":135,"column":null}},"55":{"start":{"line":137,"column":6},"end":{"line":137,"column":null}},"56":{"start":{"line":141,"column":31},"end":{"line":154,"column":null}},"57":{"start":{"line":145,"column":4},"end":{"line":145,"column":null}},"58":{"start":{"line":146,"column":4},"end":{"line":153,"column":null}},"59":{"start":{"line":156,"column":30},"end":{"line":161,"column":null}},"60":{"start":{"line":160,"column":4},"end":{"line":160,"column":null}},"61":{"start":{"line":163,"column":22},"end":{"line":163,"column":null}},"62":{"start":{"line":165,"column":2},"end":{"line":341,"column":null}},"63":{"start":{"line":271,"column":24},"end":{"line":273,"column":null}},"64":{"start":{"line":317,"column":26},"end":{"line":321,"column":null}}},"fnMap":{"0":{"name":"(anonymous_0)","decl":{"start":{"line":28,"column":24},"end":{"line":28,"column":43}},"loc":{"start":{"line":28,"column":43},"end":{"line":343,"column":null}}},"1":{"name":"(anonymous_1)","decl":{"start":{"line":30,"column":27},"end":{"line":30,"column":28}},"loc":{"start":{"line":30,"column":49},"end":{"line":30,"column":59}}},"2":{"name":"(anonymous_2)","decl":{"start":{"line":31,"column":27},"end":{"line":31,"column":28}},"loc":{"start":{"line":31,"column":49},"end":{"line":31,"column":60}}},"3":{"name":"(anonymous_3)","decl":{"start":{"line":32,"column":33},"end":{"line":32,"column":34}},"loc":{"start":{"line":32,"column":55},"end":{"line":32,"column":71}}},"4":{"name":"(anonymous_4)","decl":{"start":{"line":50,"column":12},"end":{"line":50,"column":18}},"loc":{"start":{"line":50,"column":18},"end":{"line":55,"column":5}}},"5":{"name":"(anonymous_5)","decl":{"start":{"line":57,"column":25},"end":{"line":57,"column":26}},"loc":{"start":{"line":57,"column":51},"end":{"line":83,"column":null}}},"6":{"name":"(anonymous_6)","decl":{"start":{"line":69,"column":34},"end":{"line":69,"column":35}},"loc":{"start":{"line":69,"column":59},"end":{"line":77,"column":7}}},"7":{"name":"(anonymous_7)","decl":{"start":{"line":85,"column":12},"end":{"line":85,"column":18}},"loc":{"start":{"line":85,"column":18},"end":{"line":100,"column":5}}},"8":{"name":"(anonymous_8)","decl":{"start":{"line":102,"column":12},"end":{"line":102,"column":18}},"loc":{"start":{"line":102,"column":18},"end":{"line":110,"column":5}}},"9":{"name":"(anonymous_9)","decl":{"start":{"line":105,"column":46},"end":{"line":105,"column":47}},"loc":{"start":{"line":105,"column":56},"end":{"line":107,"column":5}}},"10":{"name":"(anonymous_10)","decl":{"start":{"line":112,"column":29},"end":{"line":112,"column":30}},"loc":{"start":{"line":112,"column":77},"end":{"line":124,"column":null}}},"11":{"name":"(anonymous_11)","decl":{"start":{"line":126,"column":32},"end":{"line":126,"column":null}},"loc":{"start":{"line":128,"column":7},"end":{"line":130,"column":null}}},"12":{"name":"(anonymous_12)","decl":{"start":{"line":133,"column":4},"end":{"line":133,"column":5}},"loc":{"start":{"line":133,"column":18},"end":{"line":138,"column":null}}},"13":{"name":"(anonymous_13)","decl":{"start":{"line":141,"column":31},"end":{"line":141,"column":null}},"loc":{"start":{"line":144,"column":7},"end":{"line":154,"column":null}}},"14":{"name":"(anonymous_14)","decl":{"start":{"line":156,"column":30},"end":{"line":156,"column":null}},"loc":{"start":{"line":159,"column":7},"end":{"line":161,"column":null}}},"15":{"name":"(anonymous_15)","decl":{"start":{"line":270,"column":44},"end":{"line":270,"column":45}},"loc":{"start":{"line":271,"column":24},"end":{"line":273,"column":null}}},"16":{"name":"(anonymous_16)","decl":{"start":{"line":316,"column":29},"end":{"line":316,"column":30}},"loc":{"start":{"line":317,"column":26},"end":{"line":321,"column":null}}}},"branchMap":{"0":{"loc":{"start":{"line":51,"column":23},"end":{"line":51,"column":null}},"type":"binary-expr","locations":[{"start":{"line":51,"column":23},"end":{"line":51,"column":62}},{"start":{"line":51,"column":62},"end":{"line":51,"column":null}}]},"1":{"loc":{"start":{"line":73,"column":10},"end":{"line":75,"column":null}},"type":"binary-expr","locations":[{"start":{"line":73,"column":10},"end":{"line":73,"column":null}},{"start":{"line":74,"column":10},"end":{"line":74,"column":null}},{"start":{"line":75,"column":10},"end":{"line":75,"column":null}}]},"2":{"loc":{"start":{"line":86,"column":4},"end":{"line":99,"column":null}},"type":"if","locations":[{"start":{"line":86,"column":4},"end":{"line":99,"column":null}},{"start":{},"end":{}}]},"3":{"loc":{"start":{"line":88,"column":6},"end":{"line":98,"column":null}},"type":"if","locations":[{"start":{"line":88,"column":6},"end":{"line":98,"column":null}},{"start":{},"end":{}}]},"4":{"loc":{"start":{"line":103,"column":45},"end":{"line":103,"column":72}},"type":"binary-expr","locations":[{"start":{"line":103,"column":45},"end":{"line":103,"column":69}},{"start":{"line":103,"column":69},"end":{"line":103,"column":72}}]},"5":{"loc":{"start":{"line":134,"column":6},"end":{"line":136,"column":null}},"type":"if","locations":[{"start":{"line":134,"column":6},"end":{"line":136,"column":null}},{"start":{},"end":{}}]},"6":{"loc":{"start":{"line":168,"column":7},"end":{"line":339,"column":null}},"type":"cond-expr","locations":[{"start":{"line":169,"column":8},"end":{"line":171,"column":null}},{"start":{"line":173,"column":8},"end":{"line":339,"column":null}}]},"7":{"loc":{"start":{"line":246,"column":13},"end":{"line":289,"column":null}},"type":"cond-expr","locations":[{"start":{"line":247,"column":14},"end":{"line":288,"column":null}},{"start":{"line":289,"column":16},"end":{"line":289,"column":null}}]},"8":{"loc":{"start":{"line":267,"column":19},"end":{"line":277,"column":null}},"type":"cond-expr","locations":[{"start":{"line":269,"column":20},"end":{"line":275,"column":null}},{"start":{"line":277,"column":20},"end":{"line":277,"column":null}}]},"9":{"loc":{"start":{"line":267,"column":19},"end":{"line":268,"column":null}},"type":"binary-expr","locations":[{"start":{"line":267,"column":19},"end":{"line":267,"column":null}},{"start":{"line":268,"column":18},"end":{"line":268,"column":null}}]},"10":{"loc":{"start":{"line":290,"column":13},"end":{"line":336,"column":null}},"type":"binary-expr","locations":[{"start":{"line":290,"column":13},"end":{"line":290,"column":null}},{"start":{"line":291,"column":14},"end":{"line":336,"column":null}}]},"11":{"loc":{"start":{"line":307,"column":19},"end":{"line":325,"column":null}},"type":"cond-expr","locations":[{"start":{"line":309,"column":20},"end":{"line":323,"column":null}},{"start":{"line":325,"column":20},"end":{"line":325,"column":null}}]},"12":{"loc":{"start":{"line":307,"column":19},"end":{"line":308,"column":null}},"type":"binary-expr","locations":[{"start":{"line":307,"column":19},"end":{"line":307,"column":null}},{"start":{"line":308,"column":18},"end":{"line":308,"column":null}}]}},"s":{"0":1,"1":7,"2":7,"3":10,"4":7,"5":10,"6":7,"7":10,"8":7,"9":7,"10":7,"11":7,"12":7,"13":7,"14":7,"15":7,"16":7,"17":3,"18":3,"19":3,"20":7,"21":3,"22":3,"23":3,"24":3,"25":3,"26":21,"27":21,"28":21,"29":21,"30":0,"31":0,"32":21,"33":3,"34":7,"35":4,"36":4,"37":4,"38":4,"39":4,"40":7,"41":3,"42":3,"43":3,"44":3,"45":7,"46":1,"47":1,"48":1,"49":1,"50":7,"51":0,"52":7,"53":8,"54":6,"55":2,"56":7,"57":0,"58":0,"59":7,"60":0,"61":7,"62":7,"63":7,"64":7},"f":{"0":7,"1":10,"2":10,"3":10,"4":3,"5":3,"6":0,"7":4,"8":3,"9":3,"10":1,"11":0,"12":8,"13":0,"14":0,"15":7,"16":7},"b":{"0":[3,3],"1":[0,0,0],"2":[4,0],"3":[4,0],"4":[3,0],"5":[6,2],"6":[0,7],"7":[7,0],"8":[4,3],"9":[7,7],"10":[7,7],"11":[7,0],"12":[7,7]}}
,"/Users/connor/repos/Practice/workout/Workout/src/pages/helpers/Title.tsx": {"path":"/Users/connor/repos/Practice/workout/Workout/src/pages/helpers/Title.tsx","statementMap":{"0":{"start":{"line":6,"column":21},"end":{"line":35,"column":null}},"1":{"start":{"line":13,"column":25},"end":{"line":28,"column":null}},"2":{"start":{"line":14,"column":11},"end":{"line":23,"column":null}},"3":{"start":{"line":30,"column":2},"end":{"line":33,"column":null}}},"fnMap":{"0":{"name":"(anonymous_0)","decl":{"start":{"line":6,"column":21},"end":{"line":6,"column":22}},"loc":{"start":{"line":12,"column":6},"end":{"line":35,"column":null}}},"1":{"name":"(anonymous_1)","decl":{"start":{"line":14,"column":4},"end":{"line":14,"column":11}},"loc":{"start":{"line":14,"column":11},"end":{"line":23,"column":null}}}},"branchMap":{},"s":{"0":0,"1":0,"2":0,"3":0},"f":{"0":0,"1":0},"b":{}}
,"/Users/connor/repos/Practice/workout/Workout/src/pages/helpers/threshold.ts": {"path":"/Users/connor/repos/Practice/workout/Workout/src/pages/helpers/threshold.ts","statementMap":{"0":{"start":{"line":1,"column":49},"end":{"line":11,"column":null}},"1":{"start":{"line":2,"column":20},"end":{"line":2,"column":null}},"2":{"start":{"line":4,"column":16},"end":{"line":4,"column":null}},"3":{"start":{"line":6,"column":2},"end":{"line":8,"column":null}},"4":{"start":{"line":6,"column":15},"end":{"line":6,"column":18}},"5":{"start":{"line":7,"column":4},"end":{"line":7,"column":null}},"6":{"start":{"line":10,"column":2},"end":{"line":10,"column":null}}},"fnMap":{"0":{"name":"(anonymous_0)","decl":{"start":{"line":1,"column":49},"end":{"line":1,"column":50}},"loc":{"start":{"line":1,"column":66},"end":{"line":11,"column":null}}}},"branchMap":{"0":{"loc":{"start":{"line":1,"column":50},"end":{"line":1,"column":66}},"type":"default-arg","locations":[{"start":{"line":1,"column":58},"end":{"line":1,"column":66}}]}},"s":{"0":0,"1":0,"2":0,"3":0,"4":0,"5":0,"6":0},"f":{"0":0},"b":{"0":[0]}}
,"/Users/connor/repos/Practice/workout/Workout/src/redux/hooks.ts": {"path":"/Users/connor/repos/Practice/workout/Workout/src/redux/hooks.ts","statementMap":{"0":{"start":{"line":5,"column":49},"end":{"line":5,"column":null}},"1":{"start":{"line":6,"column":63},"end":{"line":6,"column":null}}},"fnMap":{},"branchMap":{},"s":{"0":5,"1":5},"f":{},"b":{}}
,"/Users/connor/repos/Practice/workout/Workout/src/redux/store.ts": {"path":"/Users/connor/repos/Practice/workout/Workout/src/redux/store.ts","statementMap":{"0":{"start":{"line":9,"column":21},"end":{"line":18,"column":null}}},"fnMap":{},"branchMap":{},"s":{"0":0},"f":{},"b":{}}
,"/Users/connor/repos/Practice/workout/Workout/src/redux/activity/activity.action.ts": {"path":"/Users/connor/repos/Practice/workout/Workout/src/redux/activity/activity.action.ts","statementMap":{"0":{"start":{"line":14,"column":35},"end":{"line":22,"column":null}},"1":{"start":{"line":17,"column":16},"end":{"line":19,"column":null}},"2":{"start":{"line":20,"column":4},"end":{"line":20,"column":null}},"3":{"start":{"line":24,"column":31},"end":{"line":30,"column":null}},"4":{"start":{"line":27,"column":16},"end":{"line":27,"column":null}},"5":{"start":{"line":28,"column":4},"end":{"line":28,"column":null}},"6":{"start":{"line":32,"column":40},"end":{"line":55,"column":null}},"7":{"start":{"line":45,"column":16},"end":{"line":52,"column":null}},"8":{"start":{"line":53,"column":4},"end":{"line":53,"column":null}},"9":{"start":{"line":57,"column":27},"end":{"line":71,"column":null}},"10":{"start":{"line":60,"column":18},"end":{"line":60,"column":null}},"11":{"start":{"line":61,"column":16},"end":{"line":67,"column":null}},"12":{"start":{"line":69,"column":4},"end":{"line":69,"column":null}},"13":{"start":{"line":73,"column":23},"end":{"line":86,"column":null}},"14":{"start":{"line":76,"column":18},"end":{"line":76,"column":null}},"15":{"start":{"line":77,"column":16},"end":{"line":83,"column":null}},"16":{"start":{"line":84,"column":4},"end":{"line":84,"column":null}},"17":{"start":{"line":88,"column":25},"end":{"line":103,"column":null}},"18":{"start":{"line":91,"column":18},"end":{"line":91,"column":null}},"19":{"start":{"line":92,"column":16},"end":{"line":99,"column":null}},"20":{"start":{"line":101,"column":4},"end":{"line":101,"column":null}}},"fnMap":{"0":{"name":"(anonymous_0)","decl":{"start":{"line":16,"column":2},"end":{"line":16,"column":9}},"loc":{"start":{"line":16,"column":24},"end":{"line":21,"column":null}}},"1":{"name":"(anonymous_1)","decl":{"start":{"line":26,"column":2},"end":{"line":26,"column":14}},"loc":{"start":{"line":26,"column":14},"end":{"line":29,"column":null}}},"2":{"name":"(anonymous_2)","decl":{"start":{"line":34,"column":2},"end":{"line":34,"column":9}},"loc":{"start":{"line":44,"column":8},"end":{"line":54,"column":null}}},"3":{"name":"(anonymous_3)","decl":{"start":{"line":59,"column":2},"end":{"line":59,"column":9}},"loc":{"start":{"line":59,"column":73},"end":{"line":70,"column":null}}},"4":{"name":"(anonymous_4)","decl":{"start":{"line":75,"column":2},"end":{"line":75,"column":9}},"loc":{"start":{"line":75,"column":62},"end":{"line":85,"column":null}}},"5":{"name":"(anonymous_5)","decl":{"start":{"line":90,"column":2},"end":{"line":90,"column":9}},"loc":{"start":{"line":90,"column":52},"end":{"line":102,"column":null}}}},"branchMap":{"0":{"loc":{"start":{"line":63,"column":16},"end":{"line":63,"column":null}},"type":"cond-expr","locations":[{"start":{"line":63,"column":27},"end":{"line":63,"column":38}},{"start":{"line":63,"column":38},"end":{"line":63,"column":null}}]}},"s":{"0":3,"1":1,"2":1,"3":3,"4":0,"5":0,"6":3,"7":16,"8":16,"9":3,"10":0,"11":0,"12":0,"13":3,"14":0,"15":0,"16":0,"17":3,"18":0,"19":0,"20":0},"f":{"0":1,"1":0,"2":16,"3":0,"4":0,"5":0},"b":{"0":[0,0]}}
,"/Users/connor/repos/Practice/workout/Workout/src/redux/activity/activity.slice.ts": {"path":"/Users/connor/repos/Practice/workout/Workout/src/redux/activity/activity.slice.ts","statementMap":{"0":{"start":{"line":11,"column":36},"end":{"line":18,"column":null}},"1":{"start":{"line":20,"column":22},"end":{"line":115,"column":null}},"2":{"start":{"line":25,"column":4},"end":{"line":33,"column":null}},"3":{"start":{"line":28,"column":8},"end":{"line":28,"column":null}},"4":{"start":{"line":29,"column":8},"end":{"line":29,"column":null}},"5":{"start":{"line":30,"column":8},"end":{"line":30,"column":null}},"6":{"start":{"line":31,"column":8},"end":{"line":31,"column":null}},"7":{"start":{"line":34,"column":4},"end":{"line":39,"column":null}},"8":{"start":{"line":35,"column":6},"end":{"line":35,"column":null}},"9":{"start":{"line":36,"column":6},"end":{"line":36,"column":null}},"10":{"start":{"line":37,"column":6},"end":{"line":37,"column":null}},"11":{"start":{"line":38,"column":6},"end":{"line":38,"column":null}},"12":{"start":{"line":40,"column":4},"end":{"line":45,"column":null}},"13":{"start":{"line":41,"column":6},"end":{"line":41,"column":null}},"14":{"start":{"line":42,"column":6},"end":{"line":42,"column":null}},"15":{"start":{"line":43,"column":6},"end":{"line":43,"column":null}},"16":{"start":{"line":44,"column":6},"end":{"line":44,"column":null}},"17":{"start":{"line":46,"column":4},"end":{"line":54,"column":null}},"18":{"start":{"line":49,"column":8},"end":{"line":49,"column":null}},"19":{"start":{"line":50,"column":8},"end":{"line":50,"column":null}},"20":{"start":{"line":51,"column":8},"end":{"line":51,"column":null}},"21":{"start":{"line":52,"column":8},"end":{"line":52,"column":null}},"22":{"start":{"line":55,"column":4},"end":{"line":60,"column":null}},"23":{"start":{"line":56,"column":6},"end":{"line":56,"column":null}},"24":{"start":{"line":57,"column":6},"end":{"line":57,"column":null}},"25":{"start":{"line":58,"column":6},"end":{"line":58,"column":null}},"26":{"start":{"line":59,"column":6},"end":{"line":59,"column":null}},"27":{"start":{"line":61,"column":4},"end":{"line":66,"column":null}},"28":{"start":{"line":62,"column":6},"end":{"line":62,"column":null}},"29":{"start":{"line":63,"column":6},"end":{"line":63,"column":null}},"30":{"start":{"line":64,"column":6},"end":{"line":64,"column":null}},"31":{"start":{"line":65,"column":6},"end":{"line":65,"column":null}},"32":{"start":{"line":67,"column":4},"end":{"line":70,"column":null}},"33":{"start":{"line":68,"column":6},"end":{"line":68,"column":null}},"34":{"start":{"line":69,"column":6},"end":{"line":69,"column":null}},"35":{"start":{"line":71,"column":4},"end":{"line":74,"column":null}},"36":{"start":{"line":72,"column":6},"end":{"line":72,"column":null}},"37":{"start":{"line":73,"column":6},"end":{"line":73,"column":null}},"38":{"start":{"line":75,"column":4},"end":{"line":78,"column":null}},"39":{"start":{"line":76,"column":6},"end":{"line":76,"column":null}},"40":{"start":{"line":77,"column":6},"end":{"line":77,"column":null}},"41":{"start":{"line":79,"column":4},"end":{"line":86,"column":null}},"42":{"start":{"line":82,"column":8},"end":{"line":82,"column":null}},"43":{"start":{"line":83,"column":8},"end":{"line":83,"column":null}},"44":{"start":{"line":84,"column":8},"end":{"line":84,"column":null}},"45":{"start":{"line":87,"column":4},"end":{"line":90,"column":null}},"46":{"start":{"line":88,"column":6},"end":{"line":88,"column":null}},"47":{"start":{"line":89,"column":6},"end":{"line":89,"column":null}},"48":{"start":{"line":91,"column":4},"end":{"line":94,"column":null}},"49":{"start":{"line":92,"column":6},"end":{"line":92,"column":null}},"50":{"start":{"line":93,"column":6},"end":{"line":93,"column":null}},"51":{"start":{"line":95,"column":4},"end":{"line":101,"column":null}},"52":{"start":{"line":96,"column":6},"end":{"line":96,"column":null}},"53":{"start":{"line":97,"column":6},"end":{"line":97,"column":null}},"54":{"start":{"line":98,"column":6},"end":{"line":98,"column":null}},"55":{"start":{"line":99,"column":6},"end":{"line":99,"column":null}},"56":{"start":{"line":100,"column":6},"end":{"line":100,"column":null}},"57":{"start":{"line":102,"column":4},"end":{"line":107,"column":null}},"58":{"start":{"line":103,"column":6},"end":{"line":103,"column":null}},"59":{"start":{"line":104,"column":6},"end":{"line":104,"column":null}},"60":{"start":{"line":105,"column":6},"end":{"line":105,"column":null}},"61":{"start":{"line":106,"column":6},"end":{"line":106,"column":null}},"62":{"start":{"line":108,"column":4},"end":{"line":113,"column":null}},"63":{"start":{"line":109,"column":6},"end":{"line":109,"column":null}},"64":{"start":{"line":110,"column":6},"end":{"line":110,"column":null}},"65":{"start":{"line":111,"column":6},"end":{"line":111,"column":null}},"66":{"start":{"line":112,"column":6},"end":{"line":112,"column":null}}},"fnMap":{"0":{"name":"(anonymous_0)","decl":{"start":{"line":24,"column":17},"end":{"line":24,"column":18}},"loc":{"start":{"line":24,"column":30},"end":{"line":114,"column":null}}},"1":{"name":"(anonymous_1)","decl":{"start":{"line":27,"column":6},"end":{"line":27,"column":7}},"loc":{"start":{"line":27,"column":56},"end":{"line":32,"column":null}}},"2":{"name":"(anonymous_2)","decl":{"start":{"line":34,"column":45},"end":{"line":34,"column":46}},"loc":{"start":{"line":34,"column":56},"end":{"line":39,"column":5}}},"3":{"name":"(anonymous_3)","decl":{"start":{"line":40,"column":46},"end":{"line":40,"column":47}},"loc":{"start":{"line":40,"column":65},"end":{"line":45,"column":5}}},"4":{"name":"(anonymous_4)","decl":{"start":{"line":48,"column":6},"end":{"line":48,"column":7}},"loc":{"start":{"line":48,"column":54},"end":{"line":53,"column":null}}},"5":{"name":"(anonymous_5)","decl":{"start":{"line":55,"column":49},"end":{"line":55,"column":50}},"loc":{"start":{"line":55,"column":60},"end":{"line":60,"column":5}}},"6":{"
[...]
,"/Users/connor/repos/Practice/workout/Workout/src/redux/auth/auth.slice.ts": {"path":"/Users/connor/repos/Practice/workout/Workout/src/redux/auth/auth.slice.ts","statementMap":{"0":{"start":{"line":11,"column":32},"end":{"line":16,"column":null}},"1":{"start":{"line":18,"column":18},"end":{"line":97,"column":null}},"2":{"start":{"line":23,"column":4},"end":{"line":31,"column":null}},"3":{"start":{"line":26,"column":8},"end":{"line":26,"column":null}},"4":{"start":{"line":27,"column":8},"end":{"line":27,"column":null}},"5":{"start":{"line":28,"column":8},"end":{"line":28,"column":null}},"6":{"start":{"line":29,"column":8},"end":{"line":29,"column":null}},"7":{"start":{"line":32,"column":4},"end":{"line":37,"column":null}},"8":{"start":{"line":33,"column":6},"end":{"line":33,"column":null}},"9":{"start":{"line":34,"column":6},"end":{"line":34,"column":null}},"10":{"start":{"line":35,"column":6},"end":{"line":35,"column":null}},"11":{"start":{"line":36,"column":6},"end":{"line":36,"column":null}},"12":{"start":{"line":38,"column":4},"end":{"line":43,"column":null}},"13":{"start":{"line":39,"column":6},"end":{"line":39,"column":null}},"14":{"start":{"line":40,"column":6},"end":{"line":40,"column":null}},"15":{"start":{"line":41,"column":6},"end":{"line":41,"column":null}},"16":{"start":{"line":42,"column":6},"end":{"line":42,"column":null}},"17":{"start":{"line":44,"column":4},"end":{"line":49,"column":null}},"18":{"start":{"line":45,"column":6},"end":{"line":45,"column":null}},"19":{"start":{"line":46,"column":6},"end":{"line":46,"column":null}},"20":{"start":{"line":47,"column":6},"end":{"line":47,"column":null}},"21":{"start":{"line":48,"column":6},"end":{"line":48,"column":null}},"22":{"start":{"line":50,"column":4},"end":{"line":54,"column":null}},"23":{"start":{"line":51,"column":6},"end":{"line":51,"column":null}},"24":{"start":{"line":52,"column":6},"end":{"line":52,"column":null}},"25":{"start":{"line":53,"column":6},"end":{"line":53,"column":null}},"26":{"start":{"line":55,"column":4},"end":{"line":59,"column":null}},"27":{"start":{"line":56,"column":6},"end":{"line":56,"column":null}},"28":{"start":{"line":57,"column":6},"end":{"line":57,"column":null}},"29":{"start":{"line":58,"column":6},"end":{"line":58,"column":null}},"30":{"start":{"line":60,"column":4},"end":{"line":68,"column":null}},"31":{"start":{"line":63,"column":8},"end":{"line":63,"column":null}},"32":{"start":{"line":64,"column":8},"end":{"line":64,"column":null}},"33":{"start":{"line":65,"column":8},"end":{"line":65,"column":null}},"34":{"start":{"line":66,"column":8},"end":{"line":66,"column":null}},"35":{"start":{"line":69,"column":4},"end":{"line":74,"column":null}},"36":{"start":{"line":70,"column":6},"end":{"line":70,"column":null}},"37":{"start":{"line":71,"column":6},"end":{"line":71,"column":null}},"38":{"start":{"line":72,"column":6},"end":{"line":72,"column":null}},"39":{"start":{"line":73,"column":6},"end":{"line":73,"column":null}},"40":{"start":{"line":75,"column":4},"end":{"line":80,"column":null}},"41":{"start":{"line":76,"column":6},"end":{"line":76,"column":null}},"42":{"start":{"line":77,"column":6},"end":{"line":77,"column":null}},"43":{"start":{"line":78,"column":6},"end":{"line":78,"column":null}},"44":{"start":{"line":79,"column":6},"end":{"line":79,"column":null}},"45":{"start":{"line":81,"column":4},"end":{"line":89,"column":null}},"46":{"start":{"line":84,"column":8},"end":{"line":84,"column":null}},"47":{"start":{"line":85,"column":8},"end":{"line":85,"column":null}},"48":{"start":{"line":86,"column":8},"end":{"line":86,"column":null}},"49":{"start":{"line":87,"column":8},"end":{"line":87,"column":null}},"50":{"start":{"line":90,"column":4},"end":{"line":95,"column":null}},"51":{"start":{"line":91,"column":6},"end":{"line":91,"column":null}},"52":{"start":{"line":92,"column":6},"end":{"line":92,"column":null}},"53":{"start":{"line":93,"column":6},"end":{"line":93,"column":null}},"54":{"start":{"line":94,"column":6},"end":{"line":94,"column":null}}},"fnMap":{"0":{"name":"(anonymous_0)","decl":{"start":{"line":22,"column":17},"end":{"line":22,"column":18}},"loc":{"start":{"line":22,"column":30},"end":{"line":96,"column":null}}},"1":{"name":"(anonymous_1)","decl":{"start":{"line":25,"column":6},"end":{"line":25,"column":7}},"loc":{"start":{"line":25,"column":54},"end":{"line":30,"column":null}}},"2":{"name":"(anonymous_2)","decl":{"start":{"line":32,"column":39},"end":{"line":32,"column":40}},"loc":{"start":{"line":32,"column":50},"end":{"line":37,"column":5}}},"3":{"name":"(anonymous_3)","decl":{"start":{"line":38,"column":40},"end":{"line":38,"column":41}},"loc":{"start":{"line":38,"column":59},"end":{"line":43,"column":5}}},"4":{"name":"(anonymous_4)","decl":{"start":{"line":44,"column":42},"end":{"line":44,"column":43}},"loc":{"start":{"line":44,"column":53},"end":{"line":49,"column":5}}},"5":{"name":"(anonymous_5)","decl":{"start":{"line":50,"column":40},"end":{"line":50,"column":41}},"loc":{"start":{"line":50,"column":51},"end":{"line":54,"column":5}}},"6":{"name":"(anonymous_6)","decl":{"start":{"line":55,"column":41},"end":{"line":55,"column":42}},"loc":{"start":{"line":55,"column":60},"end":{"line":59,"column":5}}},"7":{"name":"(anonymous_7)","decl":{"start":{"line":62,"column":6},"end":{"line":62,"column":7}},"loc":{"start":{"line":62,"column":46},"end":{"line":67,"column":null}}},"8":{"name":"(anonymous_8)","decl":{"start":{"line":69,"column":40},"end":{"line":69,"column":41}},"loc":{"start":{"line":69,"column":51},"end":{"line":74,"column":5}}},"9":{"name":"(anonymous_9)","decl":{"start":{"line":75,"column":41},"end":{"line":75,"column":42}},"loc":{"start":{"line":75,"column":60},"end":{"line":80,"column":5}}},"10":{"name":"(anonymous_10)","decl":{"start":{"line":83,"column":6},"end":{"line":83,"column":7}},"loc":{"start":{"line":83,"column":54},"end":{"line":88,"column":null}}},"11":{"name":"(anonymous_11)","decl":{"start":{"line":90,"column":45},"end":{"line":90,"column":46}},"loc":{"start":{"line":90,"column":56},"end":{"line":95,"column":5}}}},"branchMap":{"0":{"loc":{"start":{"line":41,"column":20},"end":{"line":41,"column":null}},"type":"binary-expr","locations":[{"start":{"line":41,"column":20},"end":{"line":41,"column":44}},{"start":{"line":41,"column":44},"end":{"line":41,"column":null}}]},"1":{"loc":{"start":{"line":57,"column":20},"end":{"line":57,"column":null}},"type":"binary-expr","locations":[{"start":{"line":57,"column":20},"end":{"line":57,"column":44}},{"start":{"line":57,"column":44},"end":{"line":57,"column":null}}]},"2":{"loc":{"start":{"line":78,"column":20},"end":{"line":78,"column":null}},"type":"binary-expr","locations":[{"start":{"line":78,"column":20},"end":{"line":78,"column":44}},{"start":{"line":78,"column":44},"end":{"line":78,"column":null}}]},"3":{"loc":{"start":{"line":84,"column":29},"end":{"line":84,"column":null}},"type":"binary-expr","locations":[{"start":{"line":84,"column":29},"end":{"line":84,"column":61}},{"start":{"line":84,"column":61},"end":{"line":84,"column":null}}]}},"s":{"0":0,"1":0,"2":0,"3":0,"4":0,"5":0,"6":0,"7":0,"8":0,"9":0,"10":0,"11":0,"12":0,"13":0,"14":0,"15":0,"16":0,"17":0,"18":0,"19":0,"20":0,"21":0,"22":0,"23":0,"24":0,"25":0,"26":0,"27":0,"28":0,"29":0,"30":0,"31":0,"32":0,"33":0,"34":0,"35":0,"36":0,"37":0,"38":0,"39":0,"40":0,"41":0,"42":0,"43":0,"44":0,"45":0,"46":0,"47":0,"48":0,"49":0,"50":0,"51":0,"52":0,"53":0,"54":0},"f":{"0":0,"1":0,"2":0,"3":0,"4":0,"5":0,"6":0,"7":0,"8":0,"9":0,"10":0,"11":0},"b":{"0":[0,0],"1":[0,0],"2":[0,0],"3":[0,0]}}
,"/Users/connor/repos/Practice/workout/Workout/src/redux/comment/comment.actions.ts": {"path":"/Users/connor/repos/Practice/workout/Workout/src/redux/comment/comment.actions.ts","statementMap":{"0":{"start":{"line":12,"column":26},"end":{"line":33,"column":null}},"1":{"start":{"line":18,"column":18},"end":{"line":18,"column":null}},"2":{"start":{"line":19,"column":4},"end":{"line":31,"column":null}},"3":{"start":{"line":20,"column":18},"end":{"line":27,"column":null}},"4":{"start":{"line":28,"column":6},"end":{"line":28,"column":null}},"5":{"start":{"line":30,"column":6},"end":{"line":30,"column":null}}},"fnMap":{"0":{"name":"(anonymous_0)","decl":{"start":{"line":14,"column":2},"end":{"line":14,"column":null}},"loc":{"start":{"line":17,"column":7},"end":{"line":32,"column":null}}}},"branchMap":{},"s":{"0":1,"1":1,"2":1,"3":1,"4":1,"5":1},"f":{"0":1},"b":{}}
,"/Users/connor/repos/Practice/workout/Workout/src/redux/comment/comment.slice.ts": {"path":"/Users/connor/repos/Practice/workout/Workout/src/redux/comment/comment.slice.ts","statementMap":{"0":{"start":{"line":4,"column":21},"end":{"line":25,"column":null}},"1":{"start":{"line":12,"column":4},"end":{"line":15,"column":null}},"2":{"start":{"line":13,"column":6},"end":{"line":13,"column":null}},"3":{"start":{"line":14,"column":6},"end":{"line":14,"column":null}},"4":{"start":{"line":16,"column":4},"end":{"line":19,"column":null}},"5":{"start":{"line":17,"column":6},"end":{"line":17,"column":null}},"6":{"start":{"line":18,"column":6},"end":{"line":18,"column":null}},"7":{"start":{"line":20,"column":4},"end":{"line":23,"column":null}},"8":{"start":{"line":21,"column":6},"end":{"line":21,"column":null}},"9":{"start":{"line":22,"column":6},"end":{"line":22,"column":null}}},"fnMap":{"0":{"name":"(anonymous_0)","decl":{"start":{"line":11,"column":17},"end":{"line":11,"column":18}},"loc":{"start":{"line":11,"column":30},"end":{"line":24,"column":null}}},"1":{"name":"(anonymous_1)","decl":{"start":{"line":12,"column":42},"end":{"line":12,"column":43}},"loc":{"start":{"line":12,"column":53},"end":{"line":15,"column":5}}},"2":{"name":"(anonymous_2)","decl":{"start":{"line":16,"column":40},"end":{"line":16,"column":41}},"loc":{"start":{"line":16,"column":51},"end":{"line":19,"column":5}}},"3":{"name":"(anonymous_3)","decl":{"start":{"line":20,"column":41},"end":{"line":20,"column":42}},"loc":{"start":{"line":20,"column":60},"end":{"line":23,"column":5}}}},"branchMap":{"0":{"loc":{"start":{"line":21,"column":20},"end":{"line":21,"column":null}},"type":"binary-expr","locations":[{"start":{"line":21,"column":20},"end":{"line":21,"column":44}},{"start":{"line":21,"column":44},"end":{"line":21,"column":null}}]}},"s":{"0":0,"1":0,"2":0,"3":0,"4":0,"5":0,"6":0,"7":0,"8":0,"9":0},"f":{"0":0,"1":0,"2":0,"3":0},"b":{"0":[0,0]}}
,"/Users/connor/repos/Practice/workout/Workout/src/redux/user/user.actions.ts": {"path":"/Users/connor/repos/Practice/workout/Workout/src/redux/user/user.actions.ts","statementMap":{"0":{"start":{"line":5,"column":26},"end":{"line":15,"column":null}},"1":{"start":{"line":8,"column":16},"end":{"line":12,"column":null}},"2":{"start":{"line":13,"column":4},"end":{"line":13,"column":null}},"3":{"start":{"line":17,"column":25},"end":{"line":23,"column":null}},"4":{"start":{"line":20,"column":16},"end":{"line":20,"column":null}},"5":{"start":{"line":21,"column":4},"end":{"line":21,"column":null}},"6":{"start":{"line":25,"column":26},"end":{"line":28,"column":null}},"7":{"start":{"line":26,"column":14},"end":{"line":26,"column":null}},"8":{"start":{"line":27,"column":2},"end":{"line":27,"column":null}}},"fnMap":{"0":{"name":"(anonymous_0)","decl":{"start":{"line":7,"column":2},"end":{"line":7,"column":9}},"loc":{"start":{"line":7,"column":49},"end":{"line":14,"column":null}}},"1":{"name":"(anonymous_1)","decl":{"start":{"line":19,"column":2},"end":{"line":19,"column":9}},"loc":{"start":{"line":19,"column":24},"end":{"line":22,"column":null}}},"2":{"name":"(anonymous_2)","decl":{"start":{"line":25,"column":61},"end":{"line":25,"column":73}},"loc":{"start":{"line":25,"column":73},"end":{"line":28,"column":1}}}},"branchMap":{},"s":{"0":1,"1":0,"2":0,"3":1,"4":4,"5":4,"6":1,"7":0,"8":0},"f":{"0":0,"1":4,"2":0},"b":{}}
,"/Users/connor/repos/Practice/workout/Workout/src/redux/user/user.slice.ts": {"path":"/Users/connor/repos/Practice/workout/Workout/src/redux/user/user.slice.ts","statementMap":{"0":{"start":{"line":6,"column":32},"end":{"line":11,"column":null}},"1":{"start":{"line":13,"column":18},"end":{"line":73,"column":null}},"2":{"start":{"line":18,"column":4},"end":{"line":26,"column":null}},"3":{"start":{"line":21,"column":8},"end":{"line":21,"column":null}},"4":{"start":{"line":22,"column":8},"end":{"line":22,"column":null}},"5":{"start":{"line":23,"column":8},"end":{"line":23,"column":null}},"6":{"start":{"line":24,"column":8},"end":{"line":24,"column":null}},"7":{"start":{"line":27,"column":4},"end":{"line":32,"column":null}},"8":{"start":{"line":28,"column":6},"end":{"line":28,"column":null}},"9":{"start":{"line":29,"column":6},"end":{"line":29,"column":null}},"10":{"start":{"line":30,"column":6},"end":{"line":30,"column":null}},"11":{"start":{"line":31,"column":6},"end":{"line":31,"column":null}},"12":{"start":{"line":33,"column":4},"end":{"line":38,"column":null}},"13":{"start":{"line":34,"column":6},"end":{"line":34,"column":null}},"14":{"start":{"line":35,"column":6},"end":{"line":35,"column":null}},"15":{"start":{"line":36,"column":6},"end":{"line":36,"column":null}},"16":{"start":{"line":37,"column":6},"end":{"line":37,"column":null}},"17":{"start":{"line":39,"column":4},"end":{"line":47,"column":null}},"18":{"start":{"line":42,"column":8},"end":{"line":42,"column":null}},"19":{"start":{"line":43,"column":8},"end":{"line":43,"column":null}},"20":{"start":{"line":44,"column":8},"end":{"line":44,"column":null}},"21":{"start":{"line":45,"column":8},"end":{"line":45,"column":null}},"22":{"start":{"line":48,"column":4},"end":{"line":53,"column":null}},"23":{"start":{"line":49,"column":6},"end":{"line":49,"column":null}},"24":{"start":{"line":50,"column":6},"end":{"line":50,"column":null}},"25":{"start":{"line":51,"column":6},"end":{"line":51,"column":null}},"26":{"start":{"line":52,"column":6},"end":{"line":52,"column":null}},"27":{"start":{"line":54,"column":4},"end":{"line":59,"column":null}},"28":{"start":{"line":55,"column":6},"end":{"line":55,"column":null}},"29":{"start":{"line":56,"column":6},"end":{"line":56,"column":null}},"30":{"start":{"line":57,"column":6},"end":{"line":57,"column":null}},"31":{"start":{"line":58,"column":6},"end":{"line":58,"column":null}},"32":{"start":{"line":60,"column":4},"end":{"line":63,"column":null}},"33":{"start":{"line":61,"column":6},"end":{"line":61,"column":null}},"34":{"start":{"line":62,"column":6},"end":{"line":62,"column":null}},"35":{"start":{"line":64,"column":4},"end":{"line":67,"column":null}},"36":{"start":{"line":65,"column":6},"end":{"line":65,"column":null}},"37":{"start":{"line":66,"column":6},"end":{"line":66,"column":null}},"38":{"start":{"line":68,"column":4},"end":{"line":71,"column":null}},"39":{"start":{"line":69,"column":6},"end":{"line":69,"column":null}},"40":{"start":{"line":70,"column":6},"end":{"line":70,"column":null}}},"fnMap":{"0":{"name":"(anonymous_0)","decl":{"start":{"line":17,"column":17},"end":{"line":17,"column":18}},"loc":{"start":{"line":17,"column":30},"end":{"line":72,"column":null}}},"1":{"name":"(anonymous_1)","decl":{"start":{"line":20,"column":6},"end":{"line":20,"column":7}},"loc":{"start":{"line":20,"column":46},"end":{"line":25,"column":null}}},"2":{"name":"(anonymous_2)","decl":{"start":{"line":27,"column":39},"end":{"line":27,"column":40}},"loc":{"start":{"line":27,"column":50},"end":{"line":32,"column":5}}},"3":{"name":"(anonymous_3)","decl":{"start":{"line":33,"column":40},"end":{"line":33,"column":41}},"loc":{"start":{"line":33,"column":59},"end":{"line":38,"column":5}}},"4":{"name":"(anonymous_4)","decl":{"start":{"line":41,"column":6},"end":{"line":41,"column":7}},"loc":{"start":{"line":41,"column":48},"end":{"line":46,"column":null}}},"5":{"name":"(anonymous_5)","decl":{"start":{"line":48,"column":40},"end":{"line":48,"column":41}},"loc":{"start":{"line":48,"column":51},"end":{"line":53,"column":5}}},"6":{"name":"(anonymous_6)","decl":{"start":{"line":54,"column":41},"end":{"line":54,"column":42}},"loc":{"start":{"line":54,"column":60},"end":{"line":59,"column":5}}},"7":{"name":"(anonymous_7)","decl":{"start":{"line":60,"column":41},"end":{"line":60,"column":42}},"loc":{"start":{"line":60,"column":52},"end":{"line":63,"column":5}}},"8":{"name":"(anonymous_8)","decl":{"start":{"line":64,"column":39},"end":{"line":64,"column":40}},"loc":{"start":{"line":64,"column":50},"end":{"line":67,"column":5}}},"9":{"name":"(anonymous_9)","decl":{"start":{"line":68,"column":40},"end":{"line":68,"column":41}},"loc":{"start":{"line":68,"column":59},"end":{"line":71,"column":5}}}},"branchMap":{"0":{"loc":{"start":{"line":36,"column":20},"end":{"line":36,"column":null}},"type":"binary-expr","locations":[{"start":{"line":36,"column":20},"end":{"line":36,"column":44}},{"start":{"line":36,"column":44},"end":{"line":36,"column":null}}]},"1":{"loc":{"start":{"line":57,"column":20},"end":{"line":57,"column":null}},"type":"binary-expr","locations":[{"start":{"line":57,"column":20},"end":{"line":57,"column":44}},{"start":{"line":57,"column":44},"end":{"line":57,"column":null}}]},"2":{"loc":{"start":{"line":69,"column":20},"end":{"line":69,"column":null}},"type":"binary-expr","locations":[{"start":{"line":69,"column":20},"end":{"line":69,"column":44}},{"start":{"line":69,"column":44},"end":{"line":69,"column":null}}]}},"s":{"0":0,"1":0,"2":0,"3":0,"4":0,"5":0,"6":0,"7":0,"8":0,"9":0,"10":0,"11":0,"12":0,"13":0,"14":0,"15":0,"16":0,"17":0,"18":0,"19":0,"20":0,"21":0,"22":0,"23":0,"24":0,"25":0,"26":0,"27":0,"28":0,"29":0,"30":0,"31":0,"32":0,"33":0,"34":0,"35":0,"36":0,"37":0,"38":0,"39":0,"40":0},"f":{"0":0,"1":0,"2":0,"3":0,"4":0,"5":0,"6":0,"7":0,"8":0,"9":0},"b":{"0":[0,0],"1":[0,0],"2":[0,0]}}
,"/Users/connor/repos/Practice/workout/Workout/src/styles/theme.ts": {"path":"/Users/connor/repos/Practice/workout/Workout/src/styles/theme.ts","statementMap":{"0":{"start":{"line":3,"column":35},"end":{"line":64,"column":null}}},"fnMap":{},"branchMap":{},"s":{"0":0},"f":{},"b":{}}
,"/Users/connor/repos/Practice/workout/Workout/src/utilities/utilities.tsx": {"path":"/Users/connor/repos/Practice/workout/Workout/src/utilities/utilities.tsx","statementMap":{"0":{"start":{"line":7,"column":47},"end":{"line":30,"column":null}},"1":{"start":{"line":8,"column":16},"end":{"line":12,"column":null}},"2":{"start":{"line":10,"column":6},"end":{"line":10,"column":null}},"3":{"start":{"line":11,"column":4},"end":{"line":11,"column":null}},"4":{"start":{"line":14,"column":22},"end":{"line":25,"column":null}},"5":{"start":{"line":15,"column":18},"end":{"line":15,"column":null}},"6":{"start":{"line":16,"column":4},"end":{"line":24,"column":null}},"7":{"start":{"line":17,"column":6},"end":{"line":22,"column":null}},"8":{"start":{"line":27,"column":27},"end":{"line":27,"column":null}},"9":{"start":{"line":29,"column":2},"end":{"line":29,"column":null}}},"fnMap":{"0":{"name":"(anonymous_0)","decl":{"start":{"line":7,"column":47},"end":{"line":7,"column":48}},"loc":{"start":{"line":7,"column":65},"end":{"line":30,"column":null}}},"1":{"name":"(anonymous_1)","decl":{"start":{"line":8,"column":16},"end":{"line":8,"column":17}},"loc":{"start":{"line":8,"column":34},"end":{"line":12,"column":null}}},"2":{"name":"(anonymous_2)","decl":{"start":{"line":14,"column":22},"end":{"line":14,"column":23}},"loc":{"start":{"line":14,"column":40},"end":{"line":25,"column":null}}},"3":{"name":"(anonymous_3)","decl":{"start":{"line":16,"column":21},"end":{"line":16,"column":22}},"loc":{"start":{"line":16,"column":38},"end":{"line":24,"column":5}}}},"branchMap":{"0":{"loc":{"start":{"line":17,"column":13},"end":{"line":22,"column":null}},"type":"cond-expr","locations":[{"start":{"line":18,"column":8},"end":{"line":20,"column":null}},{"start":{"line":22,"column":8},"end":{"line":22,"column":null}}]}},"s":{"0":2,"1":13,"2":13,"3":13,"4":13,"5":13,"6":13,"7":13,"8":13,"9":13},"f":{"0":13,"1":13,"2":13,"3":13},"b":{"0":[0,13]}}
}
